<?xml version="1.0" encoding="UTF-8" standalone="no"?>
<!DOCTYPE log SYSTEM "logger.dtd">
<log>
<record>
  <date>2013-05-29T03:28:25</date>
  <millis>1369823305552</millis>
  <sequence>0</sequence>
  <logger>game1369823305549</logger>
  <level>INFO</level>
  <class>platypus.logging.PlatypusLogger</class>
  <method>getLogger</method>
  <thread>10</thread>
  <message>Added FileHandler to Logger</message>
</record>
<record>
  <date>2013-05-29T03:28:39</date>
  <millis>1369823319157</millis>
  <sequence>2</sequence>
  <logger>game1369823305549</logger>
  <level>INFO</level>
  <class>org.ggp.base.player.gamer.statemachine.PlatypusPlayer.PlatypusPlayer</class>
  <method>stateMachineSelectMove</method>
  <thread>11</thread>
  <message>--------Best Move after Minimiax--------</message>
</record>
<record>
  <date>2013-05-29T03:28:39</date>
  <millis>1369823319157</millis>
  <sequence>3</sequence>
  <logger>game1369823305549</logger>
  <level>INFO</level>
  <class>org.ggp.base.player.gamer.statemachine.PlatypusPlayer.PlatypusPlayer</class>
  <method>stateMachineSelectMove</method>
  <thread>11</thread>
  <message>Sure move is ( drop 4 )</message>
</record>
<record>
  <date>2013-05-29T03:28:39</date>
  <millis>1369823319157</millis>
  <sequence>4</sequence>
  <logger>game1369823305549</logger>
  <level>INFO</level>
  <class>org.ggp.base.player.gamer.statemachine.PlatypusPlayer.PlatypusPlayer</class>
  <method>stateMachineSelectMove</method>
  <thread>11</thread>
  <message>with the sure score of 0.0</message>
</record>
<record>
  <date>2013-05-29T03:28:39</date>
  <millis>1369823319158</millis>
  <sequence>5</sequence>
  <logger>game1369823305549</logger>
  <level>INFO</level>
  <class>org.ggp.base.player.gamer.statemachine.PlatypusPlayer.PlatypusPlayer</class>
  <method>stateMachineSelectMove</method>
  <thread>11</thread>
  <message>Starting Monte Carlo</message>
</record>
<record>
  <date>2013-05-29T03:28:39</date>
  <millis>1369823319158</millis>
  <sequence>6</sequence>
  <logger>game1369823305549</logger>
  <level>INFO</level>
  <class>org.ggp.base.player.gamer.statemachine.PlatypusPlayer.PlatypusPlayer</class>
  <method>stateMachineSelectMove</method>
  <thread>11</thread>
  <message>PAUSING PLATYPUS FOR 9480</message>
</record>
<record>
  <date>2013-05-29T03:28:48</date>
  <millis>1369823328389</millis>
  <sequence>7</sequence>
  <logger>game1369823305549</logger>
  <level>INFO</level>
  <class>players.BryceMonteCarloTreeSearch_NoMiniMax_MultiThreaded</class>
  <method>run</method>
  <thread>12</thread>
  <message>move: ( drop 4 ) value: 61.209133367929425 visited: 1927</message>
</record>
<record>
  <date>2013-05-29T03:28:48</date>
  <millis>1369823328393</millis>
  <sequence>8</sequence>
  <logger>game1369823305549</logger>
  <level>INFO</level>
  <class>players.BryceMonteCarloTreeSearch_NoMiniMax_MultiThreaded</class>
  <method>run</method>
  <thread>12</thread>
  <message>move: ( drop 5 ) value: 61.6394254581476 visited: 2019</message>
</record>
<record>
  <date>2013-05-29T03:28:48</date>
  <millis>1369823328397</millis>
  <sequence>9</sequence>
  <logger>game1369823305549</logger>
  <level>INFO</level>
  <class>players.BryceMonteCarloTreeSearch_NoMiniMax_MultiThreaded</class>
  <method>run</method>
  <thread>12</thread>
  <message>move: ( drop 6 ) value: 56.46583394562821 visited: 1361</message>
</record>
<record>
  <date>2013-05-29T03:28:48</date>
  <millis>1369823328398</millis>
  <sequence>10</sequence>
  <logger>game1369823305549</logger>
  <level>INFO</level>
  <class>players.BryceMonteCarloTreeSearch_NoMiniMax_MultiThreaded</class>
  <method>run</method>
  <thread>12</thread>
  <message>move: ( drop 2 ) value: 54.254422914911544 visited: 1187</message>
</record>
<record>
  <date>2013-05-29T03:28:48</date>
  <millis>1369823328398</millis>
  <sequence>11</sequence>
  <logger>game1369823305549</logger>
  <level>INFO</level>
  <class>players.BryceMonteCarloTreeSearch_NoMiniMax_MultiThreaded</class>
  <method>run</method>
  <thread>12</thread>
  <message>move: ( drop 3 ) value: 57.18816067653277 visited: 1419</message>
</record>
<record>
  <date>2013-05-29T03:28:48</date>
  <millis>1369823328399</millis>
  <sequence>12</sequence>
  <logger>game1369823305549</logger>
  <level>INFO</level>
  <class>players.BryceMonteCarloTreeSearch_NoMiniMax_MultiThreaded</class>
  <method>run</method>
  <thread>12</thread>
  <message>move: ( drop 7 ) value: 54.439834024896264 visited: 1205</message>
</record>
<record>
  <date>2013-05-29T03:28:48</date>
  <millis>1369823328400</millis>
  <sequence>13</sequence>
  <logger>game1369823305549</logger>
  <level>INFO</level>
  <class>players.BryceMonteCarloTreeSearch_NoMiniMax_MultiThreaded</class>
  <method>run</method>
  <thread>12</thread>
  <message>move: ( drop 8 ) value: 52.0039100684262 visited: 1023</message>
</record>
<record>
  <date>2013-05-29T03:28:48</date>
  <millis>1369823328400</millis>
  <sequence>14</sequence>
  <logger>game1369823305549</logger>
  <level>INFO</level>
  <class>players.BryceMonteCarloTreeSearch_NoMiniMax_MultiThreaded</class>
  <method>run</method>
  <thread>12</thread>
  <message>move: ( drop 1 ) value: 51.41129032258065 visited: 992</message>
</record>
<record>
  <date>2013-05-29T03:28:49</date>
  <millis>1369823329638</millis>
  <sequence>15</sequence>
  <logger>game1369823305549</logger>
  <level>INFO</level>
  <class>org.ggp.base.player.gamer.statemachine.PlatypusPlayer.PlatypusPlayer</class>
  <method>stateMachineSelectMove</method>
  <thread>11</thread>
  <message>--------Best Move after Monte Carlo--------</message>
</record>
<record>
  <date>2013-05-29T03:28:49</date>
  <millis>1369823329639</millis>
  <sequence>16</sequence>
  <logger>game1369823305549</logger>
  <level>INFO</level>
  <class>org.ggp.base.player.gamer.statemachine.PlatypusPlayer.PlatypusPlayer</class>
  <method>stateMachineSelectMove</method>
  <thread>11</thread>
  <message>best move: ( drop 5 )</message>
</record>
<record>
  <date>2013-05-29T03:28:52</date>
  <millis>1369823332157</millis>
  <sequence>17</sequence>
  <logger>game1369823305549</logger>
  <level>INFO</level>
  <class>org.ggp.base.player.gamer.statemachine.PlatypusPlayer.PlatypusPlayer</class>
  <method>stateMachineSelectMove</method>
  <thread>11</thread>
  <message>--------Best Move after Minimiax--------</message>
</record>
<record>
  <date>2013-05-29T03:28:52</date>
  <millis>1369823332158</millis>
  <sequence>18</sequence>
  <logger>game1369823305549</logger>
  <level>INFO</level>
  <class>org.ggp.base.player.gamer.statemachine.PlatypusPlayer.PlatypusPlayer</class>
  <method>stateMachineSelectMove</method>
  <thread>11</thread>
  <message>Sure move is ( drop 4 )</message>
</record>
<record>
  <date>2013-05-29T03:28:52</date>
  <millis>1369823332158</millis>
  <sequence>19</sequence>
  <logger>game1369823305549</logger>
  <level>INFO</level>
  <class>org.ggp.base.player.gamer.statemachine.PlatypusPlayer.PlatypusPlayer</class>
  <method>stateMachineSelectMove</method>
  <thread>11</thread>
  <message>with the sure score of 0.0</message>
</record>
<record>
  <date>2013-05-29T03:28:52</date>
  <millis>1369823332158</millis>
  <sequence>20</sequence>
  <logger>game1369823305549</logger>
  <level>INFO</level>
  <class>org.ggp.base.player.gamer.statemachine.PlatypusPlayer.PlatypusPlayer</class>
  <method>stateMachineSelectMove</method>
  <thread>11</thread>
  <message>Starting Monte Carlo</message>
</record>
<record>
  <date>2013-05-29T03:28:52</date>
  <millis>1369823332158</millis>
  <sequence>21</sequence>
  <logger>game1369823305549</logger>
  <level>INFO</level>
  <class>org.ggp.base.player.gamer.statemachine.PlatypusPlayer.PlatypusPlayer</class>
  <method>stateMachineSelectMove</method>
  <thread>11</thread>
  <message>PAUSING PLATYPUS FOR 9497</message>
</record>
<record>
  <date>2013-05-29T03:29:01</date>
  <millis>1369823341406</millis>
  <sequence>22</sequence>
  <logger>game1369823305549</logger>
  <level>INFO</level>
  <class>players.BryceMonteCarloTreeSearch_NoMiniMax_MultiThreaded</class>
  <method>run</method>
  <thread>13</thread>
  <message>move: ( drop 4 ) value: 61.70790585395293 visited: 1657</message>
</record>
<record>
  <date>2013-05-29T03:29:01</date>
  <millis>1369823341410</millis>
  <sequence>23</sequence>
  <logger>game1369823305549</logger>
  <level>INFO</level>
  <class>players.BryceMonteCarloTreeSearch_NoMiniMax_MultiThreaded</class>
  <method>run</method>
  <thread>13</thread>
  <message>move: ( drop 5 ) value: 65.59351730179588 visited: 2283</message>
</record>
<record>
  <date>2013-05-29T03:29:01</date>
  <millis>1369823341413</millis>
  <sequence>24</sequence>
  <logger>game1369823305549</logger>
  <level>INFO</level>
  <class>players.BryceMonteCarloTreeSearch_NoMiniMax_MultiThreaded</class>
  <method>run</method>
  <thread>13</thread>
  <message>move: ( drop 6 ) value: 62.94277929155314 visited: 1835</message>
</record>
<record>
  <date>2013-05-29T03:29:01</date>
  <millis>1369823341414</millis>
  <sequence>25</sequence>
  <logger>game1369823305549</logger>
  <level>INFO</level>
  <class>players.BryceMonteCarloTreeSearch_NoMiniMax_MultiThreaded</class>
  <method>run</method>
  <thread>13</thread>
  <message>move: ( drop 2 ) value: 63.783510369246336 visited: 1977</message>
</record>
<record>
  <date>2013-05-29T03:29:01</date>
  <millis>1369823341415</millis>
  <sequence>26</sequence>
  <logger>game1369823305549</logger>
  <level>INFO</level>
  <class>players.BryceMonteCarloTreeSearch_NoMiniMax_MultiThreaded</class>
  <method>run</method>
  <thread>13</thread>
  <message>move: ( drop 3 ) value: 63.52415966386555 visited: 1904</message>
</record>
<record>
  <date>2013-05-29T03:29:01</date>
  <millis>1369823341415</millis>
  <sequence>27</sequence>
  <logger>game1369823305549</logger>
  <level>INFO</level>
  <class>players.BryceMonteCarloTreeSearch_NoMiniMax_MultiThreaded</class>
  <method>run</method>
  <thread>13</thread>
  <message>move: ( drop 7 ) value: 51.21951219512195 visited: 861</message>
</record>
<record>
  <date>2013-05-29T03:29:01</date>
  <millis>1369823341416</millis>
  <sequence>28</sequence>
  <logger>game1369823305549</logger>
  <level>INFO</level>
  <class>players.BryceMonteCarloTreeSearch_NoMiniMax_MultiThreaded</class>
  <method>run</method>
  <thread>13</thread>
  <message>move: ( drop 8 ) value: 56.45161290322581 visited: 1147</message>
</record>
<record>
  <date>2013-05-29T03:29:01</date>
  <millis>1369823341417</millis>
  <sequence>29</sequence>
  <logger>game1369823305549</logger>
  <level>INFO</level>
  <class>players.BryceMonteCarloTreeSearch_NoMiniMax_MultiThreaded</class>
  <method>run</method>
  <thread>13</thread>
  <message>move: ( drop 1 ) value: 55.81605049594229 visited: 1109</message>
</record>
<record>
  <date>2013-05-29T03:29:02</date>
  <millis>1369823342655</millis>
  <sequence>30</sequence>
  <logger>game1369823305549</logger>
  <level>INFO</level>
  <class>org.ggp.base.player.gamer.statemachine.PlatypusPlayer.PlatypusPlayer</class>
  <method>stateMachineSelectMove</method>
  <thread>11</thread>
  <message>--------Best Move after Monte Carlo--------</message>
</record>
<record>
  <date>2013-05-29T03:29:02</date>
  <millis>1369823342656</millis>
  <sequence>31</sequence>
  <logger>game1369823305549</logger>
  <level>INFO</level>
  <class>org.ggp.base.player.gamer.statemachine.PlatypusPlayer.PlatypusPlayer</class>
  <method>stateMachineSelectMove</method>
  <thread>11</thread>
  <message>best move: ( drop 5 )</message>
</record>
<record>
  <date>2013-05-29T03:29:05</date>
  <millis>1369823345180</millis>
  <sequence>32</sequence>
  <logger>game1369823305549</logger>
  <level>INFO</level>
  <class>org.ggp.base.player.gamer.statemachine.PlatypusPlayer.PlatypusPlayer</class>
  <method>stateMachineSelectMove</method>
  <thread>11</thread>
  <message>--------Best Move after Minimiax--------</message>
</record>
<record>
  <date>2013-05-29T03:29:05</date>
  <millis>1369823345180</millis>
  <sequence>33</sequence>
  <logger>game1369823305549</logger>
  <level>INFO</level>
  <class>org.ggp.base.player.gamer.statemachine.PlatypusPlayer.PlatypusPlayer</class>
  <method>stateMachineSelectMove</method>
  <thread>11</thread>
  <message>Sure move is ( drop 4 )</message>
</record>
<record>
  <date>2013-05-29T03:29:05</date>
  <millis>1369823345180</millis>
  <sequence>34</sequence>
  <logger>game1369823305549</logger>
  <level>INFO</level>
  <class>org.ggp.base.player.gamer.statemachine.PlatypusPlayer.PlatypusPlayer</class>
  <method>stateMachineSelectMove</method>
  <thread>11</thread>
  <message>with the sure score of 0.0</message>
</record>
<record>
  <date>2013-05-29T03:29:05</date>
  <millis>1369823345180</millis>
  <sequence>35</sequence>
  <logger>game1369823305549</logger>
  <level>INFO</level>
  <class>org.ggp.base.player.gamer.statemachine.PlatypusPlayer.PlatypusPlayer</class>
  <method>stateMachineSelectMove</method>
  <thread>11</thread>
  <message>Starting Monte Carlo</message>
</record>
<record>
  <date>2013-05-29T03:29:05</date>
  <millis>1369823345180</millis>
  <sequence>36</sequence>
  <logger>game1369823305549</logger>
  <level>INFO</level>
  <class>org.ggp.base.player.gamer.statemachine.PlatypusPlayer.PlatypusPlayer</class>
  <method>stateMachineSelectMove</method>
  <thread>11</thread>
  <message>PAUSING PLATYPUS FOR 9498</message>
</record>
<record>
  <date>2013-05-29T03:29:14</date>
  <millis>1369823354430</millis>
  <sequence>37</sequence>
  <logger>game1369823305549</logger>
  <level>INFO</level>
  <class>players.BryceMonteCarloTreeSearch_NoMiniMax_MultiThreaded</class>
  <method>run</method>
  <thread>14</thread>
  <message>move: ( drop 4 ) value: 71.31367292225201 visited: 1865</message>
</record>
<record>
  <date>2013-05-29T03:29:14</date>
  <millis>1369823354433</millis>
  <sequence>38</sequence>
  <logger>game1369823305549</logger>
  <level>INFO</level>
  <class>players.BryceMonteCarloTreeSearch_NoMiniMax_MultiThreaded</class>
  <method>run</method>
  <thread>14</thread>
  <message>move: ( drop 5 ) value: 79.76658476658477 visited: 4070</message>
</record>
<record>
  <date>2013-05-29T03:29:14</date>
  <millis>1369823354437</millis>
  <sequence>39</sequence>
  <logger>game1369823305549</logger>
  <level>INFO</level>
  <class>players.BryceMonteCarloTreeSearch_NoMiniMax_MultiThreaded</class>
  <method>run</method>
  <thread>14</thread>
  <message>move: ( drop 6 ) value: 69.82035928143712 visited: 1670</message>
</record>
<record>
  <date>2013-05-29T03:29:14</date>
  <millis>1369823354437</millis>
  <sequence>40</sequence>
  <logger>game1369823305549</logger>
  <level>INFO</level>
  <class>players.BryceMonteCarloTreeSearch_NoMiniMax_MultiThreaded</class>
  <method>run</method>
  <thread>14</thread>
  <message>move: ( drop 2 ) value: 73.54014598540147 visited: 2192</message>
</record>
<record>
  <date>2013-05-29T03:29:14</date>
  <millis>1369823354438</millis>
  <sequence>41</sequence>
  <logger>game1369823305549</logger>
  <level>INFO</level>
  <class>players.BryceMonteCarloTreeSearch_NoMiniMax_MultiThreaded</class>
  <method>run</method>
  <thread>14</thread>
  <message>move: ( drop 3 ) value: 73.65190705830776 visited: 2281</message>
</record>
<record>
  <date>2013-05-29T03:29:14</date>
  <millis>1369823354439</millis>
  <sequence>42</sequence>
  <logger>game1369823305549</logger>
  <level>INFO</level>
  <class>players.BryceMonteCarloTreeSearch_NoMiniMax_MultiThreaded</class>
  <method>run</method>
  <thread>14</thread>
  <message>move: ( drop 7 ) value: 62.08625877632899 visited: 997</message>
</record>
<record>
  <date>2013-05-29T03:29:14</date>
  <millis>1369823354439</millis>
  <sequence>43</sequence>
  <logger>game1369823305549</logger>
  <level>INFO</level>
  <class>players.BryceMonteCarloTreeSearch_NoMiniMax_MultiThreaded</class>
  <method>run</method>
  <thread>14</thread>
  <message>move: ( drop 8 ) value: 63.15055762081784 visited: 1076</message>
</record>
<record>
  <date>2013-05-29T03:29:14</date>
  <millis>1369823354440</millis>
  <sequence>44</sequence>
  <logger>game1369823305549</logger>
  <level>INFO</level>
  <class>players.BryceMonteCarloTreeSearch_NoMiniMax_MultiThreaded</class>
  <method>run</method>
  <thread>14</thread>
  <message>move: ( drop 1 ) value: 64.98729889923793 visited: 1181</message>
</record>
<record>
  <date>2013-05-29T03:29:15</date>
  <millis>1369823355679</millis>
  <sequence>45</sequence>
  <logger>game1369823305549</logger>
  <level>INFO</level>
  <class>org.ggp.base.player.gamer.statemachine.PlatypusPlayer.PlatypusPlayer</class>
  <method>stateMachineSelectMove</method>
  <thread>11</thread>
  <message>--------Best Move after Monte Carlo--------</message>
</record>
<record>
  <date>2013-05-29T03:29:15</date>
  <millis>1369823355679</millis>
  <sequence>46</sequence>
  <logger>game1369823305549</logger>
  <level>INFO</level>
  <class>org.ggp.base.player.gamer.statemachine.PlatypusPlayer.PlatypusPlayer</class>
  <method>stateMachineSelectMove</method>
  <thread>11</thread>
  <message>best move: ( drop 5 )</message>
</record>
<record>
  <date>2013-05-29T03:29:18</date>
  <millis>1369823358204</millis>
  <sequence>47</sequence>
  <logger>game1369823305549</logger>
  <level>INFO</level>
  <class>org.ggp.base.player.gamer.statemachine.PlatypusPlayer.PlatypusPlayer</class>
  <method>stateMachineSelectMove</method>
  <thread>11</thread>
  <message>--------Best Move after Minimiax--------</message>
</record>
<record>
  <date>2013-05-29T03:29:18</date>
  <millis>1369823358204</millis>
  <sequence>48</sequence>
  <logger>game1369823305549</logger>
  <level>INFO</level>
  <class>org.ggp.base.player.gamer.statemachine.PlatypusPlayer.PlatypusPlayer</class>
  <method>stateMachineSelectMove</method>
  <thread>11</thread>
  <message>Sure move is ( drop 5 )</message>
</record>
<record>
  <date>2013-05-29T03:29:18</date>
  <millis>1369823358204</millis>
  <sequence>49</sequence>
  <logger>game1369823305549</logger>
  <level>INFO</level>
  <class>org.ggp.base.player.gamer.statemachine.PlatypusPlayer.PlatypusPlayer</class>
  <method>stateMachineSelectMove</method>
  <thread>11</thread>
  <message>with the sure score of 0.0</message>
</record>
<record>
  <date>2013-05-29T03:29:18</date>
  <millis>1369823358204</millis>
  <sequence>50</sequence>
  <logger>game1369823305549</logger>
  <level>INFO</level>
  <class>org.ggp.base.player.gamer.statemachine.PlatypusPlayer.PlatypusPlayer</class>
  <method>stateMachineSelectMove</method>
  <thread>11</thread>
  <message>Starting Monte Carlo</message>
</record>
<record>
  <date>2013-05-29T03:29:18</date>
  <millis>1369823358205</millis>
  <sequence>51</sequence>
  <logger>game1369823305549</logger>
  <level>INFO</level>
  <class>org.ggp.base.player.gamer.statemachine.PlatypusPlayer.PlatypusPlayer</class>
  <method>stateMachineSelectMove</method>
  <thread>11</thread>
  <message>PAUSING PLATYPUS FOR 9497</message>
</record>
<record>
  <date>2013-05-29T03:29:27</date>
  <millis>1369823367453</millis>
  <sequence>52</sequence>
  <logger>game1369823305549</logger>
  <level>INFO</level>
  <class>players.BryceMonteCarloTreeSearch_NoMiniMax_MultiThreaded</class>
  <method>run</method>
  <thread>15</thread>
  <message>move: ( drop 4 ) value: 78.61970828886517 visited: 2811</message>
</record>
<record>
  <date>2013-05-29T03:29:27</date>
  <millis>1369823367457</millis>
  <sequence>53</sequence>
  <logger>game1369823305549</logger>
  <level>INFO</level>
  <class>players.BryceMonteCarloTreeSearch_NoMiniMax_MultiThreaded</class>
  <method>run</method>
  <thread>15</thread>
  <message>move: ( drop 5 ) value: 100.0 visited: 214797</message>
</record>
<record>
  <date>2013-05-29T03:29:27</date>
  <millis>1369823367458</millis>
  <sequence>54</sequence>
  <logger>game1369823305549</logger>
  <level>INFO</level>
  <class>players.BryceMonteCarloTreeSearch_NoMiniMax_MultiThreaded</class>
  <method>run</method>
  <thread>15</thread>
  <message>move: ( drop 6 ) value: 75.70390554041781 visited: 2202</message>
</record>
<record>
  <date>2013-05-29T03:29:27</date>
  <millis>1369823367458</millis>
  <sequence>55</sequence>
  <logger>game1369823305549</logger>
  <level>INFO</level>
  <class>players.BryceMonteCarloTreeSearch_NoMiniMax_MultiThreaded</class>
  <method>run</method>
  <thread>15</thread>
  <message>move: ( drop 2 ) value: 73.24584895554365 visited: 1867</message>
</record>
<record>
  <date>2013-05-29T03:29:27</date>
  <millis>1369823367459</millis>
  <sequence>56</sequence>
  <logger>game1369823305549</logger>
  <level>INFO</level>
  <class>players.BryceMonteCarloTreeSearch_NoMiniMax_MultiThreaded</class>
  <method>run</method>
  <thread>15</thread>
  <message>move: ( drop 3 ) value: 78.99930747922437 visited: 2888</message>
</record>
<record>
  <date>2013-05-29T03:29:27</date>
  <millis>1369823367460</millis>
  <sequence>57</sequence>
  <logger>game1369823305549</logger>
  <level>INFO</level>
  <class>players.BryceMonteCarloTreeSearch_NoMiniMax_MultiThreaded</class>
  <method>run</method>
  <thread>15</thread>
  <message>move: ( drop 7 ) value: 70.14925373134328 visited: 1541</message>
</record>
<record>
  <date>2013-05-29T03:29:27</date>
  <millis>1369823367460</millis>
  <sequence>58</sequence>
  <logger>game1369823305549</logger>
  <level>INFO</level>
  <class>players.BryceMonteCarloTreeSearch_NoMiniMax_MultiThreaded</class>
  <method>run</method>
  <thread>15</thread>
  <message>move: ( drop 8 ) value: 68.91701828410689 visited: 1422</message>
</record>
<record>
  <date>2013-05-29T03:29:27</date>
  <millis>1369823367461</millis>
  <sequence>59</sequence>
  <logger>game1369823305549</logger>
  <level>INFO</level>
  <class>players.BryceMonteCarloTreeSearch_NoMiniMax_MultiThreaded</class>
  <method>run</method>
  <thread>15</thread>
  <message>move: ( drop 1 ) value: 71.50473933649289 visited: 1688</message>
</record>
<record>
  <date>2013-05-29T03:29:28</date>
  <millis>1369823368702</millis>
  <sequence>60</sequence>
  <logger>game1369823305549</logger>
  <level>INFO</level>
  <class>org.ggp.base.player.gamer.statemachine.PlatypusPlayer.PlatypusPlayer</class>
  <method>stateMachineSelectMove</method>
  <thread>11</thread>
  <message>--------Best Move after Monte Carlo--------</message>
</record>
<record>
  <date>2013-05-29T03:29:28</date>
  <millis>1369823368703</millis>
  <sequence>61</sequence>
  <logger>game1369823305549</logger>
  <level>INFO</level>
  <class>org.ggp.base.player.gamer.statemachine.PlatypusPlayer.PlatypusPlayer</class>
  <method>stateMachineSelectMove</method>
  <thread>11</thread>
  <message>best move: ( drop 5 )</message>
</record>
</log>
