<?xml version="1.0" encoding="UTF-8" standalone="no"?>
<!DOCTYPE log SYSTEM "logger.dtd">
<log>
<record>
  <date>2013-05-19T15:16:08</date>
  <millis>1369001768412</millis>
  <sequence>0</sequence>
  <logger>game1369001768409</logger>
  <level>INFO</level>
  <class>platypus.logging.PlatypusLogger</class>
  <method>getLogger</method>
  <thread>10</thread>
  <message>Added FileHandler to Logger</message>
</record>
<record>
  <date>2013-05-19T15:16:25</date>
  <millis>1369001785579</millis>
  <sequence>1</sequence>
  <logger>game1369001768409</logger>
  <level>INFO</level>
  <class>org.ggp.base.player.gamer.statemachine.PlatypusPlayer.PlatypusPlayer</class>
  <method>stateMachineSelectMove</method>
  <thread>11</thread>
  <message>--------Best Move after Minimiax--------</message>
</record>
<record>
  <date>2013-05-19T15:16:25</date>
  <millis>1369001785580</millis>
  <sequence>2</sequence>
  <logger>game1369001768409</logger>
  <level>INFO</level>
  <class>org.ggp.base.player.gamer.statemachine.PlatypusPlayer.PlatypusPlayer</class>
  <method>stateMachineSelectMove</method>
  <thread>11</thread>
  <message>sure move is null: Minimax did not result in anything</message>
</record>
<record>
  <date>2013-05-19T15:16:25</date>
  <millis>1369001785581</millis>
  <sequence>3</sequence>
  <logger>game1369001768409</logger>
  <level>INFO</level>
  <class>org.ggp.base.player.gamer.statemachine.PlatypusPlayer.PlatypusPlayer</class>
  <method>stateMachineSelectMove</method>
  <thread>11</thread>
  <message>Starting Monte Carlo</message>
</record>
<record>
  <date>2013-05-19T15:16:25</date>
  <millis>1369001785581</millis>
  <sequence>4</sequence>
  <logger>game1369001768409</logger>
  <level>INFO</level>
  <class>org.ggp.base.player.gamer.statemachine.PlatypusPlayer.PlatypusPlayer</class>
  <method>stateMachineSelectMove</method>
  <thread>11</thread>
  <message>PAUSING PLATYPUS FOR 9462</message>
</record>
</log>
