<?xml version="1.0" encoding="UTF-8" standalone="no"?>
<!DOCTYPE log SYSTEM "logger.dtd">
<log>
<record>
  <date>2013-05-29T03:16:24</date>
  <millis>1369822584824</millis>
  <sequence>1</sequence>
  <logger>game1369822584824</logger>
  <level>INFO</level>
  <class>platypus.logging.PlatypusLogger</class>
  <method>getLogger</method>
  <thread>10</thread>
  <message>Added FileHandler to Logger</message>
</record>
<record>
  <date>2013-05-29T03:19:51</date>
  <millis>1369822791168</millis>
  <sequence>137</sequence>
  <logger>game1369822584824</logger>
  <level>INFO</level>
  <class>org.ggp.base.player.gamer.statemachine.PlatypusPlayer.CopyOfPlatypusPlayer</class>
  <method>stateMachineSelectMove</method>
  <thread>21</thread>
  <message>--------Best Move after Minimiax--------</message>
</record>
<record>
  <date>2013-05-29T03:19:51</date>
  <millis>1369822791169</millis>
  <sequence>138</sequence>
  <logger>game1369822584824</logger>
  <level>INFO</level>
  <class>org.ggp.base.player.gamer.statemachine.PlatypusPlayer.CopyOfPlatypusPlayer</class>
  <method>stateMachineSelectMove</method>
  <thread>21</thread>
  <message>Sure move is ( drop 6 )</message>
</record>
<record>
  <date>2013-05-29T03:19:51</date>
  <millis>1369822791169</millis>
  <sequence>139</sequence>
  <logger>game1369822584824</logger>
  <level>INFO</level>
  <class>org.ggp.base.player.gamer.statemachine.PlatypusPlayer.CopyOfPlatypusPlayer</class>
  <method>stateMachineSelectMove</method>
  <thread>21</thread>
  <message>with the sure score of 0.0</message>
</record>
<record>
  <date>2013-05-29T03:19:51</date>
  <millis>1369822791169</millis>
  <sequence>140</sequence>
  <logger>game1369822584824</logger>
  <level>INFO</level>
  <class>org.ggp.base.player.gamer.statemachine.PlatypusPlayer.CopyOfPlatypusPlayer</class>
  <method>stateMachineSelectMove</method>
  <thread>21</thread>
  <message>Starting Monte Carlo</message>
</record>
<record>
  <date>2013-05-29T03:19:51</date>
  <millis>1369822791169</millis>
  <sequence>141</sequence>
  <logger>game1369822584824</logger>
  <level>INFO</level>
  <class>org.ggp.base.player.gamer.statemachine.PlatypusPlayer.CopyOfPlatypusPlayer</class>
  <method>stateMachineSelectMove</method>
  <thread>21</thread>
  <message>PAUSING PLATYPUS FOR 9495</message>
</record>
<record>
  <date>2013-05-29T03:20:00</date>
  <millis>1369822800666</millis>
  <sequence>142</sequence>
  <logger>game1369822584824</logger>
  <level>INFO</level>
  <class>players.BryceMonteCarloTreeSearch_NoMiniMax</class>
  <method>run</method>
  <thread>22</thread>
  <message>move: ( drop 6 ) value: 48.22134387351779 visited: 506</message>
</record>
<record>
  <date>2013-05-29T03:20:00</date>
  <millis>1369822800667</millis>
  <sequence>143</sequence>
  <logger>game1369822584824</logger>
  <level>INFO</level>
  <class>players.BryceMonteCarloTreeSearch_NoMiniMax</class>
  <method>run</method>
  <thread>22</thread>
  <message>move: ( drop 2 ) value: 40.6 visited: 250</message>
</record>
<record>
  <date>2013-05-29T03:20:00</date>
  <millis>1369822800668</millis>
  <sequence>144</sequence>
  <logger>game1369822584824</logger>
  <level>INFO</level>
  <class>players.BryceMonteCarloTreeSearch_NoMiniMax</class>
  <method>run</method>
  <thread>22</thread>
  <message>move: ( drop 7 ) value: 46.55581947743468 visited: 421</message>
</record>
<record>
  <date>2013-05-29T03:20:00</date>
  <millis>1369822800668</millis>
  <sequence>145</sequence>
  <logger>game1369822584824</logger>
  <level>INFO</level>
  <class>players.BryceMonteCarloTreeSearch_NoMiniMax</class>
  <method>run</method>
  <thread>22</thread>
  <message>move: ( drop 1 ) value: 42.142857142857146 visited: 280</message>
</record>
<record>
  <date>2013-05-29T03:20:00</date>
  <millis>1369822800668</millis>
  <sequence>146</sequence>
  <logger>game1369822584824</logger>
  <level>INFO</level>
  <class>players.BryceMonteCarloTreeSearch_NoMiniMax</class>
  <method>run</method>
  <thread>22</thread>
  <message>move: ( drop 3 ) value: 40.32921810699588 visited: 243</message>
</record>
<record>
  <date>2013-05-29T03:20:00</date>
  <millis>1369822800668</millis>
  <sequence>147</sequence>
  <logger>game1369822584824</logger>
  <level>INFO</level>
  <class>players.BryceMonteCarloTreeSearch_NoMiniMax</class>
  <method>run</method>
  <thread>22</thread>
  <message>move: ( drop 4 ) value: 47.95918367346939 visited: 490</message>
</record>
<record>
  <date>2013-05-29T03:20:00</date>
  <millis>1369822800669</millis>
  <sequence>148</sequence>
  <logger>game1369822584824</logger>
  <level>INFO</level>
  <class>players.BryceMonteCarloTreeSearch_NoMiniMax</class>
  <method>run</method>
  <thread>22</thread>
  <message>move: ( drop 8 ) value: 39.473684210526315 visited: 228</message>
</record>
<record>
  <date>2013-05-29T03:20:00</date>
  <millis>1369822800669</millis>
  <sequence>149</sequence>
  <logger>game1369822584824</logger>
  <level>INFO</level>
  <class>players.BryceMonteCarloTreeSearch_NoMiniMax</class>
  <method>run</method>
  <thread>22</thread>
  <message>move: ( drop 5 ) value: 50.79825834542816 visited: 689</message>
</record>
<record>
  <date>2013-05-29T03:20:01</date>
  <millis>1369822801665</millis>
  <sequence>150</sequence>
  <logger>game1369822584824</logger>
  <level>INFO</level>
  <class>org.ggp.base.player.gamer.statemachine.PlatypusPlayer.CopyOfPlatypusPlayer</class>
  <method>stateMachineSelectMove</method>
  <thread>21</thread>
  <message>--------Best Move after Monte Carlo--------</message>
</record>
<record>
  <date>2013-05-29T03:20:01</date>
  <millis>1369822801665</millis>
  <sequence>151</sequence>
  <logger>game1369822584824</logger>
  <level>INFO</level>
  <class>org.ggp.base.player.gamer.statemachine.PlatypusPlayer.CopyOfPlatypusPlayer</class>
  <method>stateMachineSelectMove</method>
  <thread>21</thread>
  <message>best move: ( drop 5 )</message>
</record>
<record>
  <date>2013-05-29T03:20:17</date>
  <millis>1369822817190</millis>
  <sequence>167</sequence>
  <logger>game1369822584824</logger>
  <level>INFO</level>
  <class>org.ggp.base.player.gamer.statemachine.PlatypusPlayer.CopyOfPlatypusPlayer</class>
  <method>stateMachineSelectMove</method>
  <thread>21</thread>
  <message>--------Best Move after Minimiax--------</message>
</record>
<record>
  <date>2013-05-29T03:20:17</date>
  <millis>1369822817190</millis>
  <sequence>168</sequence>
  <logger>game1369822584824</logger>
  <level>INFO</level>
  <class>org.ggp.base.player.gamer.statemachine.PlatypusPlayer.CopyOfPlatypusPlayer</class>
  <method>stateMachineSelectMove</method>
  <thread>21</thread>
  <message>Sure move is ( drop 6 )</message>
</record>
<record>
  <date>2013-05-29T03:20:17</date>
  <millis>1369822817190</millis>
  <sequence>169</sequence>
  <logger>game1369822584824</logger>
  <level>INFO</level>
  <class>org.ggp.base.player.gamer.statemachine.PlatypusPlayer.CopyOfPlatypusPlayer</class>
  <method>stateMachineSelectMove</method>
  <thread>21</thread>
  <message>with the sure score of 0.0</message>
</record>
<record>
  <date>2013-05-29T03:20:17</date>
  <millis>1369822817191</millis>
  <sequence>170</sequence>
  <logger>game1369822584824</logger>
  <level>INFO</level>
  <class>org.ggp.base.player.gamer.statemachine.PlatypusPlayer.CopyOfPlatypusPlayer</class>
  <method>stateMachineSelectMove</method>
  <thread>21</thread>
  <message>Starting Monte Carlo</message>
</record>
<record>
  <date>2013-05-29T03:20:17</date>
  <millis>1369822817191</millis>
  <sequence>171</sequence>
  <logger>game1369822584824</logger>
  <level>INFO</level>
  <class>org.ggp.base.player.gamer.statemachine.PlatypusPlayer.CopyOfPlatypusPlayer</class>
  <method>stateMachineSelectMove</method>
  <thread>21</thread>
  <message>PAUSING PLATYPUS FOR 9495</message>
</record>
<record>
  <date>2013-05-29T03:20:26</date>
  <millis>1369822826687</millis>
  <sequence>172</sequence>
  <logger>game1369822584824</logger>
  <level>INFO</level>
  <class>players.BryceMonteCarloTreeSearch_NoMiniMax</class>
  <method>run</method>
  <thread>24</thread>
  <message>move: ( drop 6 ) value: 53.84615384615385 visited: 390</message>
</record>
<record>
  <date>2013-05-29T03:20:26</date>
  <millis>1369822826688</millis>
  <sequence>173</sequence>
  <logger>game1369822584824</logger>
  <level>INFO</level>
  <class>players.BryceMonteCarloTreeSearch_NoMiniMax</class>
  <method>run</method>
  <thread>24</thread>
  <message>move: ( drop 2 ) value: 51.829268292682926 visited: 328</message>
</record>
<record>
  <date>2013-05-29T03:20:26</date>
  <millis>1369822826689</millis>
  <sequence>174</sequence>
  <logger>game1369822584824</logger>
  <level>INFO</level>
  <class>players.BryceMonteCarloTreeSearch_NoMiniMax</class>
  <method>run</method>
  <thread>24</thread>
  <message>move: ( drop 7 ) value: 47.391304347826086 visited: 230</message>
</record>
<record>
  <date>2013-05-29T03:20:26</date>
  <millis>1369822826689</millis>
  <sequence>175</sequence>
  <logger>game1369822584824</logger>
  <level>INFO</level>
  <class>players.BryceMonteCarloTreeSearch_NoMiniMax</class>
  <method>run</method>
  <thread>24</thread>
  <message>move: ( drop 1 ) value: 55.16483516483517 visited: 455</message>
</record>
<record>
  <date>2013-05-29T03:20:26</date>
  <millis>1369822826690</millis>
  <sequence>176</sequence>
  <logger>game1369822584824</logger>
  <level>INFO</level>
  <class>players.BryceMonteCarloTreeSearch_NoMiniMax</class>
  <method>run</method>
  <thread>24</thread>
  <message>move: ( drop 3 ) value: 53.79746835443038 visited: 395</message>
</record>
<record>
  <date>2013-05-29T03:20:26</date>
  <millis>1369822826690</millis>
  <sequence>177</sequence>
  <logger>game1369822584824</logger>
  <level>INFO</level>
  <class>players.BryceMonteCarloTreeSearch_NoMiniMax</class>
  <method>run</method>
  <thread>24</thread>
  <message>move: ( drop 4 ) value: 61.18012422360248 visited: 966</message>
</record>
<record>
  <date>2013-05-29T03:20:26</date>
  <millis>1369822826691</millis>
  <sequence>178</sequence>
  <logger>game1369822584824</logger>
  <level>INFO</level>
  <class>players.BryceMonteCarloTreeSearch_NoMiniMax</class>
  <method>run</method>
  <thread>24</thread>
  <message>move: ( drop 8 ) value: 46.22641509433962 visited: 212</message>
</record>
<record>
  <date>2013-05-29T03:20:26</date>
  <millis>1369822826692</millis>
  <sequence>179</sequence>
  <logger>game1369822584824</logger>
  <level>INFO</level>
  <class>players.BryceMonteCarloTreeSearch_NoMiniMax</class>
  <method>run</method>
  <thread>24</thread>
  <message>move: ( drop 5 ) value: 57.68595041322314 visited: 605</message>
</record>
<record>
  <date>2013-05-29T03:20:27</date>
  <millis>1369822827686</millis>
  <sequence>180</sequence>
  <logger>game1369822584824</logger>
  <level>INFO</level>
  <class>org.ggp.base.player.gamer.statemachine.PlatypusPlayer.CopyOfPlatypusPlayer</class>
  <method>stateMachineSelectMove</method>
  <thread>21</thread>
  <message>--------Best Move after Monte Carlo--------</message>
</record>
<record>
  <date>2013-05-29T03:20:27</date>
  <millis>1369822827687</millis>
  <sequence>181</sequence>
  <logger>game1369822584824</logger>
  <level>INFO</level>
  <class>org.ggp.base.player.gamer.statemachine.PlatypusPlayer.CopyOfPlatypusPlayer</class>
  <method>stateMachineSelectMove</method>
  <thread>21</thread>
  <message>best move: ( drop 4 )</message>
</record>
<record>
  <date>2013-05-29T03:20:43</date>
  <millis>1369822843217</millis>
  <sequence>197</sequence>
  <logger>game1369822584824</logger>
  <level>INFO</level>
  <class>org.ggp.base.player.gamer.statemachine.PlatypusPlayer.CopyOfPlatypusPlayer</class>
  <method>stateMachineSelectMove</method>
  <thread>21</thread>
  <message>--------Best Move after Minimiax--------</message>
</record>
<record>
  <date>2013-05-29T03:20:43</date>
  <millis>1369822843217</millis>
  <sequence>198</sequence>
  <logger>game1369822584824</logger>
  <level>INFO</level>
  <class>org.ggp.base.player.gamer.statemachine.PlatypusPlayer.CopyOfPlatypusPlayer</class>
  <method>stateMachineSelectMove</method>
  <thread>21</thread>
  <message>Sure move is ( drop 6 )</message>
</record>
<record>
  <date>2013-05-29T03:20:43</date>
  <millis>1369822843217</millis>
  <sequence>199</sequence>
  <logger>game1369822584824</logger>
  <level>INFO</level>
  <class>org.ggp.base.player.gamer.statemachine.PlatypusPlayer.CopyOfPlatypusPlayer</class>
  <method>stateMachineSelectMove</method>
  <thread>21</thread>
  <message>with the sure score of 0.0</message>
</record>
<record>
  <date>2013-05-29T03:20:43</date>
  <millis>1369822843218</millis>
  <sequence>200</sequence>
  <logger>game1369822584824</logger>
  <level>INFO</level>
  <class>org.ggp.base.player.gamer.statemachine.PlatypusPlayer.CopyOfPlatypusPlayer</class>
  <method>stateMachineSelectMove</method>
  <thread>21</thread>
  <message>Starting Monte Carlo</message>
</record>
<record>
  <date>2013-05-29T03:20:43</date>
  <millis>1369822843218</millis>
  <sequence>201</sequence>
  <logger>game1369822584824</logger>
  <level>INFO</level>
  <class>org.ggp.base.player.gamer.statemachine.PlatypusPlayer.CopyOfPlatypusPlayer</class>
  <method>stateMachineSelectMove</method>
  <thread>21</thread>
  <message>PAUSING PLATYPUS FOR 9495</message>
</record>
<record>
  <date>2013-05-29T03:20:52</date>
  <millis>1369822852713</millis>
  <sequence>202</sequence>
  <logger>game1369822584824</logger>
  <level>INFO</level>
  <class>players.BryceMonteCarloTreeSearch_NoMiniMax</class>
  <method>run</method>
  <thread>26</thread>
  <message>move: ( drop 6 ) value: 58.998144712430424 visited: 539</message>
</record>
<record>
  <date>2013-05-29T03:20:52</date>
  <millis>1369822852714</millis>
  <sequence>203</sequence>
  <logger>game1369822584824</logger>
  <level>INFO</level>
  <class>players.BryceMonteCarloTreeSearch_NoMiniMax</class>
  <method>run</method>
  <thread>26</thread>
  <message>move: ( drop 2 ) value: 50.607287449392715 visited: 247</message>
</record>
<record>
  <date>2013-05-29T03:20:52</date>
  <millis>1369822852715</millis>
  <sequence>204</sequence>
  <logger>game1369822584824</logger>
  <level>INFO</level>
  <class>players.BryceMonteCarloTreeSearch_NoMiniMax</class>
  <method>run</method>
  <thread>26</thread>
  <message>move: ( drop 7 ) value: 53.166666666666664 visited: 300</message>
</record>
<record>
  <date>2013-05-29T03:20:52</date>
  <millis>1369822852715</millis>
  <sequence>205</sequence>
  <logger>game1369822584824</logger>
  <level>INFO</level>
  <class>players.BryceMonteCarloTreeSearch_NoMiniMax</class>
  <method>run</method>
  <thread>26</thread>
  <message>move: ( drop 1 ) value: 40.90909090909091 visited: 132</message>
</record>
<record>
  <date>2013-05-29T03:20:52</date>
  <millis>1369822852715</millis>
  <sequence>206</sequence>
  <logger>game1369822584824</logger>
  <level>INFO</level>
  <class>players.BryceMonteCarloTreeSearch_NoMiniMax</class>
  <method>run</method>
  <thread>26</thread>
  <message>move: ( drop 3 ) value: 55.319148936170215 visited: 329</message>
</record>
<record>
  <date>2013-05-29T03:20:52</date>
  <millis>1369822852715</millis>
  <sequence>207</sequence>
  <logger>game1369822584824</logger>
  <level>INFO</level>
  <class>players.BryceMonteCarloTreeSearch_NoMiniMax</class>
  <method>run</method>
  <thread>26</thread>
  <message>move: ( drop 4 ) value: 63.13513513513514 visited: 925</message>
</record>
<record>
  <date>2013-05-29T03:20:52</date>
  <millis>1369822852716</millis>
  <sequence>208</sequence>
  <logger>game1369822584824</logger>
  <level>INFO</level>
  <class>players.BryceMonteCarloTreeSearch_NoMiniMax</class>
  <method>run</method>
  <thread>26</thread>
  <message>move: ( drop 8 ) value: 58.00415800415801 visited: 481</message>
</record>
<record>
  <date>2013-05-29T03:20:52</date>
  <millis>1369822852717</millis>
  <sequence>209</sequence>
  <logger>game1369822584824</logger>
  <level>INFO</level>
  <class>players.BryceMonteCarloTreeSearch_NoMiniMax</class>
  <method>run</method>
  <thread>26</thread>
  <message>move: ( drop 5 ) value: 58.6073500967118 visited: 517</message>
</record>
<record>
  <date>2013-05-29T03:20:53</date>
  <millis>1369822853713</millis>
  <sequence>210</sequence>
  <logger>game1369822584824</logger>
  <level>INFO</level>
  <class>org.ggp.base.player.gamer.statemachine.PlatypusPlayer.CopyOfPlatypusPlayer</class>
  <method>stateMachineSelectMove</method>
  <thread>21</thread>
  <message>--------Best Move after Monte Carlo--------</message>
</record>
<record>
  <date>2013-05-29T03:20:53</date>
  <millis>1369822853714</millis>
  <sequence>211</sequence>
  <logger>game1369822584824</logger>
  <level>INFO</level>
  <class>org.ggp.base.player.gamer.statemachine.PlatypusPlayer.CopyOfPlatypusPlayer</class>
  <method>stateMachineSelectMove</method>
  <thread>21</thread>
  <message>best move: ( drop 4 )</message>
</record>
<record>
  <date>2013-05-29T03:21:09</date>
  <millis>1369822869242</millis>
  <sequence>227</sequence>
  <logger>game1369822584824</logger>
  <level>INFO</level>
  <class>org.ggp.base.player.gamer.statemachine.PlatypusPlayer.CopyOfPlatypusPlayer</class>
  <method>stateMachineSelectMove</method>
  <thread>21</thread>
  <message>--------Best Move after Minimiax--------</message>
</record>
<record>
  <date>2013-05-29T03:21:09</date>
  <millis>1369822869242</millis>
  <sequence>228</sequence>
  <logger>game1369822584824</logger>
  <level>INFO</level>
  <class>org.ggp.base.player.gamer.statemachine.PlatypusPlayer.CopyOfPlatypusPlayer</class>
  <method>stateMachineSelectMove</method>
  <thread>21</thread>
  <message>Sure move is ( drop 6 )</message>
</record>
<record>
  <date>2013-05-29T03:21:09</date>
  <millis>1369822869242</millis>
  <sequence>229</sequence>
  <logger>game1369822584824</logger>
  <level>INFO</level>
  <class>org.ggp.base.player.gamer.statemachine.PlatypusPlayer.CopyOfPlatypusPlayer</class>
  <method>stateMachineSelectMove</method>
  <thread>21</thread>
  <message>with the sure score of 0.0</message>
</record>
<record>
  <date>2013-05-29T03:21:09</date>
  <millis>1369822869242</millis>
  <sequence>230</sequence>
  <logger>game1369822584824</logger>
  <level>INFO</level>
  <class>org.ggp.base.player.gamer.statemachine.PlatypusPlayer.CopyOfPlatypusPlayer</class>
  <method>stateMachineSelectMove</method>
  <thread>21</thread>
  <message>Starting Monte Carlo</message>
</record>
<record>
  <date>2013-05-29T03:21:09</date>
  <millis>1369822869242</millis>
  <sequence>231</sequence>
  <logger>game1369822584824</logger>
  <level>INFO</level>
  <class>org.ggp.base.player.gamer.statemachine.PlatypusPlayer.CopyOfPlatypusPlayer</class>
  <method>stateMachineSelectMove</method>
  <thread>21</thread>
  <message>PAUSING PLATYPUS FOR 9497</message>
</record>
<record>
  <date>2013-05-29T03:21:18</date>
  <millis>1369822878740</millis>
  <sequence>232</sequence>
  <logger>game1369822584824</logger>
  <level>INFO</level>
  <class>players.BryceMonteCarloTreeSearch_NoMiniMax</class>
  <method>run</method>
  <thread>28</thread>
  <message>move: ( drop 6 ) value: 53.333333333333336 visited: 150</message>
</record>
<record>
  <date>2013-05-29T03:21:18</date>
  <millis>1369822878741</millis>
  <sequence>233</sequence>
  <logger>game1369822584824</logger>
  <level>INFO</level>
  <class>players.BryceMonteCarloTreeSearch_NoMiniMax</class>
  <method>run</method>
  <thread>28</thread>
  <message>move: ( drop 2 ) value: 57.635467980295566 visited: 203</message>
</record>
<record>
  <date>2013-05-29T03:21:18</date>
  <millis>1369822878742</millis>
  <sequence>234</sequence>
  <logger>game1369822584824</logger>
  <level>INFO</level>
  <class>players.BryceMonteCarloTreeSearch_NoMiniMax</class>
  <method>run</method>
  <thread>28</thread>
  <message>move: ( drop 7 ) value: 46.601941747572816 visited: 103</message>
</record>
<record>
  <date>2013-05-29T03:21:18</date>
  <millis>1369822878743</millis>
  <sequence>235</sequence>
  <logger>game1369822584824</logger>
  <level>INFO</level>
  <class>players.BryceMonteCarloTreeSearch_NoMiniMax</class>
  <method>run</method>
  <thread>28</thread>
  <message>move: ( drop 1 ) value: 51.492537313432834 visited: 134</message>
</record>
<record>
  <date>2013-05-29T03:21:18</date>
  <millis>1369822878743</millis>
  <sequence>236</sequence>
  <logger>game1369822584824</logger>
  <level>INFO</level>
  <class>players.BryceMonteCarloTreeSearch_NoMiniMax</class>
  <method>run</method>
  <thread>28</thread>
  <message>move: ( drop 3 ) value: 42.52873563218391 visited: 87</message>
</record>
<record>
  <date>2013-05-29T03:21:18</date>
  <millis>1369822878743</millis>
  <sequence>237</sequence>
  <logger>game1369822584824</logger>
  <level>INFO</level>
  <class>players.BryceMonteCarloTreeSearch_NoMiniMax</class>
  <method>run</method>
  <thread>28</thread>
  <message>move: ( drop 4 ) value: 88.53672004417449 visited: 9055</message>
</record>
<record>
  <date>2013-05-29T03:21:18</date>
  <millis>1369822878744</millis>
  <sequence>238</sequence>
  <logger>game1369822584824</logger>
  <level>INFO</level>
  <class>players.BryceMonteCarloTreeSearch_NoMiniMax</class>
  <method>run</method>
  <thread>28</thread>
  <message>move: ( drop 8 ) value: 57.36040609137056 visited: 197</message>
</record>
<record>
  <date>2013-05-29T03:21:18</date>
  <millis>1369822878744</millis>
  <sequence>239</sequence>
  <logger>game1369822584824</logger>
  <level>INFO</level>
  <class>players.BryceMonteCarloTreeSearch_NoMiniMax</class>
  <method>run</method>
  <thread>28</thread>
  <message>move: ( drop 5 ) value: 55.02958579881657 visited: 169</message>
</record>
<record>
  <date>2013-05-29T03:21:19</date>
  <millis>1369822879740</millis>
  <sequence>240</sequence>
  <logger>game1369822584824</logger>
  <level>INFO</level>
  <class>org.ggp.base.player.gamer.statemachine.PlatypusPlayer.CopyOfPlatypusPlayer</class>
  <method>stateMachineSelectMove</method>
  <thread>21</thread>
  <message>--------Best Move after Monte Carlo--------</message>
</record>
<record>
  <date>2013-05-29T03:21:19</date>
  <millis>1369822879740</millis>
  <sequence>241</sequence>
  <logger>game1369822584824</logger>
  <level>INFO</level>
  <class>org.ggp.base.player.gamer.statemachine.PlatypusPlayer.CopyOfPlatypusPlayer</class>
  <method>stateMachineSelectMove</method>
  <thread>21</thread>
  <message>best move: ( drop 4 )</message>
</record>
<record>
  <date>2013-05-29T03:21:35</date>
  <millis>1369822895270</millis>
  <sequence>257</sequence>
  <logger>game1369822584824</logger>
  <level>INFO</level>
  <class>org.ggp.base.player.gamer.statemachine.PlatypusPlayer.CopyOfPlatypusPlayer</class>
  <method>stateMachineSelectMove</method>
  <thread>21</thread>
  <message>--------Best Move after Minimiax--------</message>
</record>
<record>
  <date>2013-05-29T03:21:35</date>
  <millis>1369822895270</millis>
  <sequence>258</sequence>
  <logger>game1369822584824</logger>
  <level>INFO</level>
  <class>org.ggp.base.player.gamer.statemachine.PlatypusPlayer.CopyOfPlatypusPlayer</class>
  <method>stateMachineSelectMove</method>
  <thread>21</thread>
  <message>Sure move is ( drop 6 )</message>
</record>
<record>
  <date>2013-05-29T03:21:35</date>
  <millis>1369822895270</millis>
  <sequence>259</sequence>
  <logger>game1369822584824</logger>
  <level>INFO</level>
  <class>org.ggp.base.player.gamer.statemachine.PlatypusPlayer.CopyOfPlatypusPlayer</class>
  <method>stateMachineSelectMove</method>
  <thread>21</thread>
  <message>with the sure score of 0.0</message>
</record>
<record>
  <date>2013-05-29T03:21:35</date>
  <millis>1369822895270</millis>
  <sequence>260</sequence>
  <logger>game1369822584824</logger>
  <level>INFO</level>
  <class>org.ggp.base.player.gamer.statemachine.PlatypusPlayer.CopyOfPlatypusPlayer</class>
  <method>stateMachineSelectMove</method>
  <thread>21</thread>
  <message>Starting Monte Carlo</message>
</record>
<record>
  <date>2013-05-29T03:21:35</date>
  <millis>1369822895271</millis>
  <sequence>261</sequence>
  <logger>game1369822584824</logger>
  <level>INFO</level>
  <class>org.ggp.base.player.gamer.statemachine.PlatypusPlayer.CopyOfPlatypusPlayer</class>
  <method>stateMachineSelectMove</method>
  <thread>21</thread>
  <message>PAUSING PLATYPUS FOR 9496</message>
</record>
<record>
  <date>2013-05-29T03:21:44</date>
  <millis>1369822904769</millis>
  <sequence>262</sequence>
  <logger>game1369822584824</logger>
  <level>INFO</level>
  <class>players.BryceMonteCarloTreeSearch_NoMiniMax</class>
  <method>run</method>
  <thread>30</thread>
  <message>move: ( drop 6 ) value: 54.59363957597173 visited: 566</message>
</record>
<record>
  <date>2013-05-29T03:21:44</date>
  <millis>1369822904770</millis>
  <sequence>263</sequence>
  <logger>game1369822584824</logger>
  <level>INFO</level>
  <class>players.BryceMonteCarloTreeSearch_NoMiniMax</class>
  <method>run</method>
  <thread>30</thread>
  <message>move: ( drop 2 ) value: 50.67385444743935 visited: 371</message>
</record>
<record>
  <date>2013-05-29T03:21:44</date>
  <millis>1369822904770</millis>
  <sequence>264</sequence>
  <logger>game1369822584824</logger>
  <level>INFO</level>
  <class>players.BryceMonteCarloTreeSearch_NoMiniMax</class>
  <method>run</method>
  <thread>30</thread>
  <message>move: ( drop 7 ) value: 47.27272727272727 visited: 275</message>
</record>
<record>
  <date>2013-05-29T03:21:44</date>
  <millis>1369822904770</millis>
  <sequence>265</sequence>
  <logger>game1369822584824</logger>
  <level>INFO</level>
  <class>players.BryceMonteCarloTreeSearch_NoMiniMax</class>
  <method>run</method>
  <thread>30</thread>
  <message>move: ( drop 1 ) value: 50.92348284960422 visited: 379</message>
</record>
<record>
  <date>2013-05-29T03:21:44</date>
  <millis>1369822904771</millis>
  <sequence>266</sequence>
  <logger>game1369822584824</logger>
  <level>INFO</level>
  <class>players.BryceMonteCarloTreeSearch_NoMiniMax</class>
  <method>run</method>
  <thread>30</thread>
  <message>move: ( drop 3 ) value: 52.572706935123044 visited: 447</message>
</record>
<record>
  <date>2013-05-29T03:21:44</date>
  <millis>1369822904771</millis>
  <sequence>267</sequence>
  <logger>game1369822584824</logger>
  <level>INFO</level>
  <class>players.BryceMonteCarloTreeSearch_NoMiniMax</class>
  <method>run</method>
  <thread>30</thread>
  <message>move: ( drop 4 ) value: 44.39461883408072 visited: 223</message>
</record>
<record>
  <date>2013-05-29T03:21:44</date>
  <millis>1369822904771</millis>
  <sequence>268</sequence>
  <logger>game1369822584824</logger>
  <level>INFO</level>
  <class>players.BryceMonteCarloTreeSearch_NoMiniMax</class>
  <method>run</method>
  <thread>30</thread>
  <message>move: ( drop 8 ) value: 53.93474088291747 visited: 521</message>
</record>
<record>
  <date>2013-05-29T03:21:44</date>
  <millis>1369822904771</millis>
  <sequence>269</sequence>
  <logger>game1369822584824</logger>
  <level>INFO</level>
  <class>players.BryceMonteCarloTreeSearch_NoMiniMax</class>
  <method>run</method>
  <thread>30</thread>
  <message>move: ( drop 5 ) value: 58.06264501160093 visited: 862</message>
</record>
<record>
  <date>2013-05-29T03:21:45</date>
  <millis>1369822905767</millis>
  <sequence>270</sequence>
  <logger>game1369822584824</logger>
  <level>INFO</level>
  <class>org.ggp.base.player.gamer.statemachine.PlatypusPlayer.CopyOfPlatypusPlayer</class>
  <method>stateMachineSelectMove</method>
  <thread>21</thread>
  <message>--------Best Move after Monte Carlo--------</message>
</record>
<record>
  <date>2013-05-29T03:21:45</date>
  <millis>1369822905767</millis>
  <sequence>271</sequence>
  <logger>game1369822584824</logger>
  <level>INFO</level>
  <class>org.ggp.base.player.gamer.statemachine.PlatypusPlayer.CopyOfPlatypusPlayer</class>
  <method>stateMachineSelectMove</method>
  <thread>21</thread>
  <message>best move: ( drop 5 )</message>
</record>
<record>
  <date>2013-05-29T03:22:01</date>
  <millis>1369822921299</millis>
  <sequence>287</sequence>
  <logger>game1369822584824</logger>
  <level>INFO</level>
  <class>org.ggp.base.player.gamer.statemachine.PlatypusPlayer.CopyOfPlatypusPlayer</class>
  <method>stateMachineSelectMove</method>
  <thread>21</thread>
  <message>--------Best Move after Minimiax--------</message>
</record>
<record>
  <date>2013-05-29T03:22:01</date>
  <millis>1369822921299</millis>
  <sequence>288</sequence>
  <logger>game1369822584824</logger>
  <level>INFO</level>
  <class>org.ggp.base.player.gamer.statemachine.PlatypusPlayer.CopyOfPlatypusPlayer</class>
  <method>stateMachineSelectMove</method>
  <thread>21</thread>
  <message>Sure move is ( drop 6 )</message>
</record>
<record>
  <date>2013-05-29T03:22:01</date>
  <millis>1369822921299</millis>
  <sequence>289</sequence>
  <logger>game1369822584824</logger>
  <level>INFO</level>
  <class>org.ggp.base.player.gamer.statemachine.PlatypusPlayer.CopyOfPlatypusPlayer</class>
  <method>stateMachineSelectMove</method>
  <thread>21</thread>
  <message>with the sure score of 0.0</message>
</record>
<record>
  <date>2013-05-29T03:22:01</date>
  <millis>1369822921299</millis>
  <sequence>290</sequence>
  <logger>game1369822584824</logger>
  <level>INFO</level>
  <class>org.ggp.base.player.gamer.statemachine.PlatypusPlayer.CopyOfPlatypusPlayer</class>
  <method>stateMachineSelectMove</method>
  <thread>21</thread>
  <message>Starting Monte Carlo</message>
</record>
<record>
  <date>2013-05-29T03:22:01</date>
  <millis>1369822921299</millis>
  <sequence>291</sequence>
  <logger>game1369822584824</logger>
  <level>INFO</level>
  <class>org.ggp.base.player.gamer.statemachine.PlatypusPlayer.CopyOfPlatypusPlayer</class>
  <method>stateMachineSelectMove</method>
  <thread>21</thread>
  <message>PAUSING PLATYPUS FOR 9495</message>
</record>
<record>
  <date>2013-05-29T03:22:10</date>
  <millis>1369822930796</millis>
  <sequence>292</sequence>
  <logger>game1369822584824</logger>
  <level>INFO</level>
  <class>players.BryceMonteCarloTreeSearch_NoMiniMax</class>
  <method>run</method>
  <thread>32</thread>
  <message>move: ( drop 6 ) value: 54.59363957597173 visited: 283</message>
</record>
<record>
  <date>2013-05-29T03:22:10</date>
  <millis>1369822930798</millis>
  <sequence>293</sequence>
  <logger>game1369822584824</logger>
  <level>INFO</level>
  <class>players.BryceMonteCarloTreeSearch_NoMiniMax</class>
  <method>run</method>
  <thread>32</thread>
  <message>move: ( drop 2 ) value: 67.93203181489515 visited: 1383</message>
</record>
<record>
  <date>2013-05-29T03:22:10</date>
  <millis>1369822930799</millis>
  <sequence>294</sequence>
  <logger>game1369822584824</logger>
  <level>INFO</level>
  <class>players.BryceMonteCarloTreeSearch_NoMiniMax</class>
  <method>run</method>
  <thread>32</thread>
  <message>move: ( drop 7 ) value: 55.83596214511041 visited: 317</message>
</record>
<record>
  <date>2013-05-29T03:22:10</date>
  <millis>1369822930799</millis>
  <sequence>295</sequence>
  <logger>game1369822584824</logger>
  <level>INFO</level>
  <class>players.BryceMonteCarloTreeSearch_NoMiniMax</class>
  <method>run</method>
  <thread>32</thread>
  <message>move: ( drop 1 ) value: 55.40983606557377 visited: 305</message>
</record>
<record>
  <date>2013-05-29T03:22:10</date>
  <millis>1369822930799</millis>
  <sequence>296</sequence>
  <logger>game1369822584824</logger>
  <level>INFO</level>
  <class>players.BryceMonteCarloTreeSearch_NoMiniMax</class>
  <method>run</method>
  <thread>32</thread>
  <message>move: ( drop 3 ) value: 58.29145728643216 visited: 398</message>
</record>
<record>
  <date>2013-05-29T03:22:10</date>
  <millis>1369822930800</millis>
  <sequence>297</sequence>
  <logger>game1369822584824</logger>
  <level>INFO</level>
  <class>players.BryceMonteCarloTreeSearch_NoMiniMax</class>
  <method>run</method>
  <thread>32</thread>
  <message>move: ( drop 4 ) value: 58.51851851851852 visited: 405</message>
</record>
<record>
  <date>2013-05-29T03:22:10</date>
  <millis>1369822930800</millis>
  <sequence>298</sequence>
  <logger>game1369822584824</logger>
  <level>INFO</level>
  <class>players.BryceMonteCarloTreeSearch_NoMiniMax</class>
  <method>run</method>
  <thread>32</thread>
  <message>move: ( drop 8 ) value: 55.42763157894737 visited: 304</message>
</record>
<record>
  <date>2013-05-29T03:22:10</date>
  <millis>1369822930800</millis>
  <sequence>299</sequence>
  <logger>game1369822584824</logger>
  <level>INFO</level>
  <class>players.BryceMonteCarloTreeSearch_NoMiniMax</class>
  <method>run</method>
  <thread>32</thread>
  <message>move: ( drop 5 ) value: 62.55961844197138 visited: 629</message>
</record>
<record>
  <date>2013-05-29T03:22:11</date>
  <millis>1369822931795</millis>
  <sequence>300</sequence>
  <logger>game1369822584824</logger>
  <level>INFO</level>
  <class>org.ggp.base.player.gamer.statemachine.PlatypusPlayer.CopyOfPlatypusPlayer</class>
  <method>stateMachineSelectMove</method>
  <thread>21</thread>
  <message>--------Best Move after Monte Carlo--------</message>
</record>
<record>
  <date>2013-05-29T03:22:11</date>
  <millis>1369822931795</millis>
  <sequence>301</sequence>
  <logger>game1369822584824</logger>
  <level>INFO</level>
  <class>org.ggp.base.player.gamer.statemachine.PlatypusPlayer.CopyOfPlatypusPlayer</class>
  <method>stateMachineSelectMove</method>
  <thread>21</thread>
  <message>best move: ( drop 2 )</message>
</record>
<record>
  <date>2013-05-29T03:22:27</date>
  <millis>1369822947337</millis>
  <sequence>317</sequence>
  <logger>game1369822584824</logger>
  <level>INFO</level>
  <class>org.ggp.base.player.gamer.statemachine.PlatypusPlayer.CopyOfPlatypusPlayer</class>
  <method>stateMachineSelectMove</method>
  <thread>21</thread>
  <message>--------Best Move after Minimiax--------</message>
</record>
<record>
  <date>2013-05-29T03:22:27</date>
  <millis>1369822947338</millis>
  <sequence>318</sequence>
  <logger>game1369822584824</logger>
  <level>INFO</level>
  <class>org.ggp.base.player.gamer.statemachine.PlatypusPlayer.CopyOfPlatypusPlayer</class>
  <method>stateMachineSelectMove</method>
  <thread>21</thread>
  <message>Sure move is ( drop 6 )</message>
</record>
<record>
  <date>2013-05-29T03:22:27</date>
  <millis>1369822947338</millis>
  <sequence>319</sequence>
  <logger>game1369822584824</logger>
  <level>INFO</level>
  <class>org.ggp.base.player.gamer.statemachine.PlatypusPlayer.CopyOfPlatypusPlayer</class>
  <method>stateMachineSelectMove</method>
  <thread>21</thread>
  <message>with the sure score of 0.0</message>
</record>
<record>
  <date>2013-05-29T03:22:27</date>
  <millis>1369822947338</millis>
  <sequence>320</sequence>
  <logger>game1369822584824</logger>
  <level>INFO</level>
  <class>org.ggp.base.player.gamer.statemachine.PlatypusPlayer.CopyOfPlatypusPlayer</class>
  <method>stateMachineSelectMove</method>
  <thread>21</thread>
  <message>Starting Monte Carlo</message>
</record>
<record>
  <date>2013-05-29T03:22:27</date>
  <millis>1369822947338</millis>
  <sequence>321</sequence>
  <logger>game1369822584824</logger>
  <level>INFO</level>
  <class>org.ggp.base.player.gamer.statemachine.PlatypusPlayer.CopyOfPlatypusPlayer</class>
  <method>stateMachineSelectMove</method>
  <thread>21</thread>
  <message>PAUSING PLATYPUS FOR 9495</message>
</record>
<record>
  <date>2013-05-29T03:22:36</date>
  <millis>1369822956834</millis>
  <sequence>322</sequence>
  <logger>game1369822584824</logger>
  <level>INFO</level>
  <class>players.BryceMonteCarloTreeSearch_NoMiniMax</class>
  <method>run</method>
  <thread>34</thread>
  <message>move: ( drop 6 ) value: 64.30678466076697 visited: 339</message>
</record>
<record>
  <date>2013-05-29T03:22:36</date>
  <millis>1369822956835</millis>
  <sequence>323</sequence>
  <logger>game1369822584824</logger>
  <level>INFO</level>
  <class>players.BryceMonteCarloTreeSearch_NoMiniMax</class>
  <method>run</method>
  <thread>34</thread>
  <message>move: ( drop 2 ) value: 72.80898876404494 visited: 890</message>
</record>
<record>
  <date>2013-05-29T03:22:36</date>
  <millis>1369822956836</millis>
  <sequence>324</sequence>
  <logger>game1369822584824</logger>
  <level>INFO</level>
  <class>players.BryceMonteCarloTreeSearch_NoMiniMax</class>
  <method>run</method>
  <thread>34</thread>
  <message>move: ( drop 7 ) value: 58.56481481481482 visited: 216</message>
</record>
<record>
  <date>2013-05-29T03:22:36</date>
  <millis>1369822956837</millis>
  <sequence>325</sequence>
  <logger>game1369822584824</logger>
  <level>INFO</level>
  <class>players.BryceMonteCarloTreeSearch_NoMiniMax</class>
  <method>run</method>
  <thread>34</thread>
  <message>move: ( drop 1 ) value: 54.76190476190476 visited: 168</message>
</record>
<record>
  <date>2013-05-29T03:22:36</date>
  <millis>1369822956837</millis>
  <sequence>326</sequence>
  <logger>game1369822584824</logger>
  <level>INFO</level>
  <class>players.BryceMonteCarloTreeSearch_NoMiniMax</class>
  <method>run</method>
  <thread>34</thread>
  <message>move: ( drop 3 ) value: 76.52645861601086 visited: 1474</message>
</record>
<record>
  <date>2013-05-29T03:22:36</date>
  <millis>1369822956838</millis>
  <sequence>327</sequence>
  <logger>game1369822584824</logger>
  <level>INFO</level>
  <class>players.BryceMonteCarloTreeSearch_NoMiniMax</class>
  <method>run</method>
  <thread>34</thread>
  <message>move: ( drop 4 ) value: 64.78873239436619 visited: 355</message>
</record>
<record>
  <date>2013-05-29T03:22:36</date>
  <millis>1369822956838</millis>
  <sequence>328</sequence>
  <logger>game1369822584824</logger>
  <level>INFO</level>
  <class>players.BryceMonteCarloTreeSearch_NoMiniMax</class>
  <method>run</method>
  <thread>34</thread>
  <message>move: ( drop 8 ) value: 67.36263736263736 visited: 455</message>
</record>
<record>
  <date>2013-05-29T03:22:36</date>
  <millis>1369822956838</millis>
  <sequence>329</sequence>
  <logger>game1369822584824</logger>
  <level>INFO</level>
  <class>players.BryceMonteCarloTreeSearch_NoMiniMax</class>
  <method>run</method>
  <thread>34</thread>
  <message>move: ( drop 5 ) value: 66.2621359223301 visited: 412</message>
</record>
<record>
  <date>2013-05-29T03:22:37</date>
  <millis>1369822957833</millis>
  <sequence>330</sequence>
  <logger>game1369822584824</logger>
  <level>INFO</level>
  <class>org.ggp.base.player.gamer.statemachine.PlatypusPlayer.CopyOfPlatypusPlayer</class>
  <method>stateMachineSelectMove</method>
  <thread>21</thread>
  <message>--------Best Move after Monte Carlo--------</message>
</record>
<record>
  <date>2013-05-29T03:22:37</date>
  <millis>1369822957834</millis>
  <sequence>331</sequence>
  <logger>game1369822584824</logger>
  <level>INFO</level>
  <class>org.ggp.base.player.gamer.statemachine.PlatypusPlayer.CopyOfPlatypusPlayer</class>
  <method>stateMachineSelectMove</method>
  <thread>21</thread>
  <message>best move: ( drop 3 )</message>
</record>
<record>
  <date>2013-05-29T03:22:53</date>
  <millis>1369822973365</millis>
  <sequence>347</sequence>
  <logger>game1369822584824</logger>
  <level>INFO</level>
  <class>org.ggp.base.player.gamer.statemachine.PlatypusPlayer.CopyOfPlatypusPlayer</class>
  <method>stateMachineSelectMove</method>
  <thread>21</thread>
  <message>--------Best Move after Minimiax--------</message>
</record>
<record>
  <date>2013-05-29T03:22:53</date>
  <millis>1369822973366</millis>
  <sequence>348</sequence>
  <logger>game1369822584824</logger>
  <level>INFO</level>
  <class>org.ggp.base.player.gamer.statemachine.PlatypusPlayer.CopyOfPlatypusPlayer</class>
  <method>stateMachineSelectMove</method>
  <thread>21</thread>
  <message>Sure move is ( drop 6 )</message>
</record>
<record>
  <date>2013-05-29T03:22:53</date>
  <millis>1369822973366</millis>
  <sequence>349</sequence>
  <logger>game1369822584824</logger>
  <level>INFO</level>
  <class>org.ggp.base.player.gamer.statemachine.PlatypusPlayer.CopyOfPlatypusPlayer</class>
  <method>stateMachineSelectMove</method>
  <thread>21</thread>
  <message>with the sure score of 0.0</message>
</record>
<record>
  <date>2013-05-29T03:22:53</date>
  <millis>1369822973366</millis>
  <sequence>350</sequence>
  <logger>game1369822584824</logger>
  <level>INFO</level>
  <class>org.ggp.base.player.gamer.statemachine.PlatypusPlayer.CopyOfPlatypusPlayer</class>
  <method>stateMachineSelectMove</method>
  <thread>21</thread>
  <message>Starting Monte Carlo</message>
</record>
<record>
  <date>2013-05-29T03:22:53</date>
  <millis>1369822973366</millis>
  <sequence>351</sequence>
  <logger>game1369822584824</logger>
  <level>INFO</level>
  <class>org.ggp.base.player.gamer.statemachine.PlatypusPlayer.CopyOfPlatypusPlayer</class>
  <method>stateMachineSelectMove</method>
  <thread>21</thread>
  <message>PAUSING PLATYPUS FOR 9496</message>
</record>
<record>
  <date>2013-05-29T03:23:02</date>
  <millis>1369822982863</millis>
  <sequence>352</sequence>
  <logger>game1369822584824</logger>
  <level>INFO</level>
  <class>players.BryceMonteCarloTreeSearch_NoMiniMax</class>
  <method>run</method>
  <thread>36</thread>
  <message>move: ( drop 6 ) value: 61.799065420560744 visited: 428</message>
</record>
<record>
  <date>2013-05-29T03:23:02</date>
  <millis>1369822982864</millis>
  <sequence>353</sequence>
  <logger>game1369822584824</logger>
  <level>INFO</level>
  <class>players.BryceMonteCarloTreeSearch_NoMiniMax</class>
  <method>run</method>
  <thread>36</thread>
  <message>move: ( drop 2 ) value: 63.83587786259542 visited: 524</message>
</record>
<record>
  <date>2013-05-29T03:23:02</date>
  <millis>1369822982866</millis>
  <sequence>354</sequence>
  <logger>game1369822584824</logger>
  <level>INFO</level>
  <class>players.BryceMonteCarloTreeSearch_NoMiniMax</class>
  <method>run</method>
  <thread>36</thread>
  <message>move: ( drop 7 ) value: 61.06870229007634 visited: 393</message>
</record>
<record>
  <date>2013-05-29T03:23:02</date>
  <millis>1369822982866</millis>
  <sequence>355</sequence>
  <logger>game1369822584824</logger>
  <level>INFO</level>
  <class>players.BryceMonteCarloTreeSearch_NoMiniMax</class>
  <method>run</method>
  <thread>36</thread>
  <message>move: ( drop 1 ) value: 68.55670103092784 visited: 873</message>
</record>
<record>
  <date>2013-05-29T03:23:02</date>
  <millis>1369822982867</millis>
  <sequence>356</sequence>
  <logger>game1369822584824</logger>
  <level>INFO</level>
  <class>players.BryceMonteCarloTreeSearch_NoMiniMax</class>
  <method>run</method>
  <thread>36</thread>
  <message>move: ( drop 3 ) value: 60.880829015544045 visited: 386</message>
</record>
<record>
  <date>2013-05-29T03:23:02</date>
  <millis>1369822982867</millis>
  <sequence>357</sequence>
  <logger>game1369822584824</logger>
  <level>INFO</level>
  <class>players.BryceMonteCarloTreeSearch_NoMiniMax</class>
  <method>run</method>
  <thread>36</thread>
  <message>move: ( drop 4 ) value: 67.13021491782554 visited: 791</message>
</record>
<record>
  <date>2013-05-29T03:23:02</date>
  <millis>1369822982867</millis>
  <sequence>358</sequence>
  <logger>game1369822584824</logger>
  <level>INFO</level>
  <class>players.BryceMonteCarloTreeSearch_NoMiniMax</class>
  <method>run</method>
  <thread>36</thread>
  <message>move: ( drop 8 ) value: 65.00829187396351 visited: 603</message>
</record>
<record>
  <date>2013-05-29T03:23:02</date>
  <millis>1369822982868</millis>
  <sequence>359</sequence>
  <logger>game1369822584824</logger>
  <level>INFO</level>
  <class>players.BryceMonteCarloTreeSearch_NoMiniMax</class>
  <method>run</method>
  <thread>36</thread>
  <message>move: ( drop 5 ) value: 66.52949245541838 visited: 729</message>
</record>
<record>
  <date>2013-05-29T03:23:03</date>
  <millis>1369822983862</millis>
  <sequence>360</sequence>
  <logger>game1369822584824</logger>
  <level>INFO</level>
  <class>org.ggp.base.player.gamer.statemachine.PlatypusPlayer.CopyOfPlatypusPlayer</class>
  <method>stateMachineSelectMove</method>
  <thread>21</thread>
  <message>--------Best Move after Monte Carlo--------</message>
</record>
<record>
  <date>2013-05-29T03:23:03</date>
  <millis>1369822983863</millis>
  <sequence>361</sequence>
  <logger>game1369822584824</logger>
  <level>INFO</level>
  <class>org.ggp.base.player.gamer.statemachine.PlatypusPlayer.CopyOfPlatypusPlayer</class>
  <method>stateMachineSelectMove</method>
  <thread>21</thread>
  <message>best move: ( drop 1 )</message>
</record>
<record>
  <date>2013-05-29T03:23:19</date>
  <millis>1369822999394</millis>
  <sequence>377</sequence>
  <logger>game1369822584824</logger>
  <level>INFO</level>
  <class>org.ggp.base.player.gamer.statemachine.PlatypusPlayer.CopyOfPlatypusPlayer</class>
  <method>stateMachineSelectMove</method>
  <thread>21</thread>
  <message>--------Best Move after Minimiax--------</message>
</record>
<record>
  <date>2013-05-29T03:23:19</date>
  <millis>1369822999394</millis>
  <sequence>378</sequence>
  <logger>game1369822584824</logger>
  <level>INFO</level>
  <class>org.ggp.base.player.gamer.statemachine.PlatypusPlayer.CopyOfPlatypusPlayer</class>
  <method>stateMachineSelectMove</method>
  <thread>21</thread>
  <message>Sure move is ( drop 6 )</message>
</record>
<record>
  <date>2013-05-29T03:23:19</date>
  <millis>1369822999394</millis>
  <sequence>379</sequence>
  <logger>game1369822584824</logger>
  <level>INFO</level>
  <class>org.ggp.base.player.gamer.statemachine.PlatypusPlayer.CopyOfPlatypusPlayer</class>
  <method>stateMachineSelectMove</method>
  <thread>21</thread>
  <message>with the sure score of 0.0</message>
</record>
<record>
  <date>2013-05-29T03:23:19</date>
  <millis>1369822999394</millis>
  <sequence>380</sequence>
  <logger>game1369822584824</logger>
  <level>INFO</level>
  <class>org.ggp.base.player.gamer.statemachine.PlatypusPlayer.CopyOfPlatypusPlayer</class>
  <method>stateMachineSelectMove</method>
  <thread>21</thread>
  <message>Starting Monte Carlo</message>
</record>
<record>
  <date>2013-05-29T03:23:19</date>
  <millis>1369822999395</millis>
  <sequence>381</sequence>
  <logger>game1369822584824</logger>
  <level>INFO</level>
  <class>org.ggp.base.player.gamer.statemachine.PlatypusPlayer.CopyOfPlatypusPlayer</class>
  <method>stateMachineSelectMove</method>
  <thread>21</thread>
  <message>PAUSING PLATYPUS FOR 9495</message>
</record>
<record>
  <date>2013-05-29T03:23:28</date>
  <millis>1369823008891</millis>
  <sequence>382</sequence>
  <logger>game1369822584824</logger>
  <level>INFO</level>
  <class>players.BryceMonteCarloTreeSearch_NoMiniMax</class>
  <method>run</method>
  <thread>38</thread>
  <message>move: ( drop 6 ) value: 32.03883495145631 visited: 206</message>
</record>
<record>
  <date>2013-05-29T03:23:28</date>
  <millis>1369823008893</millis>
  <sequence>383</sequence>
  <logger>game1369822584824</logger>
  <level>INFO</level>
  <class>players.BryceMonteCarloTreeSearch_NoMiniMax</class>
  <method>run</method>
  <thread>38</thread>
  <message>move: ( drop 2 ) value: 39.27613941018767 visited: 373</message>
</record>
<record>
  <date>2013-05-29T03:23:28</date>
  <millis>1369823008894</millis>
  <sequence>384</sequence>
  <logger>game1369822584824</logger>
  <level>INFO</level>
  <class>players.BryceMonteCarloTreeSearch_NoMiniMax</class>
  <method>run</method>
  <thread>38</thread>
  <message>move: ( drop 7 ) value: 28.994082840236686 visited: 169</message>
</record>
<record>
  <date>2013-05-29T03:23:28</date>
  <millis>1369823008894</millis>
  <sequence>385</sequence>
  <logger>game1369822584824</logger>
  <level>INFO</level>
  <class>players.BryceMonteCarloTreeSearch_NoMiniMax</class>
  <method>run</method>
  <thread>38</thread>
  <message>move: ( drop 1 ) value: 31.377551020408163 visited: 196</message>
</record>
<record>
  <date>2013-05-29T03:23:28</date>
  <millis>1369823008894</millis>
  <sequence>386</sequence>
  <logger>game1369822584824</logger>
  <level>INFO</level>
  <class>players.BryceMonteCarloTreeSearch_NoMiniMax</class>
  <method>run</method>
  <thread>38</thread>
  <message>move: ( drop 3 ) value: 48.54753521126761 visited: 1136</message>
</record>
<record>
  <date>2013-05-29T03:23:28</date>
  <millis>1369823008895</millis>
  <sequence>387</sequence>
  <logger>game1369822584824</logger>
  <level>INFO</level>
  <class>players.BryceMonteCarloTreeSearch_NoMiniMax</class>
  <method>run</method>
  <thread>38</thread>
  <message>move: ( drop 4 ) value: 41.26106194690266 visited: 452</message>
</record>
<record>
  <date>2013-05-29T03:23:28</date>
  <millis>1369823008896</millis>
  <sequence>388</sequence>
  <logger>game1369822584824</logger>
  <level>INFO</level>
  <class>players.BryceMonteCarloTreeSearch_NoMiniMax</class>
  <method>run</method>
  <thread>38</thread>
  <message>move: ( drop 8 ) value: 31.592039800995025 visited: 201</message>
</record>
<record>
  <date>2013-05-29T03:23:28</date>
  <millis>1369823008896</millis>
  <sequence>389</sequence>
  <logger>game1369822584824</logger>
  <level>INFO</level>
  <class>players.BryceMonteCarloTreeSearch_NoMiniMax</class>
  <method>run</method>
  <thread>38</thread>
  <message>move: ( drop 5 ) value: 47.753346080305924 visited: 1046</message>
</record>
<record>
  <date>2013-05-29T03:23:29</date>
  <millis>1369823009890</millis>
  <sequence>390</sequence>
  <logger>game1369822584824</logger>
  <level>INFO</level>
  <class>org.ggp.base.player.gamer.statemachine.PlatypusPlayer.CopyOfPlatypusPlayer</class>
  <method>stateMachineSelectMove</method>
  <thread>21</thread>
  <message>--------Best Move after Monte Carlo--------</message>
</record>
<record>
  <date>2013-05-29T03:23:29</date>
  <millis>1369823009891</millis>
  <sequence>391</sequence>
  <logger>game1369822584824</logger>
  <level>INFO</level>
  <class>org.ggp.base.player.gamer.statemachine.PlatypusPlayer.CopyOfPlatypusPlayer</class>
  <method>stateMachineSelectMove</method>
  <thread>21</thread>
  <message>best move: ( drop 3 )</message>
</record>
<record>
  <date>2013-05-29T03:23:45</date>
  <millis>1369823025444</millis>
  <sequence>407</sequence>
  <logger>game1369822584824</logger>
  <level>INFO</level>
  <class>org.ggp.base.player.gamer.statemachine.PlatypusPlayer.CopyOfPlatypusPlayer</class>
  <method>stateMachineSelectMove</method>
  <thread>21</thread>
  <message>--------Best Move after Minimiax--------</message>
</record>
<record>
  <date>2013-05-29T03:23:45</date>
  <millis>1369823025444</millis>
  <sequence>408</sequence>
  <logger>game1369822584824</logger>
  <level>INFO</level>
  <class>org.ggp.base.player.gamer.statemachine.PlatypusPlayer.CopyOfPlatypusPlayer</class>
  <method>stateMachineSelectMove</method>
  <thread>21</thread>
  <message>Sure move is ( drop 6 )</message>
</record>
<record>
  <date>2013-05-29T03:23:45</date>
  <millis>1369823025444</millis>
  <sequence>409</sequence>
  <logger>game1369822584824</logger>
  <level>INFO</level>
  <class>org.ggp.base.player.gamer.statemachine.PlatypusPlayer.CopyOfPlatypusPlayer</class>
  <method>stateMachineSelectMove</method>
  <thread>21</thread>
  <message>with the sure score of 0.0</message>
</record>
<record>
  <date>2013-05-29T03:23:45</date>
  <millis>1369823025444</millis>
  <sequence>410</sequence>
  <logger>game1369822584824</logger>
  <level>INFO</level>
  <class>org.ggp.base.player.gamer.statemachine.PlatypusPlayer.CopyOfPlatypusPlayer</class>
  <method>stateMachineSelectMove</method>
  <thread>21</thread>
  <message>Starting Monte Carlo</message>
</record>
<record>
  <date>2013-05-29T03:23:45</date>
  <millis>1369823025445</millis>
  <sequence>411</sequence>
  <logger>game1369822584824</logger>
  <level>INFO</level>
  <class>org.ggp.base.player.gamer.statemachine.PlatypusPlayer.CopyOfPlatypusPlayer</class>
  <method>stateMachineSelectMove</method>
  <thread>21</thread>
  <message>PAUSING PLATYPUS FOR 9475</message>
</record>
<record>
  <date>2013-05-29T03:23:54</date>
  <millis>1369823034922</millis>
  <sequence>412</sequence>
  <logger>game1369822584824</logger>
  <level>INFO</level>
  <class>players.BryceMonteCarloTreeSearch_NoMiniMax</class>
  <method>run</method>
  <thread>40</thread>
  <message>move: ( drop 6 ) value: 43.732193732193736 visited: 351</message>
</record>
<record>
  <date>2013-05-29T03:23:54</date>
  <millis>1369823034924</millis>
  <sequence>413</sequence>
  <logger>game1369822584824</logger>
  <level>INFO</level>
  <class>players.BryceMonteCarloTreeSearch_NoMiniMax</class>
  <method>run</method>
  <thread>40</thread>
  <message>move: ( drop 2 ) value: 53.61552028218695 visited: 1134</message>
</record>
<record>
  <date>2013-05-29T03:23:54</date>
  <millis>1369823034925</millis>
  <sequence>414</sequence>
  <logger>game1369822584824</logger>
  <level>INFO</level>
  <class>players.BryceMonteCarloTreeSearch_NoMiniMax</class>
  <method>run</method>
  <thread>40</thread>
  <message>move: ( drop 7 ) value: 31.20567375886525 visited: 141</message>
</record>
<record>
  <date>2013-05-29T03:23:54</date>
  <millis>1369823034925</millis>
  <sequence>415</sequence>
  <logger>game1369822584824</logger>
  <level>INFO</level>
  <class>players.BryceMonteCarloTreeSearch_NoMiniMax</class>
  <method>run</method>
  <thread>40</thread>
  <message>move: ( drop 1 ) value: 45.11278195488722 visited: 399</message>
</record>
<record>
  <date>2013-05-29T03:23:54</date>
  <millis>1369823034925</millis>
  <sequence>416</sequence>
  <logger>game1369822584824</logger>
  <level>INFO</level>
  <class>players.BryceMonteCarloTreeSearch_NoMiniMax</class>
  <method>run</method>
  <thread>40</thread>
  <message>move: ( drop 3 ) value: 38.32599118942731 visited: 227</message>
</record>
<record>
  <date>2013-05-29T03:23:54</date>
  <millis>1369823034926</millis>
  <sequence>417</sequence>
  <logger>game1369822584824</logger>
  <level>INFO</level>
  <class>players.BryceMonteCarloTreeSearch_NoMiniMax</class>
  <method>run</method>
  <thread>40</thread>
  <message>move: ( drop 4 ) value: 39.256198347107436 visited: 242</message>
</record>
<record>
  <date>2013-05-29T03:23:54</date>
  <millis>1369823034926</millis>
  <sequence>418</sequence>
  <logger>game1369822584824</logger>
  <level>INFO</level>
  <class>players.BryceMonteCarloTreeSearch_NoMiniMax</class>
  <method>run</method>
  <thread>40</thread>
  <message>move: ( drop 8 ) value: 38.32599118942731 visited: 227</message>
</record>
<record>
  <date>2013-05-29T03:23:54</date>
  <millis>1369823034926</millis>
  <sequence>419</sequence>
  <logger>game1369822584824</logger>
  <level>INFO</level>
  <class>players.BryceMonteCarloTreeSearch_NoMiniMax</class>
  <method>run</method>
  <thread>40</thread>
  <message>move: ( drop 5 ) value: 53.64098221845893 visited: 1181</message>
</record>
<record>
  <date>2013-05-29T03:23:55</date>
  <millis>1369823035920</millis>
  <sequence>420</sequence>
  <logger>game1369822584824</logger>
  <level>INFO</level>
  <class>org.ggp.base.player.gamer.statemachine.PlatypusPlayer.CopyOfPlatypusPlayer</class>
  <method>stateMachineSelectMove</method>
  <thread>21</thread>
  <message>--------Best Move after Monte Carlo--------</message>
</record>
<record>
  <date>2013-05-29T03:23:55</date>
  <millis>1369823035921</millis>
  <sequence>421</sequence>
  <logger>game1369822584824</logger>
  <level>INFO</level>
  <class>org.ggp.base.player.gamer.statemachine.PlatypusPlayer.CopyOfPlatypusPlayer</class>
  <method>stateMachineSelectMove</method>
  <thread>21</thread>
  <message>best move: ( drop 5 )</message>
</record>
<record>
  <date>2013-05-29T03:24:11</date>
  <millis>1369823051458</millis>
  <sequence>437</sequence>
  <logger>game1369822584824</logger>
  <level>INFO</level>
  <class>org.ggp.base.player.gamer.statemachine.PlatypusPlayer.CopyOfPlatypusPlayer</class>
  <method>stateMachineSelectMove</method>
  <thread>21</thread>
  <message>--------Best Move after Minimiax--------</message>
</record>
<record>
  <date>2013-05-29T03:24:11</date>
  <millis>1369823051459</millis>
  <sequence>438</sequence>
  <logger>game1369822584824</logger>
  <level>INFO</level>
  <class>org.ggp.base.player.gamer.statemachine.PlatypusPlayer.CopyOfPlatypusPlayer</class>
  <method>stateMachineSelectMove</method>
  <thread>21</thread>
  <message>Sure move is ( drop 6 )</message>
</record>
<record>
  <date>2013-05-29T03:24:11</date>
  <millis>1369823051459</millis>
  <sequence>439</sequence>
  <logger>game1369822584824</logger>
  <level>INFO</level>
  <class>org.ggp.base.player.gamer.statemachine.PlatypusPlayer.CopyOfPlatypusPlayer</class>
  <method>stateMachineSelectMove</method>
  <thread>21</thread>
  <message>with the sure score of 0.0</message>
</record>
<record>
  <date>2013-05-29T03:24:11</date>
  <millis>1369823051459</millis>
  <sequence>440</sequence>
  <logger>game1369822584824</logger>
  <level>INFO</level>
  <class>org.ggp.base.player.gamer.statemachine.PlatypusPlayer.CopyOfPlatypusPlayer</class>
  <method>stateMachineSelectMove</method>
  <thread>21</thread>
  <message>Starting Monte Carlo</message>
</record>
<record>
  <date>2013-05-29T03:24:11</date>
  <millis>1369823051459</millis>
  <sequence>441</sequence>
  <logger>game1369822584824</logger>
  <level>INFO</level>
  <class>org.ggp.base.player.gamer.statemachine.PlatypusPlayer.CopyOfPlatypusPlayer</class>
  <method>stateMachineSelectMove</method>
  <thread>21</thread>
  <message>PAUSING PLATYPUS FOR 9493</message>
</record>
<record>
  <date>2013-05-29T03:24:20</date>
  <millis>1369823060953</millis>
  <sequence>442</sequence>
  <logger>game1369822584824</logger>
  <level>INFO</level>
  <class>players.BryceMonteCarloTreeSearch_NoMiniMax</class>
  <method>run</method>
  <thread>42</thread>
  <message>move: ( drop 6 ) value: 35.0 visited: 90</message>
</record>
<record>
  <date>2013-05-29T03:24:20</date>
  <millis>1369823060953</millis>
  <sequence>443</sequence>
  <logger>game1369822584824</logger>
  <level>INFO</level>
  <class>players.BryceMonteCarloTreeSearch_NoMiniMax</class>
  <method>run</method>
  <thread>42</thread>
  <message>move: ( drop 2 ) value: 57.127882599580715 visited: 477</message>
</record>
<record>
  <date>2013-05-29T03:24:20</date>
  <millis>1369823060954</millis>
  <sequence>444</sequence>
  <logger>game1369822584824</logger>
  <level>INFO</level>
  <class>players.BryceMonteCarloTreeSearch_NoMiniMax</class>
  <method>run</method>
  <thread>42</thread>
  <message>move: ( drop 7 ) value: 29.577464788732396 visited: 71</message>
</record>
<record>
  <date>2013-05-29T03:24:20</date>
  <millis>1369823060955</millis>
  <sequence>445</sequence>
  <logger>game1369822584824</logger>
  <level>INFO</level>
  <class>players.BryceMonteCarloTreeSearch_NoMiniMax</class>
  <method>run</method>
  <thread>42</thread>
  <message>move: ( drop 1 ) value: 16.666666666666668 visited: 42</message>
</record>
<record>
  <date>2013-05-29T03:24:20</date>
  <millis>1369823060955</millis>
  <sequence>446</sequence>
  <logger>game1369822584824</logger>
  <level>INFO</level>
  <class>players.BryceMonteCarloTreeSearch_NoMiniMax</class>
  <method>run</method>
  <thread>42</thread>
  <message>move: ( drop 3 ) value: 30.666666666666668 visited: 75</message>
</record>
<record>
  <date>2013-05-29T03:24:20</date>
  <millis>1369823060955</millis>
  <sequence>447</sequence>
  <logger>game1369822584824</logger>
  <level>INFO</level>
  <class>players.BryceMonteCarloTreeSearch_NoMiniMax</class>
  <method>run</method>
  <thread>42</thread>
  <message>move: ( drop 4 ) value: 28.35820895522388 visited: 67</message>
</record>
<record>
  <date>2013-05-29T03:24:20</date>
  <millis>1369823060955</millis>
  <sequence>448</sequence>
  <logger>game1369822584824</logger>
  <level>INFO</level>
  <class>players.BryceMonteCarloTreeSearch_NoMiniMax</class>
  <method>run</method>
  <thread>42</thread>
  <message>move: ( drop 8 ) value: 28.985507246376812 visited: 69</message>
</record>
<record>
  <date>2013-05-29T03:24:20</date>
  <millis>1369823060956</millis>
  <sequence>449</sequence>
  <logger>game1369822584824</logger>
  <level>INFO</level>
  <class>players.BryceMonteCarloTreeSearch_NoMiniMax</class>
  <method>run</method>
  <thread>42</thread>
  <message>move: ( drop 5 ) value: 98.72383567622616 visited: 109978</message>
</record>
<record>
  <date>2013-05-29T03:24:21</date>
  <millis>1369823061953</millis>
  <sequence>450</sequence>
  <logger>game1369822584824</logger>
  <level>INFO</level>
  <class>org.ggp.base.player.gamer.statemachine.PlatypusPlayer.CopyOfPlatypusPlayer</class>
  <method>stateMachineSelectMove</method>
  <thread>21</thread>
  <message>--------Best Move after Monte Carlo--------</message>
</record>
<record>
  <date>2013-05-29T03:24:21</date>
  <millis>1369823061953</millis>
  <sequence>451</sequence>
  <logger>game1369822584824</logger>
  <level>INFO</level>
  <class>org.ggp.base.player.gamer.statemachine.PlatypusPlayer.CopyOfPlatypusPlayer</class>
  <method>stateMachineSelectMove</method>
  <thread>21</thread>
  <message>best move: ( drop 2 )</message>
</record>
<record>
  <date>2013-05-29T03:24:37</date>
  <millis>1369823077486</millis>
  <sequence>466</sequence>
  <logger>game1369822584824</logger>
  <level>INFO</level>
  <class>org.ggp.base.player.gamer.statemachine.PlatypusPlayer.CopyOfPlatypusPlayer</class>
  <method>stateMachineSelectMove</method>
  <thread>21</thread>
  <message>--------Best Move after Minimiax--------</message>
</record>
<record>
  <date>2013-05-29T03:24:37</date>
  <millis>1369823077486</millis>
  <sequence>467</sequence>
  <logger>game1369822584824</logger>
  <level>INFO</level>
  <class>org.ggp.base.player.gamer.statemachine.PlatypusPlayer.CopyOfPlatypusPlayer</class>
  <method>stateMachineSelectMove</method>
  <thread>21</thread>
  <message>Sure move is ( drop 6 )</message>
</record>
<record>
  <date>2013-05-29T03:24:37</date>
  <millis>1369823077487</millis>
  <sequence>468</sequence>
  <logger>game1369822584824</logger>
  <level>INFO</level>
  <class>org.ggp.base.player.gamer.statemachine.PlatypusPlayer.CopyOfPlatypusPlayer</class>
  <method>stateMachineSelectMove</method>
  <thread>21</thread>
  <message>with the sure score of 0.0</message>
</record>
<record>
  <date>2013-05-29T03:24:37</date>
  <millis>1369823077487</millis>
  <sequence>469</sequence>
  <logger>game1369822584824</logger>
  <level>INFO</level>
  <class>org.ggp.base.player.gamer.statemachine.PlatypusPlayer.CopyOfPlatypusPlayer</class>
  <method>stateMachineSelectMove</method>
  <thread>21</thread>
  <message>Starting Monte Carlo</message>
</record>
<record>
  <date>2013-05-29T03:24:37</date>
  <millis>1369823077487</millis>
  <sequence>470</sequence>
  <logger>game1369822584824</logger>
  <level>INFO</level>
  <class>org.ggp.base.player.gamer.statemachine.PlatypusPlayer.CopyOfPlatypusPlayer</class>
  <method>stateMachineSelectMove</method>
  <thread>21</thread>
  <message>PAUSING PLATYPUS FOR 9492</message>
</record>
<record>
  <date>2013-05-29T03:24:46</date>
  <millis>1369823086980</millis>
  <sequence>471</sequence>
  <logger>game1369822584824</logger>
  <level>INFO</level>
  <class>players.BryceMonteCarloTreeSearch_NoMiniMax</class>
  <method>run</method>
  <thread>44</thread>
  <message>move: ( drop 6 ) value: 48.6328125 visited: 256</message>
</record>
<record>
  <date>2013-05-29T03:24:46</date>
  <millis>1369823086981</millis>
  <sequence>472</sequence>
  <logger>game1369822584824</logger>
  <level>INFO</level>
  <class>players.BryceMonteCarloTreeSearch_NoMiniMax</class>
  <method>run</method>
  <thread>44</thread>
  <message>move: ( drop 7 ) value: 31.914893617021278 visited: 94</message>
</record>
<record>
  <date>2013-05-29T03:24:46</date>
  <millis>1369823086982</millis>
  <sequence>473</sequence>
  <logger>game1369822584824</logger>
  <level>INFO</level>
  <class>players.BryceMonteCarloTreeSearch_NoMiniMax</class>
  <method>run</method>
  <thread>44</thread>
  <message>move: ( drop 1 ) value: 52.77777777777778 visited: 360</message>
</record>
<record>
  <date>2013-05-29T03:24:46</date>
  <millis>1369823086983</millis>
  <sequence>474</sequence>
  <logger>game1369822584824</logger>
  <level>INFO</level>
  <class>players.BryceMonteCarloTreeSearch_NoMiniMax</class>
  <method>run</method>
  <thread>44</thread>
  <message>move: ( drop 3 ) value: 61.336633663366335 visited: 1010</message>
</record>
<record>
  <date>2013-05-29T03:24:46</date>
  <millis>1369823086984</millis>
  <sequence>475</sequence>
  <logger>game1369822584824</logger>
  <level>INFO</level>
  <class>players.BryceMonteCarloTreeSearch_NoMiniMax</class>
  <method>run</method>
  <thread>44</thread>
  <message>move: ( drop 4 ) value: 63.642428285523685 visited: 1499</message>
</record>
<record>
  <date>2013-05-29T03:24:46</date>
  <millis>1369823086985</millis>
  <sequence>476</sequence>
  <logger>game1369822584824</logger>
  <level>INFO</level>
  <class>players.BryceMonteCarloTreeSearch_NoMiniMax</class>
  <method>run</method>
  <thread>44</thread>
  <message>move: ( drop 8 ) value: 46.59090909090909 visited: 220</message>
</record>
<record>
  <date>2013-05-29T03:24:46</date>
  <millis>1369823086985</millis>
  <sequence>477</sequence>
  <logger>game1369822584824</logger>
  <level>INFO</level>
  <class>players.BryceMonteCarloTreeSearch_NoMiniMax</class>
  <method>run</method>
  <thread>44</thread>
  <message>move: ( drop 5 ) value: 40.3448275862069 visited: 145</message>
</record>
<record>
  <date>2013-05-29T03:24:47</date>
  <millis>1369823087979</millis>
  <sequence>478</sequence>
  <logger>game1369822584824</logger>
  <level>INFO</level>
  <class>org.ggp.base.player.gamer.statemachine.PlatypusPlayer.CopyOfPlatypusPlayer</class>
  <method>stateMachineSelectMove</method>
  <thread>21</thread>
  <message>--------Best Move after Monte Carlo--------</message>
</record>
<record>
  <date>2013-05-29T03:24:47</date>
  <millis>1369823087980</millis>
  <sequence>479</sequence>
  <logger>game1369822584824</logger>
  <level>INFO</level>
  <class>org.ggp.base.player.gamer.statemachine.PlatypusPlayer.CopyOfPlatypusPlayer</class>
  <method>stateMachineSelectMove</method>
  <thread>21</thread>
  <message>best move: ( drop 4 )</message>
</record>
<record>
  <date>2013-05-29T03:25:03</date>
  <millis>1369823103522</millis>
  <sequence>494</sequence>
  <logger>game1369822584824</logger>
  <level>INFO</level>
  <class>org.ggp.base.player.gamer.statemachine.PlatypusPlayer.CopyOfPlatypusPlayer</class>
  <method>stateMachineSelectMove</method>
  <thread>21</thread>
  <message>--------Best Move after Minimiax--------</message>
</record>
<record>
  <date>2013-05-29T03:25:03</date>
  <millis>1369823103522</millis>
  <sequence>495</sequence>
  <logger>game1369822584824</logger>
  <level>INFO</level>
  <class>org.ggp.base.player.gamer.statemachine.PlatypusPlayer.CopyOfPlatypusPlayer</class>
  <method>stateMachineSelectMove</method>
  <thread>21</thread>
  <message>Sure move is ( drop 6 )</message>
</record>
<record>
  <date>2013-05-29T03:25:03</date>
  <millis>1369823103523</millis>
  <sequence>496</sequence>
  <logger>game1369822584824</logger>
  <level>INFO</level>
  <class>org.ggp.base.player.gamer.statemachine.PlatypusPlayer.CopyOfPlatypusPlayer</class>
  <method>stateMachineSelectMove</method>
  <thread>21</thread>
  <message>with the sure score of 0.0</message>
</record>
<record>
  <date>2013-05-29T03:25:03</date>
  <millis>1369823103523</millis>
  <sequence>497</sequence>
  <logger>game1369822584824</logger>
  <level>INFO</level>
  <class>org.ggp.base.player.gamer.statemachine.PlatypusPlayer.CopyOfPlatypusPlayer</class>
  <method>stateMachineSelectMove</method>
  <thread>21</thread>
  <message>Starting Monte Carlo</message>
</record>
<record>
  <date>2013-05-29T03:25:03</date>
  <millis>1369823103523</millis>
  <sequence>498</sequence>
  <logger>game1369822584824</logger>
  <level>INFO</level>
  <class>org.ggp.base.player.gamer.statemachine.PlatypusPlayer.CopyOfPlatypusPlayer</class>
  <method>stateMachineSelectMove</method>
  <thread>21</thread>
  <message>PAUSING PLATYPUS FOR 9490</message>
</record>
<record>
  <date>2013-05-29T03:25:13</date>
  <millis>1369823113013</millis>
  <sequence>499</sequence>
  <logger>game1369822584824</logger>
  <level>INFO</level>
  <class>players.BryceMonteCarloTreeSearch_NoMiniMax</class>
  <method>run</method>
  <thread>46</thread>
  <message>move: ( drop 6 ) value: 67.27272727272727 visited: 935</message>
</record>
<record>
  <date>2013-05-29T03:25:13</date>
  <millis>1369823113015</millis>
  <sequence>500</sequence>
  <logger>game1369822584824</logger>
  <level>INFO</level>
  <class>players.BryceMonteCarloTreeSearch_NoMiniMax</class>
  <method>run</method>
  <thread>46</thread>
  <message>move: ( drop 7 ) value: 55.01930501930502 visited: 259</message>
</record>
<record>
  <date>2013-05-29T03:25:13</date>
  <millis>1369823113015</millis>
  <sequence>501</sequence>
  <logger>game1369822584824</logger>
  <level>INFO</level>
  <class>players.BryceMonteCarloTreeSearch_NoMiniMax</class>
  <method>run</method>
  <thread>46</thread>
  <message>move: ( drop 1 ) value: 73.0 visited: 2800</message>
</record>
<record>
  <date>2013-05-29T03:25:13</date>
  <millis>1369823113016</millis>
  <sequence>502</sequence>
  <logger>game1369822584824</logger>
  <level>INFO</level>
  <class>players.BryceMonteCarloTreeSearch_NoMiniMax</class>
  <method>run</method>
  <thread>46</thread>
  <message>move: ( drop 3 ) value: 68.05416248746239 visited: 997</message>
</record>
<record>
  <date>2013-05-29T03:25:13</date>
  <millis>1369823113016</millis>
  <sequence>503</sequence>
  <logger>game1369822584824</logger>
  <level>INFO</level>
  <class>players.BryceMonteCarloTreeSearch_NoMiniMax</class>
  <method>run</method>
  <thread>46</thread>
  <message>move: ( drop 8 ) value: 55.01930501930502 visited: 259</message>
</record>
<record>
  <date>2013-05-29T03:25:13</date>
  <millis>1369823113016</millis>
  <sequence>504</sequence>
  <logger>game1369822584824</logger>
  <level>INFO</level>
  <class>players.BryceMonteCarloTreeSearch_NoMiniMax</class>
  <method>run</method>
  <thread>46</thread>
  <message>move: ( drop 5 ) value: 51.477832512315274 visited: 203</message>
</record>
<record>
  <date>2013-05-29T03:25:14</date>
  <millis>1369823114013</millis>
  <sequence>505</sequence>
  <logger>game1369822584824</logger>
  <level>INFO</level>
  <class>org.ggp.base.player.gamer.statemachine.PlatypusPlayer.CopyOfPlatypusPlayer</class>
  <method>stateMachineSelectMove</method>
  <thread>21</thread>
  <message>--------Best Move after Monte Carlo--------</message>
</record>
<record>
  <date>2013-05-29T03:25:14</date>
  <millis>1369823114014</millis>
  <sequence>506</sequence>
  <logger>game1369822584824</logger>
  <level>INFO</level>
  <class>org.ggp.base.player.gamer.statemachine.PlatypusPlayer.CopyOfPlatypusPlayer</class>
  <method>stateMachineSelectMove</method>
  <thread>21</thread>
  <message>best move: ( drop 1 )</message>
</record>
<record>
  <date>2013-05-29T03:25:29</date>
  <millis>1369823129553</millis>
  <sequence>520</sequence>
  <logger>game1369822584824</logger>
  <level>INFO</level>
  <class>org.ggp.base.player.gamer.statemachine.PlatypusPlayer.CopyOfPlatypusPlayer</class>
  <method>stateMachineSelectMove</method>
  <thread>21</thread>
  <message>--------Best Move after Minimiax--------</message>
</record>
<record>
  <date>2013-05-29T03:25:29</date>
  <millis>1369823129554</millis>
  <sequence>521</sequence>
  <logger>game1369822584824</logger>
  <level>INFO</level>
  <class>org.ggp.base.player.gamer.statemachine.PlatypusPlayer.CopyOfPlatypusPlayer</class>
  <method>stateMachineSelectMove</method>
  <thread>21</thread>
  <message>Sure move is ( drop 6 )</message>
</record>
<record>
  <date>2013-05-29T03:25:29</date>
  <millis>1369823129554</millis>
  <sequence>522</sequence>
  <logger>game1369822584824</logger>
  <level>INFO</level>
  <class>org.ggp.base.player.gamer.statemachine.PlatypusPlayer.CopyOfPlatypusPlayer</class>
  <method>stateMachineSelectMove</method>
  <thread>21</thread>
  <message>with the sure score of 0.0</message>
</record>
<record>
  <date>2013-05-29T03:25:29</date>
  <millis>1369823129554</millis>
  <sequence>523</sequence>
  <logger>game1369822584824</logger>
  <level>INFO</level>
  <class>org.ggp.base.player.gamer.statemachine.PlatypusPlayer.CopyOfPlatypusPlayer</class>
  <method>stateMachineSelectMove</method>
  <thread>21</thread>
  <message>Starting Monte Carlo</message>
</record>
<record>
  <date>2013-05-29T03:25:29</date>
  <millis>1369823129554</millis>
  <sequence>524</sequence>
  <logger>game1369822584824</logger>
  <level>INFO</level>
  <class>org.ggp.base.player.gamer.statemachine.PlatypusPlayer.CopyOfPlatypusPlayer</class>
  <method>stateMachineSelectMove</method>
  <thread>21</thread>
  <message>PAUSING PLATYPUS FOR 9490</message>
</record>
<record>
  <date>2013-05-29T03:25:39</date>
  <millis>1369823139047</millis>
  <sequence>525</sequence>
  <logger>game1369822584824</logger>
  <level>INFO</level>
  <class>players.BryceMonteCarloTreeSearch_NoMiniMax</class>
  <method>run</method>
  <thread>48</thread>
  <message>move: ( drop 6 ) value: 94.34348355663825 visited: 20525</message>
</record>
<record>
  <date>2013-05-29T03:25:39</date>
  <millis>1369823139048</millis>
  <sequence>526</sequence>
  <logger>game1369822584824</logger>
  <level>INFO</level>
  <class>players.BryceMonteCarloTreeSearch_NoMiniMax</class>
  <method>run</method>
  <thread>48</thread>
  <message>move: ( drop 7 ) value: 55.309734513274336 visited: 113</message>
</record>
<record>
  <date>2013-05-29T03:25:39</date>
  <millis>1369823139048</millis>
  <sequence>527</sequence>
  <logger>game1369822584824</logger>
  <level>INFO</level>
  <class>players.BryceMonteCarloTreeSearch_NoMiniMax</class>
  <method>run</method>
  <thread>48</thread>
  <message>move: ( drop 1 ) value: 67.68558951965065 visited: 229</message>
</record>
<record>
  <date>2013-05-29T03:25:39</date>
  <millis>1369823139048</millis>
  <sequence>528</sequence>
  <logger>game1369822584824</logger>
  <level>INFO</level>
  <class>players.BryceMonteCarloTreeSearch_NoMiniMax</class>
  <method>run</method>
  <thread>48</thread>
  <message>move: ( drop 3 ) value: 49.43181818181818 visited: 88</message>
</record>
<record>
  <date>2013-05-29T03:25:39</date>
  <millis>1369823139049</millis>
  <sequence>529</sequence>
  <logger>game1369822584824</logger>
  <level>INFO</level>
  <class>players.BryceMonteCarloTreeSearch_NoMiniMax</class>
  <method>run</method>
  <thread>48</thread>
  <message>move: ( drop 8 ) value: 70.32967032967034 visited: 273</message>
</record>
<record>
  <date>2013-05-29T03:25:39</date>
  <millis>1369823139049</millis>
  <sequence>530</sequence>
  <logger>game1369822584824</logger>
  <level>INFO</level>
  <class>players.BryceMonteCarloTreeSearch_NoMiniMax</class>
  <method>run</method>
  <thread>48</thread>
  <message>move: ( drop 5 ) value: 45.333333333333336 visited: 75</message>
</record>
<record>
  <date>2013-05-29T03:25:40</date>
  <millis>1369823140046</millis>
  <sequence>531</sequence>
  <logger>game1369822584824</logger>
  <level>INFO</level>
  <class>org.ggp.base.player.gamer.statemachine.PlatypusPlayer.CopyOfPlatypusPlayer</class>
  <method>stateMachineSelectMove</method>
  <thread>21</thread>
  <message>--------Best Move after Monte Carlo--------</message>
</record>
<record>
  <date>2013-05-29T03:25:40</date>
  <millis>1369823140047</millis>
  <sequence>532</sequence>
  <logger>game1369822584824</logger>
  <level>INFO</level>
  <class>org.ggp.base.player.gamer.statemachine.PlatypusPlayer.CopyOfPlatypusPlayer</class>
  <method>stateMachineSelectMove</method>
  <thread>21</thread>
  <message>best move: ( drop 6 )</message>
</record>
<record>
  <date>2013-05-29T03:25:55</date>
  <millis>1369823155587</millis>
  <sequence>546</sequence>
  <logger>game1369822584824</logger>
  <level>INFO</level>
  <class>org.ggp.base.player.gamer.statemachine.PlatypusPlayer.CopyOfPlatypusPlayer</class>
  <method>stateMachineSelectMove</method>
  <thread>21</thread>
  <message>--------Best Move after Minimiax--------</message>
</record>
<record>
  <date>2013-05-29T03:25:55</date>
  <millis>1369823155587</millis>
  <sequence>547</sequence>
  <logger>game1369822584824</logger>
  <level>INFO</level>
  <class>org.ggp.base.player.gamer.statemachine.PlatypusPlayer.CopyOfPlatypusPlayer</class>
  <method>stateMachineSelectMove</method>
  <thread>21</thread>
  <message>Sure move is ( drop 6 )</message>
</record>
<record>
  <date>2013-05-29T03:25:55</date>
  <millis>1369823155587</millis>
  <sequence>548</sequence>
  <logger>game1369822584824</logger>
  <level>INFO</level>
  <class>org.ggp.base.player.gamer.statemachine.PlatypusPlayer.CopyOfPlatypusPlayer</class>
  <method>stateMachineSelectMove</method>
  <thread>21</thread>
  <message>with the sure score of 0.0</message>
</record>
<record>
  <date>2013-05-29T03:25:55</date>
  <millis>1369823155587</millis>
  <sequence>549</sequence>
  <logger>game1369822584824</logger>
  <level>INFO</level>
  <class>org.ggp.base.player.gamer.statemachine.PlatypusPlayer.CopyOfPlatypusPlayer</class>
  <method>stateMachineSelectMove</method>
  <thread>21</thread>
  <message>Starting Monte Carlo</message>
</record>
<record>
  <date>2013-05-29T03:25:55</date>
  <millis>1369823155588</millis>
  <sequence>550</sequence>
  <logger>game1369822584824</logger>
  <level>INFO</level>
  <class>org.ggp.base.player.gamer.statemachine.PlatypusPlayer.CopyOfPlatypusPlayer</class>
  <method>stateMachineSelectMove</method>
  <thread>21</thread>
  <message>PAUSING PLATYPUS FOR 9494</message>
</record>
<record>
  <date>2013-05-29T03:26:05</date>
  <millis>1369823165082</millis>
  <sequence>551</sequence>
  <logger>game1369822584824</logger>
  <level>INFO</level>
  <class>players.BryceMonteCarloTreeSearch_NoMiniMax</class>
  <method>run</method>
  <thread>50</thread>
  <message>move: ( drop 6 ) value: 83.28141225337487 visited: 963</message>
</record>
<record>
  <date>2013-05-29T03:26:05</date>
  <millis>1369823165083</millis>
  <sequence>552</sequence>
  <logger>game1369822584824</logger>
  <level>INFO</level>
  <class>players.BryceMonteCarloTreeSearch_NoMiniMax</class>
  <method>run</method>
  <thread>50</thread>
  <message>move: ( drop 7 ) value: 84.24350940017905 visited: 1117</message>
</record>
<record>
  <date>2013-05-29T03:26:05</date>
  <millis>1369823165084</millis>
  <sequence>553</sequence>
  <logger>game1369822584824</logger>
  <level>INFO</level>
  <class>players.BryceMonteCarloTreeSearch_NoMiniMax</class>
  <method>run</method>
  <thread>50</thread>
  <message>move: ( drop 1 ) value: 72.89719626168224 visited: 321</message>
</record>
<record>
  <date>2013-05-29T03:26:05</date>
  <millis>1369823165085</millis>
  <sequence>554</sequence>
  <logger>game1369822584824</logger>
  <level>INFO</level>
  <class>players.BryceMonteCarloTreeSearch_NoMiniMax</class>
  <method>run</method>
  <thread>50</thread>
  <message>move: ( drop 3 ) value: 98.05853882376077 visited: 91529</message>
</record>
<record>
  <date>2013-05-29T03:26:05</date>
  <millis>1369823165086</millis>
  <sequence>555</sequence>
  <logger>game1369822584824</logger>
  <level>INFO</level>
  <class>players.BryceMonteCarloTreeSearch_NoMiniMax</class>
  <method>run</method>
  <thread>50</thread>
  <message>move: ( drop 8 ) value: 78.4090909090909 visited: 528</message>
</record>
<record>
  <date>2013-05-29T03:26:05</date>
  <millis>1369823165086</millis>
  <sequence>556</sequence>
  <logger>game1369822584824</logger>
  <level>INFO</level>
  <class>players.BryceMonteCarloTreeSearch_NoMiniMax</class>
  <method>run</method>
  <thread>50</thread>
  <message>move: ( drop 5 ) value: 77.12418300653594 visited: 459</message>
</record>
<record>
  <date>2013-05-29T03:26:06</date>
  <millis>1369823166082</millis>
  <sequence>557</sequence>
  <logger>game1369822584824</logger>
  <level>INFO</level>
  <class>org.ggp.base.player.gamer.statemachine.PlatypusPlayer.CopyOfPlatypusPlayer</class>
  <method>stateMachineSelectMove</method>
  <thread>21</thread>
  <message>--------Best Move after Monte Carlo--------</message>
</record>
<record>
  <date>2013-05-29T03:26:06</date>
  <millis>1369823166083</millis>
  <sequence>558</sequence>
  <logger>game1369822584824</logger>
  <level>INFO</level>
  <class>org.ggp.base.player.gamer.statemachine.PlatypusPlayer.CopyOfPlatypusPlayer</class>
  <method>stateMachineSelectMove</method>
  <thread>21</thread>
  <message>best move: ( drop 3 )</message>
</record>
<record>
  <date>2013-05-29T03:26:21</date>
  <millis>1369823181626</millis>
  <sequence>572</sequence>
  <logger>game1369822584824</logger>
  <level>INFO</level>
  <class>org.ggp.base.player.gamer.statemachine.PlatypusPlayer.CopyOfPlatypusPlayer</class>
  <method>stateMachineSelectMove</method>
  <thread>21</thread>
  <message>--------Best Move after Minimiax--------</message>
</record>
<record>
  <date>2013-05-29T03:26:21</date>
  <millis>1369823181626</millis>
  <sequence>573</sequence>
  <logger>game1369822584824</logger>
  <level>INFO</level>
  <class>org.ggp.base.player.gamer.statemachine.PlatypusPlayer.CopyOfPlatypusPlayer</class>
  <method>stateMachineSelectMove</method>
  <thread>21</thread>
  <message>Sure move is ( drop 6 )</message>
</record>
<record>
  <date>2013-05-29T03:26:21</date>
  <millis>1369823181626</millis>
  <sequence>574</sequence>
  <logger>game1369822584824</logger>
  <level>INFO</level>
  <class>org.ggp.base.player.gamer.statemachine.PlatypusPlayer.CopyOfPlatypusPlayer</class>
  <method>stateMachineSelectMove</method>
  <thread>21</thread>
  <message>with the sure score of 0.0</message>
</record>
<record>
  <date>2013-05-29T03:26:21</date>
  <millis>1369823181626</millis>
  <sequence>575</sequence>
  <logger>game1369822584824</logger>
  <level>INFO</level>
  <class>org.ggp.base.player.gamer.statemachine.PlatypusPlayer.CopyOfPlatypusPlayer</class>
  <method>stateMachineSelectMove</method>
  <thread>21</thread>
  <message>Starting Monte Carlo</message>
</record>
<record>
  <date>2013-05-29T03:26:21</date>
  <millis>1369823181627</millis>
  <sequence>576</sequence>
  <logger>game1369822584824</logger>
  <level>INFO</level>
  <class>org.ggp.base.player.gamer.statemachine.PlatypusPlayer.CopyOfPlatypusPlayer</class>
  <method>stateMachineSelectMove</method>
  <thread>21</thread>
  <message>PAUSING PLATYPUS FOR 9492</message>
</record>
<record>
  <date>2013-05-29T03:26:31</date>
  <millis>1369823191119</millis>
  <sequence>577</sequence>
  <logger>game1369822584824</logger>
  <level>INFO</level>
  <class>players.BryceMonteCarloTreeSearch_NoMiniMax</class>
  <method>run</method>
  <thread>52</thread>
  <message>move: ( drop 6 ) value: 91.19347160829649 visited: 2941</message>
</record>
<record>
  <date>2013-05-29T03:26:31</date>
  <millis>1369823191120</millis>
  <sequence>578</sequence>
  <logger>game1369822584824</logger>
  <level>INFO</level>
  <class>players.BryceMonteCarloTreeSearch_NoMiniMax</class>
  <method>run</method>
  <thread>52</thread>
  <message>move: ( drop 7 ) value: 95.43200457753194 visited: 10486</message>
</record>
<record>
  <date>2013-05-29T03:26:31</date>
  <millis>1369823191121</millis>
  <sequence>579</sequence>
  <logger>game1369822584824</logger>
  <level>INFO</level>
  <class>players.BryceMonteCarloTreeSearch_NoMiniMax</class>
  <method>run</method>
  <thread>52</thread>
  <message>move: ( drop 1 ) value: 74.8663101604278 visited: 374</message>
</record>
<record>
  <date>2013-05-29T03:26:31</date>
  <millis>1369823191121</millis>
  <sequence>580</sequence>
  <logger>game1369822584824</logger>
  <level>INFO</level>
  <class>players.BryceMonteCarloTreeSearch_NoMiniMax</class>
  <method>run</method>
  <thread>52</thread>
  <message>move: ( drop 8 ) value: 73.76093294460641 visited: 343</message>
</record>
<record>
  <date>2013-05-29T03:26:31</date>
  <millis>1369823191122</millis>
  <sequence>581</sequence>
  <logger>game1369822584824</logger>
  <level>INFO</level>
  <class>players.BryceMonteCarloTreeSearch_NoMiniMax</class>
  <method>run</method>
  <thread>52</thread>
  <message>move: ( drop 5 ) value: 98.88284054756137 visited: 137044</message>
</record>
<record>
  <date>2013-05-29T03:26:32</date>
  <millis>1369823192119</millis>
  <sequence>582</sequence>
  <logger>game1369822584824</logger>
  <level>INFO</level>
  <class>org.ggp.base.player.gamer.statemachine.PlatypusPlayer.CopyOfPlatypusPlayer</class>
  <method>stateMachineSelectMove</method>
  <thread>21</thread>
  <message>--------Best Move after Monte Carlo--------</message>
</record>
<record>
  <date>2013-05-29T03:26:32</date>
  <millis>1369823192120</millis>
  <sequence>583</sequence>
  <logger>game1369822584824</logger>
  <level>INFO</level>
  <class>org.ggp.base.player.gamer.statemachine.PlatypusPlayer.CopyOfPlatypusPlayer</class>
  <method>stateMachineSelectMove</method>
  <thread>21</thread>
  <message>best move: ( drop 5 )</message>
</record>
<record>
  <date>2013-05-29T03:26:47</date>
  <millis>1369823207663</millis>
  <sequence>595</sequence>
  <logger>game1369822584824</logger>
  <level>INFO</level>
  <class>org.ggp.base.player.gamer.statemachine.PlatypusPlayer.CopyOfPlatypusPlayer</class>
  <method>stateMachineSelectMove</method>
  <thread>21</thread>
  <message>--------Best Move after Minimiax--------</message>
</record>
<record>
  <date>2013-05-29T03:26:47</date>
  <millis>1369823207663</millis>
  <sequence>596</sequence>
  <logger>game1369822584824</logger>
  <level>INFO</level>
  <class>org.ggp.base.player.gamer.statemachine.PlatypusPlayer.CopyOfPlatypusPlayer</class>
  <method>stateMachineSelectMove</method>
  <thread>21</thread>
  <message>Sure move is ( drop 6 )</message>
</record>
<record>
  <date>2013-05-29T03:26:47</date>
  <millis>1369823207663</millis>
  <sequence>597</sequence>
  <logger>game1369822584824</logger>
  <level>INFO</level>
  <class>org.ggp.base.player.gamer.statemachine.PlatypusPlayer.CopyOfPlatypusPlayer</class>
  <method>stateMachineSelectMove</method>
  <thread>21</thread>
  <message>with the sure score of 0.0</message>
</record>
<record>
  <date>2013-05-29T03:26:47</date>
  <millis>1369823207663</millis>
  <sequence>598</sequence>
  <logger>game1369822584824</logger>
  <level>INFO</level>
  <class>org.ggp.base.player.gamer.statemachine.PlatypusPlayer.CopyOfPlatypusPlayer</class>
  <method>stateMachineSelectMove</method>
  <thread>21</thread>
  <message>Starting Monte Carlo</message>
</record>
<record>
  <date>2013-05-29T03:26:47</date>
  <millis>1369823207663</millis>
  <sequence>599</sequence>
  <logger>game1369822584824</logger>
  <level>INFO</level>
  <class>org.ggp.base.player.gamer.statemachine.PlatypusPlayer.CopyOfPlatypusPlayer</class>
  <method>stateMachineSelectMove</method>
  <thread>21</thread>
  <message>PAUSING PLATYPUS FOR 9491</message>
</record>
<record>
  <date>2013-05-29T03:26:57</date>
  <millis>1369823217155</millis>
  <sequence>600</sequence>
  <logger>game1369822584824</logger>
  <level>INFO</level>
  <class>players.BryceMonteCarloTreeSearch_NoMiniMax</class>
  <method>run</method>
  <thread>54</thread>
  <message>move: ( drop 6 ) value: 98.64085609147433 visited: 70927</message>
</record>
<record>
  <date>2013-05-29T03:26:57</date>
  <millis>1369823217156</millis>
  <sequence>601</sequence>
  <logger>game1369822584824</logger>
  <level>INFO</level>
  <class>players.BryceMonteCarloTreeSearch_NoMiniMax</class>
  <method>run</method>
  <thread>54</thread>
  <message>move: ( drop 7 ) value: 98.77771323458225 visited: 82632</message>
</record>
<record>
  <date>2013-05-29T03:26:57</date>
  <millis>1369823217157</millis>
  <sequence>602</sequence>
  <logger>game1369822584824</logger>
  <level>INFO</level>
  <class>players.BryceMonteCarloTreeSearch_NoMiniMax</class>
  <method>run</method>
  <thread>54</thread>
  <message>move: ( drop 1 ) value: 90.75167256985439 visited: 2541</message>
</record>
<record>
  <date>2013-05-29T03:26:57</date>
  <millis>1369823217157</millis>
  <sequence>603</sequence>
  <logger>game1369822584824</logger>
  <level>INFO</level>
  <class>players.BryceMonteCarloTreeSearch_NoMiniMax</class>
  <method>run</method>
  <thread>54</thread>
  <message>move: ( drop 8 ) value: 95.8478435574605 visited: 11199</message>
</record>
<record>
  <date>2013-05-29T03:26:58</date>
  <millis>1369823218155</millis>
  <sequence>604</sequence>
  <logger>game1369822584824</logger>
  <level>INFO</level>
  <class>org.ggp.base.player.gamer.statemachine.PlatypusPlayer.CopyOfPlatypusPlayer</class>
  <method>stateMachineSelectMove</method>
  <thread>21</thread>
  <message>--------Best Move after Monte Carlo--------</message>
</record>
<record>
  <date>2013-05-29T03:26:58</date>
  <millis>1369823218155</millis>
  <sequence>605</sequence>
  <logger>game1369822584824</logger>
  <level>INFO</level>
  <class>org.ggp.base.player.gamer.statemachine.PlatypusPlayer.CopyOfPlatypusPlayer</class>
  <method>stateMachineSelectMove</method>
  <thread>21</thread>
  <message>best move: ( drop 6 )</message>
</record>
<record>
  <date>2013-05-29T03:27:13</date>
  <millis>1369823233699</millis>
  <sequence>617</sequence>
  <logger>game1369822584824</logger>
  <level>INFO</level>
  <class>org.ggp.base.player.gamer.statemachine.PlatypusPlayer.CopyOfPlatypusPlayer</class>
  <method>stateMachineSelectMove</method>
  <thread>21</thread>
  <message>--------Best Move after Minimiax--------</message>
</record>
<record>
  <date>2013-05-29T03:27:13</date>
  <millis>1369823233700</millis>
  <sequence>618</sequence>
  <logger>game1369822584824</logger>
  <level>INFO</level>
  <class>org.ggp.base.player.gamer.statemachine.PlatypusPlayer.CopyOfPlatypusPlayer</class>
  <method>stateMachineSelectMove</method>
  <thread>21</thread>
  <message>Sure move is ( drop 6 )</message>
</record>
<record>
  <date>2013-05-29T03:27:13</date>
  <millis>1369823233700</millis>
  <sequence>619</sequence>
  <logger>game1369822584824</logger>
  <level>INFO</level>
  <class>org.ggp.base.player.gamer.statemachine.PlatypusPlayer.CopyOfPlatypusPlayer</class>
  <method>stateMachineSelectMove</method>
  <thread>21</thread>
  <message>with the sure score of 0.0</message>
</record>
<record>
  <date>2013-05-29T03:27:13</date>
  <millis>1369823233700</millis>
  <sequence>620</sequence>
  <logger>game1369822584824</logger>
  <level>INFO</level>
  <class>org.ggp.base.player.gamer.statemachine.PlatypusPlayer.CopyOfPlatypusPlayer</class>
  <method>stateMachineSelectMove</method>
  <thread>21</thread>
  <message>Game solved!</message>
</record>
<record>
  <date>2013-05-29T03:27:13</date>
  <millis>1369823233701</millis>
  <sequence>621</sequence>
  <logger>game1369822584824</logger>
  <level>INFO</level>
  <class>org.ggp.base.player.gamer.statemachine.PlatypusPlayer.CopyOfPlatypusPlayer</class>
  <method>stateMachineSelectMove</method>
  <thread>21</thread>
  <message>Choosing move ( drop 6 ) after minimax preliminary search</message>
</record>
<record>
  <date>2013-05-29T03:27:18</date>
  <millis>1369823238754</millis>
  <sequence>627</sequence>
  <logger>game1369822584824</logger>
  <level>INFO</level>
  <class>org.ggp.base.player.gamer.statemachine.PlatypusPlayer.CopyOfPlatypusPlayer</class>
  <method>stateMachineSelectMove</method>
  <thread>21</thread>
  <message>--------Best Move after Minimiax--------</message>
</record>
<record>
  <date>2013-05-29T03:27:18</date>
  <millis>1369823238755</millis>
  <sequence>628</sequence>
  <logger>game1369822584824</logger>
  <level>INFO</level>
  <class>org.ggp.base.player.gamer.statemachine.PlatypusPlayer.CopyOfPlatypusPlayer</class>
  <method>stateMachineSelectMove</method>
  <thread>21</thread>
  <message>Sure move is ( drop 1 )</message>
</record>
<record>
  <date>2013-05-29T03:27:18</date>
  <millis>1369823238755</millis>
  <sequence>629</sequence>
  <logger>game1369822584824</logger>
  <level>INFO</level>
  <class>org.ggp.base.player.gamer.statemachine.PlatypusPlayer.CopyOfPlatypusPlayer</class>
  <method>stateMachineSelectMove</method>
  <thread>21</thread>
  <message>with the sure score of 0.0</message>
</record>
<record>
  <date>2013-05-29T03:27:18</date>
  <millis>1369823238755</millis>
  <sequence>630</sequence>
  <logger>game1369822584824</logger>
  <level>INFO</level>
  <class>org.ggp.base.player.gamer.statemachine.PlatypusPlayer.CopyOfPlatypusPlayer</class>
  <method>stateMachineSelectMove</method>
  <thread>21</thread>
  <message>Game solved!</message>
</record>
<record>
  <date>2013-05-29T03:27:18</date>
  <millis>1369823238756</millis>
  <sequence>631</sequence>
  <logger>game1369822584824</logger>
  <level>INFO</level>
  <class>org.ggp.base.player.gamer.statemachine.PlatypusPlayer.CopyOfPlatypusPlayer</class>
  <method>stateMachineSelectMove</method>
  <thread>21</thread>
  <message>Choosing move ( drop 1 ) after minimax preliminary search</message>
</record>
<record>
  <date>2013-05-29T03:27:23</date>
  <millis>1369823243806</millis>
  <sequence>637</sequence>
  <logger>game1369822584824</logger>
  <level>INFO</level>
  <class>org.ggp.base.player.gamer.statemachine.PlatypusPlayer.CopyOfPlatypusPlayer</class>
  <method>stateMachineSelectMove</method>
  <thread>21</thread>
  <message>--------Best Move after Minimiax--------</message>
</record>
<record>
  <date>2013-05-29T03:27:23</date>
  <millis>1369823243806</millis>
  <sequence>638</sequence>
  <logger>game1369822584824</logger>
  <level>INFO</level>
  <class>org.ggp.base.player.gamer.statemachine.PlatypusPlayer.CopyOfPlatypusPlayer</class>
  <method>stateMachineSelectMove</method>
  <thread>21</thread>
  <message>Sure move is ( drop 8 )</message>
</record>
<record>
  <date>2013-05-29T03:27:23</date>
  <millis>1369823243807</millis>
  <sequence>639</sequence>
  <logger>game1369822584824</logger>
  <level>INFO</level>
  <class>org.ggp.base.player.gamer.statemachine.PlatypusPlayer.CopyOfPlatypusPlayer</class>
  <method>stateMachineSelectMove</method>
  <thread>21</thread>
  <message>with the sure score of 0.0</message>
</record>
<record>
  <date>2013-05-29T03:27:23</date>
  <millis>1369823243807</millis>
  <sequence>640</sequence>
  <logger>game1369822584824</logger>
  <level>INFO</level>
  <class>org.ggp.base.player.gamer.statemachine.PlatypusPlayer.CopyOfPlatypusPlayer</class>
  <method>stateMachineSelectMove</method>
  <thread>21</thread>
  <message>Game solved!</message>
</record>
<record>
  <date>2013-05-29T03:27:23</date>
  <millis>1369823243807</millis>
  <sequence>641</sequence>
  <logger>game1369822584824</logger>
  <level>INFO</level>
  <class>org.ggp.base.player.gamer.statemachine.PlatypusPlayer.CopyOfPlatypusPlayer</class>
  <method>stateMachineSelectMove</method>
  <thread>21</thread>
  <message>Choosing move ( drop 8 ) after minimax preliminary search</message>
</record>
<record>
  <date>2013-05-29T03:27:28</date>
  <millis>1369823248852</millis>
  <sequence>647</sequence>
  <logger>game1369822584824</logger>
  <level>INFO</level>
  <class>org.ggp.base.player.gamer.statemachine.PlatypusPlayer.CopyOfPlatypusPlayer</class>
  <method>stateMachineSelectMove</method>
  <thread>21</thread>
  <message>--------Best Move after Minimiax--------</message>
</record>
<record>
  <date>2013-05-29T03:27:28</date>
  <millis>1369823248852</millis>
  <sequence>648</sequence>
  <logger>game1369822584824</logger>
  <level>INFO</level>
  <class>org.ggp.base.player.gamer.statemachine.PlatypusPlayer.CopyOfPlatypusPlayer</class>
  <method>stateMachineSelectMove</method>
  <thread>21</thread>
  <message>Sure move is ( drop 8 )</message>
</record>
<record>
  <date>2013-05-29T03:27:28</date>
  <millis>1369823248852</millis>
  <sequence>649</sequence>
  <logger>game1369822584824</logger>
  <level>INFO</level>
  <class>org.ggp.base.player.gamer.statemachine.PlatypusPlayer.CopyOfPlatypusPlayer</class>
  <method>stateMachineSelectMove</method>
  <thread>21</thread>
  <message>with the sure score of 0.0</message>
</record>
<record>
  <date>2013-05-29T03:27:28</date>
  <millis>1369823248853</millis>
  <sequence>650</sequence>
  <logger>game1369822584824</logger>
  <level>INFO</level>
  <class>org.ggp.base.player.gamer.statemachine.PlatypusPlayer.CopyOfPlatypusPlayer</class>
  <method>stateMachineSelectMove</method>
  <thread>21</thread>
  <message>Game solved!</message>
</record>
<record>
  <date>2013-05-29T03:27:28</date>
  <millis>1369823248853</millis>
  <sequence>651</sequence>
  <logger>game1369822584824</logger>
  <level>INFO</level>
  <class>org.ggp.base.player.gamer.statemachine.PlatypusPlayer.CopyOfPlatypusPlayer</class>
  <method>stateMachineSelectMove</method>
  <thread>21</thread>
  <message>Choosing move ( drop 8 ) after minimax preliminary search</message>
</record>
</log>
