<?xml version="1.0" encoding="UTF-8" standalone="no"?>
<!DOCTYPE log SYSTEM "logger.dtd">
<log>
<record>
  <date>2013-05-19T16:19:13</date>
  <millis>1369005553202</millis>
  <sequence>0</sequence>
  <logger>game1369005553199</logger>
  <level>INFO</level>
  <class>platypus.logging.PlatypusLogger</class>
  <method>getLogger</method>
  <thread>10</thread>
  <message>Added FileHandler to Logger</message>
</record>
<record>
  <date>2013-05-19T16:19:44</date>
  <millis>1369005584785</millis>
  <sequence>1</sequence>
  <logger>game1369005553199</logger>
  <level>INFO</level>
  <class>org.ggp.base.player.gamer.statemachine.PlatypusPlayer.PlatypusPlayer</class>
  <method>stateMachineSelectMove</method>
  <thread>11</thread>
  <message>--------Best Move after Minimiax--------</message>
</record>
<record>
  <date>2013-05-19T16:19:44</date>
  <millis>1369005584786</millis>
  <sequence>2</sequence>
  <logger>game1369005553199</logger>
  <level>INFO</level>
  <class>org.ggp.base.player.gamer.statemachine.PlatypusPlayer.PlatypusPlayer</class>
  <method>stateMachineSelectMove</method>
  <thread>11</thread>
  <message>Sure move is ( a 8 )</message>
</record>
<record>
  <date>2013-05-19T16:19:44</date>
  <millis>1369005584786</millis>
  <sequence>3</sequence>
  <logger>game1369005553199</logger>
  <level>INFO</level>
  <class>org.ggp.base.player.gamer.statemachine.PlatypusPlayer.PlatypusPlayer</class>
  <method>stateMachineSelectMove</method>
  <thread>11</thread>
  <message>with the sure score of 0.0</message>
</record>
<record>
  <date>2013-05-19T16:19:44</date>
  <millis>1369005584786</millis>
  <sequence>4</sequence>
  <logger>game1369005553199</logger>
  <level>INFO</level>
  <class>org.ggp.base.player.gamer.statemachine.PlatypusPlayer.PlatypusPlayer</class>
  <method>stateMachineSelectMove</method>
  <thread>11</thread>
  <message>Starting Monte Carlo</message>
</record>
<record>
  <date>2013-05-19T16:19:44</date>
  <millis>1369005584787</millis>
  <sequence>5</sequence>
  <logger>game1369005553199</logger>
  <level>INFO</level>
  <class>org.ggp.base.player.gamer.statemachine.PlatypusPlayer.PlatypusPlayer</class>
  <method>stateMachineSelectMove</method>
  <thread>11</thread>
  <message>PAUSING PLATYPUS FOR 4472</message>
</record>
<record>
  <date>2013-05-19T16:19:49</date>
  <millis>1369005589259</millis>
  <sequence>6</sequence>
  <logger>game1369005553199</logger>
  <level>INFO</level>
  <class>players.BryceMonteCarloTreeSearch</class>
  <method>run</method>
  <thread>12</thread>
  <message>move: ( a 8 ) value: 289.0 visited: 289</message>
</record>
<record>
  <date>2013-05-19T16:19:49</date>
  <millis>1369005589260</millis>
  <sequence>7</sequence>
  <logger>game1369005553199</logger>
  <level>INFO</level>
  <class>players.BryceMonteCarloTreeSearch</class>
  <method>run</method>
  <thread>12</thread>
  <message>move: ( b 4 ) value: 289.0 visited: 289</message>
</record>
<record>
  <date>2013-05-19T16:19:49</date>
  <millis>1369005589260</millis>
  <sequence>8</sequence>
  <logger>game1369005553199</logger>
  <level>INFO</level>
  <class>players.BryceMonteCarloTreeSearch</class>
  <method>run</method>
  <thread>12</thread>
  <message>move: ( a 5 ) value: 289.0 visited: 289</message>
</record>
<record>
  <date>2013-05-19T16:19:49</date>
  <millis>1369005589260</millis>
  <sequence>9</sequence>
  <logger>game1369005553199</logger>
  <level>INFO</level>
  <class>players.BryceMonteCarloTreeSearch</class>
  <method>run</method>
  <thread>12</thread>
  <message>move: ( b 2 ) value: 289.0 visited: 289</message>
</record>
<record>
  <date>2013-05-19T16:19:49</date>
  <millis>1369005589260</millis>
  <sequence>10</sequence>
  <logger>game1369005553199</logger>
  <level>INFO</level>
  <class>players.BryceMonteCarloTreeSearch</class>
  <method>run</method>
  <thread>12</thread>
  <message>move: ( a 6 ) value: 289.0 visited: 289</message>
</record>
<record>
  <date>2013-05-19T16:19:49</date>
  <millis>1369005589261</millis>
  <sequence>11</sequence>
  <logger>game1369005553199</logger>
  <level>INFO</level>
  <class>players.BryceMonteCarloTreeSearch</class>
  <method>run</method>
  <thread>12</thread>
  <message>move: ( a 4 ) value: 289.0 visited: 289</message>
</record>
<record>
  <date>2013-05-19T16:19:49</date>
  <millis>1369005589261</millis>
  <sequence>12</sequence>
  <logger>game1369005553199</logger>
  <level>INFO</level>
  <class>players.BryceMonteCarloTreeSearch</class>
  <method>run</method>
  <thread>12</thread>
  <message>move: ( a 3 ) value: 289.0 visited: 289</message>
</record>
<record>
  <date>2013-05-19T16:19:49</date>
  <millis>1369005589261</millis>
  <sequence>13</sequence>
  <logger>game1369005553199</logger>
  <level>INFO</level>
  <class>players.BryceMonteCarloTreeSearch</class>
  <method>run</method>
  <thread>12</thread>
  <message>move: ( a 9 ) value: 289.0 visited: 289</message>
</record>
<record>
  <date>2013-05-19T16:19:49</date>
  <millis>1369005589261</millis>
  <sequence>14</sequence>
  <logger>game1369005553199</logger>
  <level>INFO</level>
  <class>players.BryceMonteCarloTreeSearch</class>
  <method>run</method>
  <thread>12</thread>
  <message>move: ( a 1 ) value: 289.0 visited: 289</message>
</record>
<record>
  <date>2013-05-19T16:19:49</date>
  <millis>1369005589261</millis>
  <sequence>15</sequence>
  <logger>game1369005553199</logger>
  <level>INFO</level>
  <class>players.BryceMonteCarloTreeSearch</class>
  <method>run</method>
  <thread>12</thread>
  <message>move: ( b 3 ) value: 289.0 visited: 289</message>
</record>
<record>
  <date>2013-05-19T16:19:49</date>
  <millis>1369005589262</millis>
  <sequence>16</sequence>
  <logger>game1369005553199</logger>
  <level>INFO</level>
  <class>players.BryceMonteCarloTreeSearch</class>
  <method>run</method>
  <thread>12</thread>
  <message>move: ( c 9 ) value: 289.0 visited: 289</message>
</record>
<record>
  <date>2013-05-19T16:19:49</date>
  <millis>1369005589262</millis>
  <sequence>17</sequence>
  <logger>game1369005553199</logger>
  <level>INFO</level>
  <class>players.BryceMonteCarloTreeSearch</class>
  <method>run</method>
  <thread>12</thread>
  <message>move: ( c 8 ) value: 289.0 visited: 289</message>
</record>
<record>
  <date>2013-05-19T16:19:49</date>
  <millis>1369005589262</millis>
  <sequence>18</sequence>
  <logger>game1369005553199</logger>
  <level>INFO</level>
  <class>players.BryceMonteCarloTreeSearch</class>
  <method>run</method>
  <thread>12</thread>
  <message>move: ( b 9 ) value: 289.0 visited: 289</message>
</record>
<record>
  <date>2013-05-19T16:19:49</date>
  <millis>1369005589262</millis>
  <sequence>19</sequence>
  <logger>game1369005553199</logger>
  <level>INFO</level>
  <class>players.BryceMonteCarloTreeSearch</class>
  <method>run</method>
  <thread>12</thread>
  <message>move: ( c 3 ) value: 289.0 visited: 289</message>
</record>
<record>
  <date>2013-05-19T16:19:49</date>
  <millis>1369005589262</millis>
  <sequence>20</sequence>
  <logger>game1369005553199</logger>
  <level>INFO</level>
  <class>players.BryceMonteCarloTreeSearch</class>
  <method>run</method>
  <thread>12</thread>
  <message>move: ( b 8 ) value: 289.0 visited: 289</message>
</record>
<record>
  <date>2013-05-19T16:19:49</date>
  <millis>1369005589263</millis>
  <sequence>21</sequence>
  <logger>game1369005553199</logger>
  <level>INFO</level>
  <class>players.BryceMonteCarloTreeSearch</class>
  <method>run</method>
  <thread>12</thread>
  <message>move: ( b 1 ) value: 289.0 visited: 289</message>
</record>
<record>
  <date>2013-05-19T16:19:49</date>
  <millis>1369005589263</millis>
  <sequence>22</sequence>
  <logger>game1369005553199</logger>
  <level>INFO</level>
  <class>players.BryceMonteCarloTreeSearch</class>
  <method>run</method>
  <thread>12</thread>
  <message>move: ( c 2 ) value: 289.0 visited: 289</message>
</record>
<record>
  <date>2013-05-19T16:19:49</date>
  <millis>1369005589263</millis>
  <sequence>23</sequence>
  <logger>game1369005553199</logger>
  <level>INFO</level>
  <class>players.BryceMonteCarloTreeSearch</class>
  <method>run</method>
  <thread>12</thread>
  <message>move: ( c 1 ) value: 289.0 visited: 289</message>
</record>
<record>
  <date>2013-05-19T16:19:49</date>
  <millis>1369005589263</millis>
  <sequence>24</sequence>
  <logger>game1369005553199</logger>
  <level>INFO</level>
  <class>players.BryceMonteCarloTreeSearch</class>
  <method>run</method>
  <thread>12</thread>
  <message>move: ( b 7 ) value: 289.0 visited: 289</message>
</record>
<record>
  <date>2013-05-19T16:19:49</date>
  <millis>1369005589263</millis>
  <sequence>25</sequence>
  <logger>game1369005553199</logger>
  <level>INFO</level>
  <class>players.BryceMonteCarloTreeSearch</class>
  <method>run</method>
  <thread>12</thread>
  <message>move: ( c 5 ) value: 289.0 visited: 289</message>
</record>
<record>
  <date>2013-05-19T16:19:49</date>
  <millis>1369005589264</millis>
  <sequence>26</sequence>
  <logger>game1369005553199</logger>
  <level>INFO</level>
  <class>players.BryceMonteCarloTreeSearch</class>
  <method>run</method>
  <thread>12</thread>
  <message>move: ( c 7 ) value: 289.0 visited: 289</message>
</record>
<record>
  <date>2013-05-19T16:19:49</date>
  <millis>1369005589264</millis>
  <sequence>27</sequence>
  <logger>game1369005553199</logger>
  <level>INFO</level>
  <class>players.BryceMonteCarloTreeSearch</class>
  <method>run</method>
  <thread>12</thread>
  <message>move: ( c 4 ) value: 289.0 visited: 289</message>
</record>
<record>
  <date>2013-05-19T16:19:49</date>
  <millis>1369005589264</millis>
  <sequence>28</sequence>
  <logger>game1369005553199</logger>
  <level>INFO</level>
  <class>players.BryceMonteCarloTreeSearch</class>
  <method>run</method>
  <thread>12</thread>
  <message>move: ( c 6 ) value: 289.0 visited: 289</message>
</record>
<record>
  <date>2013-05-19T16:19:49</date>
  <millis>1369005589264</millis>
  <sequence>29</sequence>
  <logger>game1369005553199</logger>
  <level>INFO</level>
  <class>players.BryceMonteCarloTreeSearch</class>
  <method>run</method>
  <thread>12</thread>
  <message>move: ( b 6 ) value: 289.0 visited: 289</message>
</record>
<record>
  <date>2013-05-19T16:19:49</date>
  <millis>1369005589264</millis>
  <sequence>30</sequence>
  <logger>game1369005553199</logger>
  <level>INFO</level>
  <class>players.BryceMonteCarloTreeSearch</class>
  <method>run</method>
  <thread>12</thread>
  <message>move: ( b 5 ) value: 289.0 visited: 289</message>
</record>
<record>
  <date>2013-05-19T16:19:49</date>
  <millis>1369005589265</millis>
  <sequence>31</sequence>
  <logger>game1369005553199</logger>
  <level>INFO</level>
  <class>players.BryceMonteCarloTreeSearch</class>
  <method>run</method>
  <thread>12</thread>
  <message>move: ( a 2 ) value: 288.0 visited: 288</message>
</record>
<record>
  <date>2013-05-19T16:19:49</date>
  <millis>1369005589265</millis>
  <sequence>32</sequence>
  <logger>game1369005553199</logger>
  <level>INFO</level>
  <class>players.BryceMonteCarloTreeSearch</class>
  <method>run</method>
  <thread>12</thread>
  <message>move: ( a 7 ) value: 288.0 visited: 288</message>
</record>
<record>
  <date>2013-05-19T16:19:50</date>
  <millis>1369005590259</millis>
  <sequence>33</sequence>
  <logger>game1369005553199</logger>
  <level>INFO</level>
  <class>org.ggp.base.player.gamer.statemachine.PlatypusPlayer.PlatypusPlayer</class>
  <method>stateMachineSelectMove</method>
  <thread>11</thread>
  <message>--------Best Move after Monte Carlo--------</message>
</record>
<record>
  <date>2013-05-19T16:19:50</date>
  <millis>1369005590260</millis>
  <sequence>34</sequence>
  <logger>game1369005553199</logger>
  <level>INFO</level>
  <class>org.ggp.base.player.gamer.statemachine.PlatypusPlayer.PlatypusPlayer</class>
  <method>stateMachineSelectMove</method>
  <thread>11</thread>
  <message>best move: ( a 8 )</message>
</record>
<record>
  <date>2013-05-19T16:19:53</date>
  <millis>1369005593784</millis>
  <sequence>35</sequence>
  <logger>game1369005553199</logger>
  <level>INFO</level>
  <class>org.ggp.base.player.gamer.statemachine.PlatypusPlayer.PlatypusPlayer</class>
  <method>stateMachineSelectMove</method>
  <thread>11</thread>
  <message>--------Best Move after Minimiax--------</message>
</record>
<record>
  <date>2013-05-19T16:19:53</date>
  <millis>1369005593784</millis>
  <sequence>36</sequence>
  <logger>game1369005553199</logger>
  <level>INFO</level>
  <class>org.ggp.base.player.gamer.statemachine.PlatypusPlayer.PlatypusPlayer</class>
  <method>stateMachineSelectMove</method>
  <thread>11</thread>
  <message>Sure move is ( a 8 )</message>
</record>
<record>
  <date>2013-05-19T16:19:53</date>
  <millis>1369005593785</millis>
  <sequence>37</sequence>
  <logger>game1369005553199</logger>
  <level>INFO</level>
  <class>org.ggp.base.player.gamer.statemachine.PlatypusPlayer.PlatypusPlayer</class>
  <method>stateMachineSelectMove</method>
  <thread>11</thread>
  <message>with the sure score of 0.0</message>
</record>
<record>
  <date>2013-05-19T16:19:53</date>
  <millis>1369005593785</millis>
  <sequence>38</sequence>
  <logger>game1369005553199</logger>
  <level>INFO</level>
  <class>org.ggp.base.player.gamer.statemachine.PlatypusPlayer.PlatypusPlayer</class>
  <method>stateMachineSelectMove</method>
  <thread>11</thread>
  <message>Starting Monte Carlo</message>
</record>
<record>
  <date>2013-05-19T16:19:53</date>
  <millis>1369005593785</millis>
  <sequence>39</sequence>
  <logger>game1369005553199</logger>
  <level>INFO</level>
  <class>org.ggp.base.player.gamer.statemachine.PlatypusPlayer.PlatypusPlayer</class>
  <method>stateMachineSelectMove</method>
  <thread>11</thread>
  <message>PAUSING PLATYPUS FOR 4496</message>
</record>
<record>
  <date>2013-05-19T16:19:58</date>
  <millis>1369005598282</millis>
  <sequence>40</sequence>
  <logger>game1369005553199</logger>
  <level>INFO</level>
  <class>players.BryceMonteCarloTreeSearch</class>
  <method>run</method>
  <thread>13</thread>
  <message>move: ( a 8 ) value: 313.0 visited: 313</message>
</record>
<record>
  <date>2013-05-19T16:19:58</date>
  <millis>1369005598282</millis>
  <sequence>41</sequence>
  <logger>game1369005553199</logger>
  <level>INFO</level>
  <class>players.BryceMonteCarloTreeSearch</class>
  <method>run</method>
  <thread>13</thread>
  <message>move: ( b 4 ) value: 313.0 visited: 313</message>
</record>
<record>
  <date>2013-05-19T16:19:58</date>
  <millis>1369005598282</millis>
  <sequence>42</sequence>
  <logger>game1369005553199</logger>
  <level>INFO</level>
  <class>players.BryceMonteCarloTreeSearch</class>
  <method>run</method>
  <thread>13</thread>
  <message>move: ( a 5 ) value: 313.0 visited: 313</message>
</record>
<record>
  <date>2013-05-19T16:19:58</date>
  <millis>1369005598283</millis>
  <sequence>43</sequence>
  <logger>game1369005553199</logger>
  <level>INFO</level>
  <class>players.BryceMonteCarloTreeSearch</class>
  <method>run</method>
  <thread>13</thread>
  <message>move: ( b 2 ) value: 313.0 visited: 313</message>
</record>
<record>
  <date>2013-05-19T16:19:58</date>
  <millis>1369005598283</millis>
  <sequence>44</sequence>
  <logger>game1369005553199</logger>
  <level>INFO</level>
  <class>players.BryceMonteCarloTreeSearch</class>
  <method>run</method>
  <thread>13</thread>
  <message>move: ( a 6 ) value: 313.0 visited: 313</message>
</record>
<record>
  <date>2013-05-19T16:19:58</date>
  <millis>1369005598283</millis>
  <sequence>45</sequence>
  <logger>game1369005553199</logger>
  <level>INFO</level>
  <class>players.BryceMonteCarloTreeSearch</class>
  <method>run</method>
  <thread>13</thread>
  <message>move: ( a 4 ) value: 313.0 visited: 313</message>
</record>
<record>
  <date>2013-05-19T16:19:58</date>
  <millis>1369005598283</millis>
  <sequence>46</sequence>
  <logger>game1369005553199</logger>
  <level>INFO</level>
  <class>players.BryceMonteCarloTreeSearch</class>
  <method>run</method>
  <thread>13</thread>
  <message>move: ( a 3 ) value: 313.0 visited: 313</message>
</record>
<record>
  <date>2013-05-19T16:19:58</date>
  <millis>1369005598283</millis>
  <sequence>47</sequence>
  <logger>game1369005553199</logger>
  <level>INFO</level>
  <class>players.BryceMonteCarloTreeSearch</class>
  <method>run</method>
  <thread>13</thread>
  <message>move: ( a 9 ) value: 313.0 visited: 313</message>
</record>
<record>
  <date>2013-05-19T16:19:58</date>
  <millis>1369005598284</millis>
  <sequence>48</sequence>
  <logger>game1369005553199</logger>
  <level>INFO</level>
  <class>players.BryceMonteCarloTreeSearch</class>
  <method>run</method>
  <thread>13</thread>
  <message>move: ( a 1 ) value: 313.0 visited: 313</message>
</record>
<record>
  <date>2013-05-19T16:19:58</date>
  <millis>1369005598284</millis>
  <sequence>49</sequence>
  <logger>game1369005553199</logger>
  <level>INFO</level>
  <class>players.BryceMonteCarloTreeSearch</class>
  <method>run</method>
  <thread>13</thread>
  <message>move: ( b 3 ) value: 313.0 visited: 313</message>
</record>
<record>
  <date>2013-05-19T16:19:58</date>
  <millis>1369005598284</millis>
  <sequence>50</sequence>
  <logger>game1369005553199</logger>
  <level>INFO</level>
  <class>players.BryceMonteCarloTreeSearch</class>
  <method>run</method>
  <thread>13</thread>
  <message>move: ( c 9 ) value: 313.0 visited: 313</message>
</record>
<record>
  <date>2013-05-19T16:19:58</date>
  <millis>1369005598284</millis>
  <sequence>51</sequence>
  <logger>game1369005553199</logger>
  <level>INFO</level>
  <class>players.BryceMonteCarloTreeSearch</class>
  <method>run</method>
  <thread>13</thread>
  <message>move: ( c 8 ) value: 313.0 visited: 313</message>
</record>
<record>
  <date>2013-05-19T16:19:58</date>
  <millis>1369005598284</millis>
  <sequence>52</sequence>
  <logger>game1369005553199</logger>
  <level>INFO</level>
  <class>players.BryceMonteCarloTreeSearch</class>
  <method>run</method>
  <thread>13</thread>
  <message>move: ( b 9 ) value: 313.0 visited: 313</message>
</record>
<record>
  <date>2013-05-19T16:19:58</date>
  <millis>1369005598285</millis>
  <sequence>53</sequence>
  <logger>game1369005553199</logger>
  <level>INFO</level>
  <class>players.BryceMonteCarloTreeSearch</class>
  <method>run</method>
  <thread>13</thread>
  <message>move: ( c 3 ) value: 313.0 visited: 313</message>
</record>
<record>
  <date>2013-05-19T16:19:58</date>
  <millis>1369005598285</millis>
  <sequence>54</sequence>
  <logger>game1369005553199</logger>
  <level>INFO</level>
  <class>players.BryceMonteCarloTreeSearch</class>
  <method>run</method>
  <thread>13</thread>
  <message>move: ( b 8 ) value: 313.0 visited: 313</message>
</record>
<record>
  <date>2013-05-19T16:19:58</date>
  <millis>1369005598285</millis>
  <sequence>55</sequence>
  <logger>game1369005553199</logger>
  <level>INFO</level>
  <class>players.BryceMonteCarloTreeSearch</class>
  <method>run</method>
  <thread>13</thread>
  <message>move: ( b 1 ) value: 313.0 visited: 313</message>
</record>
<record>
  <date>2013-05-19T16:19:58</date>
  <millis>1369005598285</millis>
  <sequence>56</sequence>
  <logger>game1369005553199</logger>
  <level>INFO</level>
  <class>players.BryceMonteCarloTreeSearch</class>
  <method>run</method>
  <thread>13</thread>
  <message>move: ( c 2 ) value: 313.0 visited: 313</message>
</record>
<record>
  <date>2013-05-19T16:19:58</date>
  <millis>1369005598285</millis>
  <sequence>57</sequence>
  <logger>game1369005553199</logger>
  <level>INFO</level>
  <class>players.BryceMonteCarloTreeSearch</class>
  <method>run</method>
  <thread>13</thread>
  <message>move: ( c 1 ) value: 313.0 visited: 313</message>
</record>
<record>
  <date>2013-05-19T16:19:58</date>
  <millis>1369005598286</millis>
  <sequence>58</sequence>
  <logger>game1369005553199</logger>
  <level>INFO</level>
  <class>players.BryceMonteCarloTreeSearch</class>
  <method>run</method>
  <thread>13</thread>
  <message>move: ( b 7 ) value: 313.0 visited: 313</message>
</record>
<record>
  <date>2013-05-19T16:19:58</date>
  <millis>1369005598286</millis>
  <sequence>59</sequence>
  <logger>game1369005553199</logger>
  <level>INFO</level>
  <class>players.BryceMonteCarloTreeSearch</class>
  <method>run</method>
  <thread>13</thread>
  <message>move: ( c 5 ) value: 313.0 visited: 313</message>
</record>
<record>
  <date>2013-05-19T16:19:58</date>
  <millis>1369005598286</millis>
  <sequence>60</sequence>
  <logger>game1369005553199</logger>
  <level>INFO</level>
  <class>players.BryceMonteCarloTreeSearch</class>
  <method>run</method>
  <thread>13</thread>
  <message>move: ( c 7 ) value: 313.0 visited: 313</message>
</record>
<record>
  <date>2013-05-19T16:19:58</date>
  <millis>1369005598286</millis>
  <sequence>61</sequence>
  <logger>game1369005553199</logger>
  <level>INFO</level>
  <class>players.BryceMonteCarloTreeSearch</class>
  <method>run</method>
  <thread>13</thread>
  <message>move: ( c 4 ) value: 313.0 visited: 313</message>
</record>
<record>
  <date>2013-05-19T16:19:58</date>
  <millis>1369005598286</millis>
  <sequence>62</sequence>
  <logger>game1369005553199</logger>
  <level>INFO</level>
  <class>players.BryceMonteCarloTreeSearch</class>
  <method>run</method>
  <thread>13</thread>
  <message>move: ( c 6 ) value: 313.0 visited: 313</message>
</record>
<record>
  <date>2013-05-19T16:19:58</date>
  <millis>1369005598287</millis>
  <sequence>63</sequence>
  <logger>game1369005553199</logger>
  <level>INFO</level>
  <class>players.BryceMonteCarloTreeSearch</class>
  <method>run</method>
  <thread>13</thread>
  <message>move: ( b 6 ) value: 313.0 visited: 313</message>
</record>
<record>
  <date>2013-05-19T16:19:58</date>
  <millis>1369005598287</millis>
  <sequence>64</sequence>
  <logger>game1369005553199</logger>
  <level>INFO</level>
  <class>players.BryceMonteCarloTreeSearch</class>
  <method>run</method>
  <thread>13</thread>
  <message>move: ( b 5 ) value: 313.0 visited: 313</message>
</record>
<record>
  <date>2013-05-19T16:19:58</date>
  <millis>1369005598287</millis>
  <sequence>65</sequence>
  <logger>game1369005553199</logger>
  <level>INFO</level>
  <class>players.BryceMonteCarloTreeSearch</class>
  <method>run</method>
  <thread>13</thread>
  <message>move: ( a 2 ) value: 312.0 visited: 312</message>
</record>
<record>
  <date>2013-05-19T16:19:58</date>
  <millis>1369005598287</millis>
  <sequence>66</sequence>
  <logger>game1369005553199</logger>
  <level>INFO</level>
  <class>players.BryceMonteCarloTreeSearch</class>
  <method>run</method>
  <thread>13</thread>
  <message>move: ( a 7 ) value: 312.0 visited: 312</message>
</record>
<record>
  <date>2013-05-19T16:19:59</date>
  <millis>1369005599281</millis>
  <sequence>67</sequence>
  <logger>game1369005553199</logger>
  <level>INFO</level>
  <class>org.ggp.base.player.gamer.statemachine.PlatypusPlayer.PlatypusPlayer</class>
  <method>stateMachineSelectMove</method>
  <thread>11</thread>
  <message>--------Best Move after Monte Carlo--------</message>
</record>
<record>
  <date>2013-05-19T16:19:59</date>
  <millis>1369005599282</millis>
  <sequence>68</sequence>
  <logger>game1369005553199</logger>
  <level>INFO</level>
  <class>org.ggp.base.player.gamer.statemachine.PlatypusPlayer.PlatypusPlayer</class>
  <method>stateMachineSelectMove</method>
  <thread>11</thread>
  <message>best move: ( a 8 )</message>
</record>
<record>
  <date>2013-05-19T16:20:02</date>
  <millis>1369005602804</millis>
  <sequence>69</sequence>
  <logger>game1369005553199</logger>
  <level>INFO</level>
  <class>org.ggp.base.player.gamer.statemachine.PlatypusPlayer.PlatypusPlayer</class>
  <method>stateMachineSelectMove</method>
  <thread>11</thread>
  <message>--------Best Move after Minimiax--------</message>
</record>
<record>
  <date>2013-05-19T16:20:02</date>
  <millis>1369005602804</millis>
  <sequence>70</sequence>
  <logger>game1369005553199</logger>
  <level>INFO</level>
  <class>org.ggp.base.player.gamer.statemachine.PlatypusPlayer.PlatypusPlayer</class>
  <method>stateMachineSelectMove</method>
  <thread>11</thread>
  <message>Sure move is ( a 8 )</message>
</record>
<record>
  <date>2013-05-19T16:20:02</date>
  <millis>1369005602805</millis>
  <sequence>71</sequence>
  <logger>game1369005553199</logger>
  <level>INFO</level>
  <class>org.ggp.base.player.gamer.statemachine.PlatypusPlayer.PlatypusPlayer</class>
  <method>stateMachineSelectMove</method>
  <thread>11</thread>
  <message>with the sure score of 0.0</message>
</record>
<record>
  <date>2013-05-19T16:20:02</date>
  <millis>1369005602805</millis>
  <sequence>72</sequence>
  <logger>game1369005553199</logger>
  <level>INFO</level>
  <class>org.ggp.base.player.gamer.statemachine.PlatypusPlayer.PlatypusPlayer</class>
  <method>stateMachineSelectMove</method>
  <thread>11</thread>
  <message>Starting Monte Carlo</message>
</record>
<record>
  <date>2013-05-19T16:20:02</date>
  <millis>1369005602805</millis>
  <sequence>73</sequence>
  <logger>game1369005553199</logger>
  <level>INFO</level>
  <class>org.ggp.base.player.gamer.statemachine.PlatypusPlayer.PlatypusPlayer</class>
  <method>stateMachineSelectMove</method>
  <thread>11</thread>
  <message>PAUSING PLATYPUS FOR 4496</message>
</record>
<record>
  <date>2013-05-19T16:20:07</date>
  <millis>1369005607302</millis>
  <sequence>74</sequence>
  <logger>game1369005553199</logger>
  <level>INFO</level>
  <class>players.BryceMonteCarloTreeSearch</class>
  <method>run</method>
  <thread>14</thread>
  <message>move: ( a 8 ) value: 299.0 visited: 299</message>
</record>
<record>
  <date>2013-05-19T16:20:07</date>
  <millis>1369005607302</millis>
  <sequence>75</sequence>
  <logger>game1369005553199</logger>
  <level>INFO</level>
  <class>players.BryceMonteCarloTreeSearch</class>
  <method>run</method>
  <thread>14</thread>
  <message>move: ( b 4 ) value: 299.0 visited: 299</message>
</record>
<record>
  <date>2013-05-19T16:20:07</date>
  <millis>1369005607303</millis>
  <sequence>76</sequence>
  <logger>game1369005553199</logger>
  <level>INFO</level>
  <class>players.BryceMonteCarloTreeSearch</class>
  <method>run</method>
  <thread>14</thread>
  <message>move: ( a 5 ) value: 299.0 visited: 299</message>
</record>
<record>
  <date>2013-05-19T16:20:07</date>
  <millis>1369005607303</millis>
  <sequence>77</sequence>
  <logger>game1369005553199</logger>
  <level>INFO</level>
  <class>players.BryceMonteCarloTreeSearch</class>
  <method>run</method>
  <thread>14</thread>
  <message>move: ( b 2 ) value: 299.0 visited: 299</message>
</record>
<record>
  <date>2013-05-19T16:20:07</date>
  <millis>1369005607303</millis>
  <sequence>78</sequence>
  <logger>game1369005553199</logger>
  <level>INFO</level>
  <class>players.BryceMonteCarloTreeSearch</class>
  <method>run</method>
  <thread>14</thread>
  <message>move: ( a 6 ) value: 299.0 visited: 299</message>
</record>
<record>
  <date>2013-05-19T16:20:07</date>
  <millis>1369005607303</millis>
  <sequence>79</sequence>
  <logger>game1369005553199</logger>
  <level>INFO</level>
  <class>players.BryceMonteCarloTreeSearch</class>
  <method>run</method>
  <thread>14</thread>
  <message>move: ( a 4 ) value: 299.0 visited: 299</message>
</record>
<record>
  <date>2013-05-19T16:20:07</date>
  <millis>1369005607303</millis>
  <sequence>80</sequence>
  <logger>game1369005553199</logger>
  <level>INFO</level>
  <class>players.BryceMonteCarloTreeSearch</class>
  <method>run</method>
  <thread>14</thread>
  <message>move: ( a 3 ) value: 299.0 visited: 299</message>
</record>
<record>
  <date>2013-05-19T16:20:07</date>
  <millis>1369005607304</millis>
  <sequence>81</sequence>
  <logger>game1369005553199</logger>
  <level>INFO</level>
  <class>players.BryceMonteCarloTreeSearch</class>
  <method>run</method>
  <thread>14</thread>
  <message>move: ( a 9 ) value: 299.0 visited: 299</message>
</record>
<record>
  <date>2013-05-19T16:20:07</date>
  <millis>1369005607304</millis>
  <sequence>82</sequence>
  <logger>game1369005553199</logger>
  <level>INFO</level>
  <class>players.BryceMonteCarloTreeSearch</class>
  <method>run</method>
  <thread>14</thread>
  <message>move: ( a 1 ) value: 299.0 visited: 299</message>
</record>
<record>
  <date>2013-05-19T16:20:07</date>
  <millis>1369005607304</millis>
  <sequence>83</sequence>
  <logger>game1369005553199</logger>
  <level>INFO</level>
  <class>players.BryceMonteCarloTreeSearch</class>
  <method>run</method>
  <thread>14</thread>
  <message>move: ( b 3 ) value: 299.0 visited: 299</message>
</record>
<record>
  <date>2013-05-19T16:20:07</date>
  <millis>1369005607304</millis>
  <sequence>84</sequence>
  <logger>game1369005553199</logger>
  <level>INFO</level>
  <class>players.BryceMonteCarloTreeSearch</class>
  <method>run</method>
  <thread>14</thread>
  <message>move: ( c 9 ) value: 299.0 visited: 299</message>
</record>
<record>
  <date>2013-05-19T16:20:07</date>
  <millis>1369005607304</millis>
  <sequence>85</sequence>
  <logger>game1369005553199</logger>
  <level>INFO</level>
  <class>players.BryceMonteCarloTreeSearch</class>
  <method>run</method>
  <thread>14</thread>
  <message>move: ( c 8 ) value: 299.0 visited: 299</message>
</record>
<record>
  <date>2013-05-19T16:20:07</date>
  <millis>1369005607305</millis>
  <sequence>86</sequence>
  <logger>game1369005553199</logger>
  <level>INFO</level>
  <class>players.BryceMonteCarloTreeSearch</class>
  <method>run</method>
  <thread>14</thread>
  <message>move: ( b 9 ) value: 299.0 visited: 299</message>
</record>
<record>
  <date>2013-05-19T16:20:07</date>
  <millis>1369005607305</millis>
  <sequence>87</sequence>
  <logger>game1369005553199</logger>
  <level>INFO</level>
  <class>players.BryceMonteCarloTreeSearch</class>
  <method>run</method>
  <thread>14</thread>
  <message>move: ( c 3 ) value: 299.0 visited: 299</message>
</record>
<record>
  <date>2013-05-19T16:20:07</date>
  <millis>1369005607305</millis>
  <sequence>88</sequence>
  <logger>game1369005553199</logger>
  <level>INFO</level>
  <class>players.BryceMonteCarloTreeSearch</class>
  <method>run</method>
  <thread>14</thread>
  <message>move: ( b 8 ) value: 299.0 visited: 299</message>
</record>
<record>
  <date>2013-05-19T16:20:07</date>
  <millis>1369005607305</millis>
  <sequence>89</sequence>
  <logger>game1369005553199</logger>
  <level>INFO</level>
  <class>players.BryceMonteCarloTreeSearch</class>
  <method>run</method>
  <thread>14</thread>
  <message>move: ( b 1 ) value: 299.0 visited: 299</message>
</record>
<record>
  <date>2013-05-19T16:20:07</date>
  <millis>1369005607305</millis>
  <sequence>90</sequence>
  <logger>game1369005553199</logger>
  <level>INFO</level>
  <class>players.BryceMonteCarloTreeSearch</class>
  <method>run</method>
  <thread>14</thread>
  <message>move: ( c 2 ) value: 299.0 visited: 299</message>
</record>
<record>
  <date>2013-05-19T16:20:07</date>
  <millis>1369005607306</millis>
  <sequence>91</sequence>
  <logger>game1369005553199</logger>
  <level>INFO</level>
  <class>players.BryceMonteCarloTreeSearch</class>
  <method>run</method>
  <thread>14</thread>
  <message>move: ( c 1 ) value: 299.0 visited: 299</message>
</record>
<record>
  <date>2013-05-19T16:20:07</date>
  <millis>1369005607306</millis>
  <sequence>92</sequence>
  <logger>game1369005553199</logger>
  <level>INFO</level>
  <class>players.BryceMonteCarloTreeSearch</class>
  <method>run</method>
  <thread>14</thread>
  <message>move: ( b 7 ) value: 299.0 visited: 299</message>
</record>
<record>
  <date>2013-05-19T16:20:07</date>
  <millis>1369005607306</millis>
  <sequence>93</sequence>
  <logger>game1369005553199</logger>
  <level>INFO</level>
  <class>players.BryceMonteCarloTreeSearch</class>
  <method>run</method>
  <thread>14</thread>
  <message>move: ( c 5 ) value: 299.0 visited: 299</message>
</record>
<record>
  <date>2013-05-19T16:20:07</date>
  <millis>1369005607306</millis>
  <sequence>94</sequence>
  <logger>game1369005553199</logger>
  <level>INFO</level>
  <class>players.BryceMonteCarloTreeSearch</class>
  <method>run</method>
  <thread>14</thread>
  <message>move: ( c 7 ) value: 299.0 visited: 299</message>
</record>
<record>
  <date>2013-05-19T16:20:07</date>
  <millis>1369005607307</millis>
  <sequence>95</sequence>
  <logger>game1369005553199</logger>
  <level>INFO</level>
  <class>players.BryceMonteCarloTreeSearch</class>
  <method>run</method>
  <thread>14</thread>
  <message>move: ( c 4 ) value: 299.0 visited: 299</message>
</record>
<record>
  <date>2013-05-19T16:20:07</date>
  <millis>1369005607307</millis>
  <sequence>96</sequence>
  <logger>game1369005553199</logger>
  <level>INFO</level>
  <class>players.BryceMonteCarloTreeSearch</class>
  <method>run</method>
  <thread>14</thread>
  <message>move: ( c 6 ) value: 299.0 visited: 299</message>
</record>
<record>
  <date>2013-05-19T16:20:07</date>
  <millis>1369005607307</millis>
  <sequence>97</sequence>
  <logger>game1369005553199</logger>
  <level>INFO</level>
  <class>players.BryceMonteCarloTreeSearch</class>
  <method>run</method>
  <thread>14</thread>
  <message>move: ( b 6 ) value: 299.0 visited: 299</message>
</record>
<record>
  <date>2013-05-19T16:20:07</date>
  <millis>1369005607307</millis>
  <sequence>98</sequence>
  <logger>game1369005553199</logger>
  <level>INFO</level>
  <class>players.BryceMonteCarloTreeSearch</class>
  <method>run</method>
  <thread>14</thread>
  <message>move: ( b 5 ) value: 299.0 visited: 299</message>
</record>
<record>
  <date>2013-05-19T16:20:07</date>
  <millis>1369005607307</millis>
  <sequence>99</sequence>
  <logger>game1369005553199</logger>
  <level>INFO</level>
  <class>players.BryceMonteCarloTreeSearch</class>
  <method>run</method>
  <thread>14</thread>
  <message>move: ( a 2 ) value: 298.0 visited: 298</message>
</record>
<record>
  <date>2013-05-19T16:20:07</date>
  <millis>1369005607308</millis>
  <sequence>100</sequence>
  <logger>game1369005553199</logger>
  <level>INFO</level>
  <class>players.BryceMonteCarloTreeSearch</class>
  <method>run</method>
  <thread>14</thread>
  <message>move: ( a 7 ) value: 298.0 visited: 298</message>
</record>
<record>
  <date>2013-05-19T16:20:08</date>
  <millis>1369005608302</millis>
  <sequence>101</sequence>
  <logger>game1369005553199</logger>
  <level>INFO</level>
  <class>org.ggp.base.player.gamer.statemachine.PlatypusPlayer.PlatypusPlayer</class>
  <method>stateMachineSelectMove</method>
  <thread>11</thread>
  <message>--------Best Move after Monte Carlo--------</message>
</record>
<record>
  <date>2013-05-19T16:20:08</date>
  <millis>1369005608302</millis>
  <sequence>102</sequence>
  <logger>game1369005553199</logger>
  <level>INFO</level>
  <class>org.ggp.base.player.gamer.statemachine.PlatypusPlayer.PlatypusPlayer</class>
  <method>stateMachineSelectMove</method>
  <thread>11</thread>
  <message>best move: ( a 8 )</message>
</record>
<record>
  <date>2013-05-19T16:20:11</date>
  <millis>1369005611828</millis>
  <sequence>103</sequence>
  <logger>game1369005553199</logger>
  <level>INFO</level>
  <class>org.ggp.base.player.gamer.statemachine.PlatypusPlayer.PlatypusPlayer</class>
  <method>stateMachineSelectMove</method>
  <thread>11</thread>
  <message>--------Best Move after Minimiax--------</message>
</record>
<record>
  <date>2013-05-19T16:20:11</date>
  <millis>1369005611828</millis>
  <sequence>104</sequence>
  <logger>game1369005553199</logger>
  <level>INFO</level>
  <class>org.ggp.base.player.gamer.statemachine.PlatypusPlayer.PlatypusPlayer</class>
  <method>stateMachineSelectMove</method>
  <thread>11</thread>
  <message>Sure move is ( a 8 )</message>
</record>
<record>
  <date>2013-05-19T16:20:11</date>
  <millis>1369005611828</millis>
  <sequence>105</sequence>
  <logger>game1369005553199</logger>
  <level>INFO</level>
  <class>org.ggp.base.player.gamer.statemachine.PlatypusPlayer.PlatypusPlayer</class>
  <method>stateMachineSelectMove</method>
  <thread>11</thread>
  <message>with the sure score of 0.0</message>
</record>
<record>
  <date>2013-05-19T16:20:11</date>
  <millis>1369005611829</millis>
  <sequence>106</sequence>
  <logger>game1369005553199</logger>
  <level>INFO</level>
  <class>org.ggp.base.player.gamer.statemachine.PlatypusPlayer.PlatypusPlayer</class>
  <method>stateMachineSelectMove</method>
  <thread>11</thread>
  <message>Game solved!</message>
</record>
<record>
  <date>2013-05-19T16:20:11</date>
  <millis>1369005611829</millis>
  <sequence>107</sequence>
  <logger>game1369005553199</logger>
  <level>INFO</level>
  <class>org.ggp.base.player.gamer.statemachine.PlatypusPlayer.PlatypusPlayer</class>
  <method>stateMachineSelectMove</method>
  <thread>11</thread>
  <message>Choosing move ( a 8 ) after minimax preliminary search</message>
</record>
<record>
  <date>2013-05-19T16:20:15</date>
  <millis>1369005615354</millis>
  <sequence>108</sequence>
  <logger>game1369005553199</logger>
  <level>INFO</level>
  <class>org.ggp.base.player.gamer.statemachine.PlatypusPlayer.PlatypusPlayer</class>
  <method>stateMachineSelectMove</method>
  <thread>11</thread>
  <message>--------Best Move after Minimiax--------</message>
</record>
<record>
  <date>2013-05-19T16:20:15</date>
  <millis>1369005615355</millis>
  <sequence>109</sequence>
  <logger>game1369005553199</logger>
  <level>INFO</level>
  <class>org.ggp.base.player.gamer.statemachine.PlatypusPlayer.PlatypusPlayer</class>
  <method>stateMachineSelectMove</method>
  <thread>11</thread>
  <message>Sure move is ( a 8 )</message>
</record>
<record>
  <date>2013-05-19T16:20:15</date>
  <millis>1369005615355</millis>
  <sequence>110</sequence>
  <logger>game1369005553199</logger>
  <level>INFO</level>
  <class>org.ggp.base.player.gamer.statemachine.PlatypusPlayer.PlatypusPlayer</class>
  <method>stateMachineSelectMove</method>
  <thread>11</thread>
  <message>with the sure score of 0.0</message>
</record>
<record>
  <date>2013-05-19T16:20:15</date>
  <millis>1369005615356</millis>
  <sequence>111</sequence>
  <logger>game1369005553199</logger>
  <level>INFO</level>
  <class>org.ggp.base.player.gamer.statemachine.PlatypusPlayer.PlatypusPlayer</class>
  <method>stateMachineSelectMove</method>
  <thread>11</thread>
  <message>Game solved!</message>
</record>
<record>
  <date>2013-05-19T16:20:15</date>
  <millis>1369005615356</millis>
  <sequence>112</sequence>
  <logger>game1369005553199</logger>
  <level>INFO</level>
  <class>org.ggp.base.player.gamer.statemachine.PlatypusPlayer.PlatypusPlayer</class>
  <method>stateMachineSelectMove</method>
  <thread>11</thread>
  <message>Choosing move ( a 8 ) after minimax preliminary search</message>
</record>
<record>
  <date>2013-05-19T16:20:18</date>
  <millis>1369005618885</millis>
  <sequence>113</sequence>
  <logger>game1369005553199</logger>
  <level>INFO</level>
  <class>org.ggp.base.player.gamer.statemachine.PlatypusPlayer.PlatypusPlayer</class>
  <method>stateMachineSelectMove</method>
  <thread>11</thread>
  <message>--------Best Move after Minimiax--------</message>
</record>
<record>
  <date>2013-05-19T16:20:18</date>
  <millis>1369005618886</millis>
  <sequence>114</sequence>
  <logger>game1369005553199</logger>
  <level>INFO</level>
  <class>org.ggp.base.player.gamer.statemachine.PlatypusPlayer.PlatypusPlayer</class>
  <method>stateMachineSelectMove</method>
  <thread>11</thread>
  <message>Sure move is ( a 8 )</message>
</record>
<record>
  <date>2013-05-19T16:20:18</date>
  <millis>1369005618886</millis>
  <sequence>115</sequence>
  <logger>game1369005553199</logger>
  <level>INFO</level>
  <class>org.ggp.base.player.gamer.statemachine.PlatypusPlayer.PlatypusPlayer</class>
  <method>stateMachineSelectMove</method>
  <thread>11</thread>
  <message>with the sure score of 0.0</message>
</record>
<record>
  <date>2013-05-19T16:20:18</date>
  <millis>1369005618887</millis>
  <sequence>116</sequence>
  <logger>game1369005553199</logger>
  <level>INFO</level>
  <class>org.ggp.base.player.gamer.statemachine.PlatypusPlayer.PlatypusPlayer</class>
  <method>stateMachineSelectMove</method>
  <thread>11</thread>
  <message>Game solved!</message>
</record>
<record>
  <date>2013-05-19T16:20:18</date>
  <millis>1369005618887</millis>
  <sequence>117</sequence>
  <logger>game1369005553199</logger>
  <level>INFO</level>
  <class>org.ggp.base.player.gamer.statemachine.PlatypusPlayer.PlatypusPlayer</class>
  <method>stateMachineSelectMove</method>
  <thread>11</thread>
  <message>Choosing move ( a 8 ) after minimax preliminary search</message>
</record>
</log>
