<?xml version="1.0" encoding="UTF-8" standalone="no"?>
<!DOCTYPE log SYSTEM "logger.dtd">
<log>
<record>
  <date>2013-05-29T02:16:03</date>
  <millis>1369818963272</millis>
  <sequence>0</sequence>
  <logger>game1369818963269</logger>
  <level>INFO</level>
  <class>platypus.logging.PlatypusLogger</class>
  <method>getLogger</method>
  <thread>10</thread>
  <message>Added FileHandler to Logger</message>
</record>
<record>
  <date>2013-05-29T02:16:23</date>
  <millis>1369818983713</millis>
  <sequence>2</sequence>
  <logger>game1369818963269</logger>
  <level>INFO</level>
  <class>org.ggp.base.player.gamer.statemachine.PlatypusPlayer.PlatypusPlayer</class>
  <method>stateMachineSelectMove</method>
  <thread>11</thread>
  <message>--------Best Move after Minimiax--------</message>
</record>
<record>
  <date>2013-05-29T02:16:23</date>
  <millis>1369818983714</millis>
  <sequence>3</sequence>
  <logger>game1369818963269</logger>
  <level>INFO</level>
  <class>org.ggp.base.player.gamer.statemachine.PlatypusPlayer.PlatypusPlayer</class>
  <method>stateMachineSelectMove</method>
  <thread>11</thread>
  <message>Sure move is ( drop 8 )</message>
</record>
<record>
  <date>2013-05-29T02:16:23</date>
  <millis>1369818983714</millis>
  <sequence>4</sequence>
  <logger>game1369818963269</logger>
  <level>INFO</level>
  <class>org.ggp.base.player.gamer.statemachine.PlatypusPlayer.PlatypusPlayer</class>
  <method>stateMachineSelectMove</method>
  <thread>11</thread>
  <message>with the sure score of 0.0</message>
</record>
<record>
  <date>2013-05-29T02:16:23</date>
  <millis>1369818983714</millis>
  <sequence>5</sequence>
  <logger>game1369818963269</logger>
  <level>INFO</level>
  <class>org.ggp.base.player.gamer.statemachine.PlatypusPlayer.PlatypusPlayer</class>
  <method>stateMachineSelectMove</method>
  <thread>11</thread>
  <message>Starting Monte Carlo</message>
</record>
<record>
  <date>2013-05-29T02:16:23</date>
  <millis>1369818983714</millis>
  <sequence>6</sequence>
  <logger>game1369818963269</logger>
  <level>INFO</level>
  <class>org.ggp.base.player.gamer.statemachine.PlatypusPlayer.PlatypusPlayer</class>
  <method>stateMachineSelectMove</method>
  <thread>11</thread>
  <message>PAUSING PLATYPUS FOR 9481</message>
</record>
<record>
  <date>2013-05-29T02:16:34</date>
  <millis>1369818994196</millis>
  <sequence>7</sequence>
  <logger>game1369818963269</logger>
  <level>INFO</level>
  <class>org.ggp.base.player.gamer.statemachine.PlatypusPlayer.PlatypusPlayer</class>
  <method>stateMachineSelectMove</method>
  <thread>11</thread>
  <message>--------Best Move after Monte Carlo--------</message>
</record>
<record>
  <date>2013-05-29T02:16:34</date>
  <millis>1369818994196</millis>
  <sequence>8</sequence>
  <logger>game1369818963269</logger>
  <level>INFO</level>
  <class>org.ggp.base.player.gamer.statemachine.PlatypusPlayer.PlatypusPlayer</class>
  <method>stateMachineSelectMove</method>
  <thread>11</thread>
  <message>CHOSE RANDOM</message>
</record>
<record>
  <date>2013-05-29T02:16:34</date>
  <millis>1369818994197</millis>
  <sequence>9</sequence>
  <logger>game1369818963269</logger>
  <level>INFO</level>
  <class>org.ggp.base.player.gamer.statemachine.PlatypusPlayer.PlatypusPlayer</class>
  <method>stateMachineSelectMove</method>
  <thread>11</thread>
  <message>best move: ( drop 1 )</message>
</record>
</log>
