<?xml version="1.0" encoding="UTF-8" standalone="no"?>
<!DOCTYPE log SYSTEM "logger.dtd">
<log>
<record>
  <date>2013-05-27T22:56:16</date>
  <millis>1369720576047</millis>
  <sequence>0</sequence>
  <logger>game1369720576044</logger>
  <level>INFO</level>
  <class>platypus.logging.PlatypusLogger</class>
  <method>getLogger</method>
  <thread>10</thread>
  <message>Added FileHandler to Logger</message>
</record>
<record>
  <date>2013-05-27T22:56:54</date>
  <millis>1369720614333</millis>
  <sequence>17</sequence>
  <logger>game1369720576044</logger>
  <level>INFO</level>
  <class>org.ggp.base.player.gamer.statemachine.PlatypusPlayer.PlatypusPlayer</class>
  <method>stateMachineSelectMove</method>
  <thread>13</thread>
  <message>--------Best Move after Minimiax--------</message>
</record>
<record>
  <date>2013-05-27T22:56:54</date>
  <millis>1369720614333</millis>
  <sequence>18</sequence>
  <logger>game1369720576044</logger>
  <level>INFO</level>
  <class>org.ggp.base.player.gamer.statemachine.PlatypusPlayer.PlatypusPlayer</class>
  <method>stateMachineSelectMove</method>
  <thread>13</thread>
  <message>Sure move is ( drop 7 )</message>
</record>
<record>
  <date>2013-05-27T22:56:54</date>
  <millis>1369720614334</millis>
  <sequence>19</sequence>
  <logger>game1369720576044</logger>
  <level>INFO</level>
  <class>org.ggp.base.player.gamer.statemachine.PlatypusPlayer.PlatypusPlayer</class>
  <method>stateMachineSelectMove</method>
  <thread>13</thread>
  <message>with the sure score of 0.0</message>
</record>
<record>
  <date>2013-05-27T22:56:54</date>
  <millis>1369720614334</millis>
  <sequence>20</sequence>
  <logger>game1369720576044</logger>
  <level>INFO</level>
  <class>org.ggp.base.player.gamer.statemachine.PlatypusPlayer.PlatypusPlayer</class>
  <method>stateMachineSelectMove</method>
  <thread>13</thread>
  <message>Starting Monte Carlo</message>
</record>
<record>
  <date>2013-05-27T22:56:54</date>
  <millis>1369720614334</millis>
  <sequence>21</sequence>
  <logger>game1369720576044</logger>
  <level>INFO</level>
  <class>org.ggp.base.player.gamer.statemachine.PlatypusPlayer.PlatypusPlayer</class>
  <method>stateMachineSelectMove</method>
  <thread>13</thread>
  <message>PAUSING PLATYPUS FOR 9495</message>
</record>
<record>
  <date>2013-05-27T22:57:04</date>
  <millis>1369720624829</millis>
  <sequence>22</sequence>
  <logger>game1369720576044</logger>
  <level>INFO</level>
  <class>org.ggp.base.player.gamer.statemachine.PlatypusPlayer.PlatypusPlayer</class>
  <method>stateMachineSelectMove</method>
  <thread>13</thread>
  <message>--------Best Move after Monte Carlo--------</message>
</record>
<record>
  <date>2013-05-27T22:57:04</date>
  <millis>1369720624830</millis>
  <sequence>23</sequence>
  <logger>game1369720576044</logger>
  <level>INFO</level>
  <class>org.ggp.base.player.gamer.statemachine.PlatypusPlayer.PlatypusPlayer</class>
  <method>stateMachineSelectMove</method>
  <thread>13</thread>
  <message>CHOSE RANDOM</message>
</record>
<record>
  <date>2013-05-27T22:57:04</date>
  <millis>1369720624831</millis>
  <sequence>24</sequence>
  <logger>game1369720576044</logger>
  <level>INFO</level>
  <class>org.ggp.base.player.gamer.statemachine.PlatypusPlayer.PlatypusPlayer</class>
  <method>stateMachineSelectMove</method>
  <thread>13</thread>
  <message>best move: ( drop 1 )</message>
</record>
<record>
  <date>2013-05-27T22:57:20</date>
  <millis>1369720640362</millis>
  <sequence>40</sequence>
  <logger>game1369720576044</logger>
  <level>INFO</level>
  <class>org.ggp.base.player.gamer.statemachine.PlatypusPlayer.PlatypusPlayer</class>
  <method>stateMachineSelectMove</method>
  <thread>13</thread>
  <message>--------Best Move after Minimiax--------</message>
</record>
<record>
  <date>2013-05-27T22:57:20</date>
  <millis>1369720640362</millis>
  <sequence>41</sequence>
  <logger>game1369720576044</logger>
  <level>INFO</level>
  <class>org.ggp.base.player.gamer.statemachine.PlatypusPlayer.PlatypusPlayer</class>
  <method>stateMachineSelectMove</method>
  <thread>13</thread>
  <message>Sure move is ( drop 7 )</message>
</record>
<record>
  <date>2013-05-27T22:57:20</date>
  <millis>1369720640362</millis>
  <sequence>42</sequence>
  <logger>game1369720576044</logger>
  <level>INFO</level>
  <class>org.ggp.base.player.gamer.statemachine.PlatypusPlayer.PlatypusPlayer</class>
  <method>stateMachineSelectMove</method>
  <thread>13</thread>
  <message>with the sure score of 0.0</message>
</record>
<record>
  <date>2013-05-27T22:57:20</date>
  <millis>1369720640362</millis>
  <sequence>43</sequence>
  <logger>game1369720576044</logger>
  <level>INFO</level>
  <class>org.ggp.base.player.gamer.statemachine.PlatypusPlayer.PlatypusPlayer</class>
  <method>stateMachineSelectMove</method>
  <thread>13</thread>
  <message>Starting Monte Carlo</message>
</record>
<record>
  <date>2013-05-27T22:57:20</date>
  <millis>1369720640363</millis>
  <sequence>44</sequence>
  <logger>game1369720576044</logger>
  <level>INFO</level>
  <class>org.ggp.base.player.gamer.statemachine.PlatypusPlayer.PlatypusPlayer</class>
  <method>stateMachineSelectMove</method>
  <thread>13</thread>
  <message>PAUSING PLATYPUS FOR 9494</message>
</record>
<record>
  <date>2013-05-27T22:57:30</date>
  <millis>1369720650857</millis>
  <sequence>45</sequence>
  <logger>game1369720576044</logger>
  <level>INFO</level>
  <class>org.ggp.base.player.gamer.statemachine.PlatypusPlayer.PlatypusPlayer</class>
  <method>stateMachineSelectMove</method>
  <thread>13</thread>
  <message>--------Best Move after Monte Carlo--------</message>
</record>
<record>
  <date>2013-05-27T22:57:30</date>
  <millis>1369720650858</millis>
  <sequence>46</sequence>
  <logger>game1369720576044</logger>
  <level>INFO</level>
  <class>org.ggp.base.player.gamer.statemachine.PlatypusPlayer.PlatypusPlayer</class>
  <method>stateMachineSelectMove</method>
  <thread>13</thread>
  <message>CHOSE RANDOM</message>
</record>
<record>
  <date>2013-05-27T22:57:30</date>
  <millis>1369720650858</millis>
  <sequence>47</sequence>
  <logger>game1369720576044</logger>
  <level>INFO</level>
  <class>org.ggp.base.player.gamer.statemachine.PlatypusPlayer.PlatypusPlayer</class>
  <method>stateMachineSelectMove</method>
  <thread>13</thread>
  <message>best move: ( drop 3 )</message>
</record>
<record>
  <date>2013-05-27T22:57:46</date>
  <millis>1369720666402</millis>
  <sequence>63</sequence>
  <logger>game1369720576044</logger>
  <level>INFO</level>
  <class>org.ggp.base.player.gamer.statemachine.PlatypusPlayer.PlatypusPlayer</class>
  <method>stateMachineSelectMove</method>
  <thread>13</thread>
  <message>--------Best Move after Minimiax--------</message>
</record>
<record>
  <date>2013-05-27T22:57:46</date>
  <millis>1369720666402</millis>
  <sequence>64</sequence>
  <logger>game1369720576044</logger>
  <level>INFO</level>
  <class>org.ggp.base.player.gamer.statemachine.PlatypusPlayer.PlatypusPlayer</class>
  <method>stateMachineSelectMove</method>
  <thread>13</thread>
  <message>Sure move is ( drop 7 )</message>
</record>
<record>
  <date>2013-05-27T22:57:46</date>
  <millis>1369720666402</millis>
  <sequence>65</sequence>
  <logger>game1369720576044</logger>
  <level>INFO</level>
  <class>org.ggp.base.player.gamer.statemachine.PlatypusPlayer.PlatypusPlayer</class>
  <method>stateMachineSelectMove</method>
  <thread>13</thread>
  <message>with the sure score of 0.0</message>
</record>
<record>
  <date>2013-05-27T22:57:46</date>
  <millis>1369720666403</millis>
  <sequence>66</sequence>
  <logger>game1369720576044</logger>
  <level>INFO</level>
  <class>org.ggp.base.player.gamer.statemachine.PlatypusPlayer.PlatypusPlayer</class>
  <method>stateMachineSelectMove</method>
  <thread>13</thread>
  <message>Starting Monte Carlo</message>
</record>
<record>
  <date>2013-05-27T22:57:46</date>
  <millis>1369720666403</millis>
  <sequence>67</sequence>
  <logger>game1369720576044</logger>
  <level>INFO</level>
  <class>org.ggp.base.player.gamer.statemachine.PlatypusPlayer.PlatypusPlayer</class>
  <method>stateMachineSelectMove</method>
  <thread>13</thread>
  <message>PAUSING PLATYPUS FOR 9493</message>
</record>
<record>
  <date>2013-05-27T22:57:56</date>
  <millis>1369720676896</millis>
  <sequence>68</sequence>
  <logger>game1369720576044</logger>
  <level>INFO</level>
  <class>org.ggp.base.player.gamer.statemachine.PlatypusPlayer.PlatypusPlayer</class>
  <method>stateMachineSelectMove</method>
  <thread>13</thread>
  <message>--------Best Move after Monte Carlo--------</message>
</record>
<record>
  <date>2013-05-27T22:57:56</date>
  <millis>1369720676897</millis>
  <sequence>69</sequence>
  <logger>game1369720576044</logger>
  <level>INFO</level>
  <class>org.ggp.base.player.gamer.statemachine.PlatypusPlayer.PlatypusPlayer</class>
  <method>stateMachineSelectMove</method>
  <thread>13</thread>
  <message>CHOSE RANDOM</message>
</record>
<record>
  <date>2013-05-27T22:57:56</date>
  <millis>1369720676897</millis>
  <sequence>70</sequence>
  <logger>game1369720576044</logger>
  <level>INFO</level>
  <class>org.ggp.base.player.gamer.statemachine.PlatypusPlayer.PlatypusPlayer</class>
  <method>stateMachineSelectMove</method>
  <thread>13</thread>
  <message>best move: ( drop 3 )</message>
</record>
</log>
