<?xml version="1.0" encoding="UTF-8" standalone="no"?>
<!DOCTYPE log SYSTEM "logger.dtd">
<log>
<record>
  <date>2013-05-27T22:48:48</date>
  <millis>1369720128896</millis>
  <sequence>0</sequence>
  <logger>game1369720128893</logger>
  <level>INFO</level>
  <class>platypus.logging.PlatypusLogger</class>
  <method>getLogger</method>
  <thread>10</thread>
  <message>Added FileHandler to Logger</message>
</record>
<record>
  <date>2013-05-27T22:49:24</date>
  <millis>1369720164521</millis>
  <sequence>17</sequence>
  <logger>game1369720128893</logger>
  <level>INFO</level>
  <class>org.ggp.base.player.gamer.statemachine.PlatypusPlayer.PlatypusPlayer</class>
  <method>stateMachineSelectMove</method>
  <thread>13</thread>
  <message>--------Best Move after Minimiax--------</message>
</record>
<record>
  <date>2013-05-27T22:49:24</date>
  <millis>1369720164521</millis>
  <sequence>18</sequence>
  <logger>game1369720128893</logger>
  <level>INFO</level>
  <class>org.ggp.base.player.gamer.statemachine.PlatypusPlayer.PlatypusPlayer</class>
  <method>stateMachineSelectMove</method>
  <thread>13</thread>
  <message>Sure move is ( drop 1 )</message>
</record>
<record>
  <date>2013-05-27T22:49:24</date>
  <millis>1369720164521</millis>
  <sequence>19</sequence>
  <logger>game1369720128893</logger>
  <level>INFO</level>
  <class>org.ggp.base.player.gamer.statemachine.PlatypusPlayer.PlatypusPlayer</class>
  <method>stateMachineSelectMove</method>
  <thread>13</thread>
  <message>with the sure score of 0.0</message>
</record>
<record>
  <date>2013-05-27T22:49:24</date>
  <millis>1369720164521</millis>
  <sequence>20</sequence>
  <logger>game1369720128893</logger>
  <level>INFO</level>
  <class>org.ggp.base.player.gamer.statemachine.PlatypusPlayer.PlatypusPlayer</class>
  <method>stateMachineSelectMove</method>
  <thread>13</thread>
  <message>Starting Monte Carlo</message>
</record>
<record>
  <date>2013-05-27T22:49:24</date>
  <millis>1369720164521</millis>
  <sequence>21</sequence>
  <logger>game1369720128893</logger>
  <level>INFO</level>
  <class>org.ggp.base.player.gamer.statemachine.PlatypusPlayer.PlatypusPlayer</class>
  <method>stateMachineSelectMove</method>
  <thread>13</thread>
  <message>PAUSING PLATYPUS FOR 9494</message>
</record>
<record>
  <date>2013-05-27T22:49:35</date>
  <millis>1369720175016</millis>
  <sequence>22</sequence>
  <logger>game1369720128893</logger>
  <level>INFO</level>
  <class>org.ggp.base.player.gamer.statemachine.PlatypusPlayer.PlatypusPlayer</class>
  <method>stateMachineSelectMove</method>
  <thread>13</thread>
  <message>--------Best Move after Monte Carlo--------</message>
</record>
<record>
  <date>2013-05-27T22:49:35</date>
  <millis>1369720175017</millis>
  <sequence>23</sequence>
  <logger>game1369720128893</logger>
  <level>INFO</level>
  <class>org.ggp.base.player.gamer.statemachine.PlatypusPlayer.PlatypusPlayer</class>
  <method>stateMachineSelectMove</method>
  <thread>13</thread>
  <message>CHOSE RANDOM</message>
</record>
<record>
  <date>2013-05-27T22:49:35</date>
  <millis>1369720175017</millis>
  <sequence>24</sequence>
  <logger>game1369720128893</logger>
  <level>INFO</level>
  <class>org.ggp.base.player.gamer.statemachine.PlatypusPlayer.PlatypusPlayer</class>
  <method>stateMachineSelectMove</method>
  <thread>13</thread>
  <message>best move: ( drop 4 )</message>
</record>
<record>
  <date>2013-05-27T22:49:50</date>
  <millis>1369720190549</millis>
  <sequence>40</sequence>
  <logger>game1369720128893</logger>
  <level>INFO</level>
  <class>org.ggp.base.player.gamer.statemachine.PlatypusPlayer.PlatypusPlayer</class>
  <method>stateMachineSelectMove</method>
  <thread>13</thread>
  <message>--------Best Move after Minimiax--------</message>
</record>
<record>
  <date>2013-05-27T22:49:50</date>
  <millis>1369720190549</millis>
  <sequence>41</sequence>
  <logger>game1369720128893</logger>
  <level>INFO</level>
  <class>org.ggp.base.player.gamer.statemachine.PlatypusPlayer.PlatypusPlayer</class>
  <method>stateMachineSelectMove</method>
  <thread>13</thread>
  <message>Sure move is ( drop 1 )</message>
</record>
<record>
  <date>2013-05-27T22:49:50</date>
  <millis>1369720190550</millis>
  <sequence>42</sequence>
  <logger>game1369720128893</logger>
  <level>INFO</level>
  <class>org.ggp.base.player.gamer.statemachine.PlatypusPlayer.PlatypusPlayer</class>
  <method>stateMachineSelectMove</method>
  <thread>13</thread>
  <message>with the sure score of 0.0</message>
</record>
<record>
  <date>2013-05-27T22:49:50</date>
  <millis>1369720190550</millis>
  <sequence>43</sequence>
  <logger>game1369720128893</logger>
  <level>INFO</level>
  <class>org.ggp.base.player.gamer.statemachine.PlatypusPlayer.PlatypusPlayer</class>
  <method>stateMachineSelectMove</method>
  <thread>13</thread>
  <message>Starting Monte Carlo</message>
</record>
<record>
  <date>2013-05-27T22:49:50</date>
  <millis>1369720190550</millis>
  <sequence>44</sequence>
  <logger>game1369720128893</logger>
  <level>INFO</level>
  <class>org.ggp.base.player.gamer.statemachine.PlatypusPlayer.PlatypusPlayer</class>
  <method>stateMachineSelectMove</method>
  <thread>13</thread>
  <message>PAUSING PLATYPUS FOR 9496</message>
</record>
<record>
  <date>2013-05-27T22:50:01</date>
  <millis>1369720201046</millis>
  <sequence>45</sequence>
  <logger>game1369720128893</logger>
  <level>INFO</level>
  <class>org.ggp.base.player.gamer.statemachine.PlatypusPlayer.PlatypusPlayer</class>
  <method>stateMachineSelectMove</method>
  <thread>13</thread>
  <message>--------Best Move after Monte Carlo--------</message>
</record>
<record>
  <date>2013-05-27T22:50:01</date>
  <millis>1369720201047</millis>
  <sequence>46</sequence>
  <logger>game1369720128893</logger>
  <level>INFO</level>
  <class>org.ggp.base.player.gamer.statemachine.PlatypusPlayer.PlatypusPlayer</class>
  <method>stateMachineSelectMove</method>
  <thread>13</thread>
  <message>CHOSE RANDOM</message>
</record>
<record>
  <date>2013-05-27T22:50:01</date>
  <millis>1369720201047</millis>
  <sequence>47</sequence>
  <logger>game1369720128893</logger>
  <level>INFO</level>
  <class>org.ggp.base.player.gamer.statemachine.PlatypusPlayer.PlatypusPlayer</class>
  <method>stateMachineSelectMove</method>
  <thread>13</thread>
  <message>best move: ( drop 3 )</message>
</record>
<record>
  <date>2013-05-27T22:50:16</date>
  <millis>1369720216583</millis>
  <sequence>63</sequence>
  <logger>game1369720128893</logger>
  <level>INFO</level>
  <class>org.ggp.base.player.gamer.statemachine.PlatypusPlayer.PlatypusPlayer</class>
  <method>stateMachineSelectMove</method>
  <thread>13</thread>
  <message>--------Best Move after Minimiax--------</message>
</record>
<record>
  <date>2013-05-27T22:50:16</date>
  <millis>1369720216583</millis>
  <sequence>64</sequence>
  <logger>game1369720128893</logger>
  <level>INFO</level>
  <class>org.ggp.base.player.gamer.statemachine.PlatypusPlayer.PlatypusPlayer</class>
  <method>stateMachineSelectMove</method>
  <thread>13</thread>
  <message>Sure move is ( drop 1 )</message>
</record>
<record>
  <date>2013-05-27T22:50:16</date>
  <millis>1369720216583</millis>
  <sequence>65</sequence>
  <logger>game1369720128893</logger>
  <level>INFO</level>
  <class>org.ggp.base.player.gamer.statemachine.PlatypusPlayer.PlatypusPlayer</class>
  <method>stateMachineSelectMove</method>
  <thread>13</thread>
  <message>with the sure score of 0.0</message>
</record>
<record>
  <date>2013-05-27T22:50:16</date>
  <millis>1369720216584</millis>
  <sequence>66</sequence>
  <logger>game1369720128893</logger>
  <level>INFO</level>
  <class>org.ggp.base.player.gamer.statemachine.PlatypusPlayer.PlatypusPlayer</class>
  <method>stateMachineSelectMove</method>
  <thread>13</thread>
  <message>Starting Monte Carlo</message>
</record>
<record>
  <date>2013-05-27T22:50:16</date>
  <millis>1369720216584</millis>
  <sequence>67</sequence>
  <logger>game1369720128893</logger>
  <level>INFO</level>
  <class>org.ggp.base.player.gamer.statemachine.PlatypusPlayer.PlatypusPlayer</class>
  <method>stateMachineSelectMove</method>
  <thread>13</thread>
  <message>PAUSING PLATYPUS FOR 9492</message>
</record>
<record>
  <date>2013-05-27T22:50:27</date>
  <millis>1369720227076</millis>
  <sequence>68</sequence>
  <logger>game1369720128893</logger>
  <level>INFO</level>
  <class>org.ggp.base.player.gamer.statemachine.PlatypusPlayer.PlatypusPlayer</class>
  <method>stateMachineSelectMove</method>
  <thread>13</thread>
  <message>--------Best Move after Monte Carlo--------</message>
</record>
<record>
  <date>2013-05-27T22:50:27</date>
  <millis>1369720227077</millis>
  <sequence>69</sequence>
  <logger>game1369720128893</logger>
  <level>INFO</level>
  <class>org.ggp.base.player.gamer.statemachine.PlatypusPlayer.PlatypusPlayer</class>
  <method>stateMachineSelectMove</method>
  <thread>13</thread>
  <message>CHOSE RANDOM</message>
</record>
<record>
  <date>2013-05-27T22:50:27</date>
  <millis>1369720227077</millis>
  <sequence>70</sequence>
  <logger>game1369720128893</logger>
  <level>INFO</level>
  <class>org.ggp.base.player.gamer.statemachine.PlatypusPlayer.PlatypusPlayer</class>
  <method>stateMachineSelectMove</method>
  <thread>13</thread>
  <message>best move: ( drop 6 )</message>
</record>
</log>
